26-Nov-2020 02:27:52.437 정보 [http-nio-80-exec-63] org.apache.coyote.http11.AbstractHttp11Processor.process Error parsing HTTP request header
 Note: further occurrences of HTTP header parsing errors will be logged at DEBUG level.
 java.lang.IllegalArgumentException: Invalid character found in the request target. The valid characters are defined in RFC 7230 and RFC 3986
	at org.apache.coyote.http11.AbstractNioInputBuffer.parseRequestLine(AbstractNioInputBuffer.java:287)
	at org.apache.coyote.http11.AbstractHttp11Processor.process(AbstractHttp11Processor.java:1069)
	at org.apache.coyote.AbstractProtocol$AbstractConnectionHandler.process(AbstractProtocol.java:684)
	at org.apache.tomcat.util.net.NioEndpoint$SocketProcessor.doRun(NioEndpoint.java:1539)
	at org.apache.tomcat.util.net.NioEndpoint$SocketProcessor.run(NioEndpoint.java:1495)
	at java.util.concurrent.ThreadPoolExecutor.runWorker(ThreadPoolExecutor.java:1149)
	at java.util.concurrent.ThreadPoolExecutor$Worker.run(ThreadPoolExecutor.java:624)
	at org.apache.tomcat.util.threads.TaskThread$WrappingRunnable.run(TaskThread.java:61)
	at java.lang.Thread.run(Thread.java:748)

26-Nov-2020 05:57:16.756 정보 [http-nio-8080-exec-8] org.apache.coyote.http11.AbstractHttp11Processor.process Error parsing HTTP request header
 Note: further occurrences of HTTP header parsing errors will be logged at DEBUG level.
 java.lang.IllegalArgumentException: Invalid character found in method name. HTTP method names must be tokens
	at org.apache.coyote.http11.AbstractNioInputBuffer.parseRequestLine(AbstractNioInputBuffer.java:236)
	at org.apache.coyote.http11.AbstractHttp11Processor.process(AbstractHttp11Processor.java:1069)
	at org.apache.coyote.AbstractProtocol$AbstractConnectionHandler.process(AbstractProtocol.java:684)
	at org.apache.tomcat.util.net.NioEndpoint$SocketProcessor.doRun(NioEndpoint.java:1539)
	at org.apache.tomcat.util.net.NioEndpoint$SocketProcessor.run(NioEndpoint.java:1495)
	at java.util.concurrent.ThreadPoolExecutor.runWorker(ThreadPoolExecutor.java:1149)
	at java.util.concurrent.ThreadPoolExecutor$Worker.run(ThreadPoolExecutor.java:624)
	at org.apache.tomcat.util.threads.TaskThread$WrappingRunnable.run(TaskThread.java:61)
	at java.lang.Thread.run(Thread.java:748)

26-Nov-2020 16:37:58.987 정보 [http-nio-8080-exec-8] org.apache.coyote.http11.AbstractHttp11Processor.process Error parsing HTTP request header
 Note: further occurrences of HTTP header parsing errors will be logged at DEBUG level.
 java.lang.IllegalArgumentException: Invalid character found in method name. HTTP method names must be tokens
	at org.apache.coyote.http11.AbstractNioInputBuffer.parseRequestLine(AbstractNioInputBuffer.java:236)
	at org.apache.coyote.http11.AbstractHttp11Processor.process(AbstractHttp11Processor.java:1069)
	at org.apache.coyote.AbstractProtocol$AbstractConnectionHandler.process(AbstractProtocol.java:684)
	at org.apache.tomcat.util.net.NioEndpoint$SocketProcessor.doRun(NioEndpoint.java:1539)
	at org.apache.tomcat.util.net.NioEndpoint$SocketProcessor.run(NioEndpoint.java:1495)
	at java.util.concurrent.ThreadPoolExecutor.runWorker(ThreadPoolExecutor.java:1149)
	at java.util.concurrent.ThreadPoolExecutor$Worker.run(ThreadPoolExecutor.java:624)
	at org.apache.tomcat.util.threads.TaskThread$WrappingRunnable.run(TaskThread.java:61)
	at java.lang.Thread.run(Thread.java:748)

26-Nov-2020 18:38:16.267 정보 [http-nio-8080-exec-2] org.apache.coyote.http11.AbstractHttp11Processor.process Error parsing HTTP request header
 Note: further occurrences of HTTP header parsing errors will be logged at DEBUG level.
 java.lang.IllegalArgumentException: Invalid character found in method name. HTTP method names must be tokens
	at org.apache.coyote.http11.AbstractNioInputBuffer.parseRequestLine(AbstractNioInputBuffer.java:236)
	at org.apache.coyote.http11.AbstractHttp11Processor.process(AbstractHttp11Processor.java:1069)
	at org.apache.coyote.AbstractProtocol$AbstractConnectionHandler.process(AbstractProtocol.java:684)
	at org.apache.tomcat.util.net.NioEndpoint$SocketProcessor.doRun(NioEndpoint.java:1539)
	at org.apache.tomcat.util.net.NioEndpoint$SocketProcessor.run(NioEndpoint.java:1495)
	at java.util.concurrent.ThreadPoolExecutor.runWorker(ThreadPoolExecutor.java:1149)
	at java.util.concurrent.ThreadPoolExecutor$Worker.run(ThreadPoolExecutor.java:624)
	at org.apache.tomcat.util.threads.TaskThread$WrappingRunnable.run(TaskThread.java:61)
	at java.lang.Thread.run(Thread.java:748)

26-Nov-2020 20:36:23.026 정보 [http-nio-80-exec-25] org.apache.coyote.http11.AbstractHttp11Processor.process Error parsing HTTP request header
 Note: further occurrences of HTTP header parsing errors will be logged at DEBUG level.
 java.lang.IllegalArgumentException: Invalid character found in the request target. The valid characters are defined in RFC 7230 and RFC 3986
	at org.apache.coyote.http11.AbstractNioInputBuffer.parseRequestLine(AbstractNioInputBuffer.java:287)
	at org.apache.coyote.http11.AbstractHttp11Processor.process(AbstractHttp11Processor.java:1069)
	at org.apache.coyote.AbstractProtocol$AbstractConnectionHandler.process(AbstractProtocol.java:684)
	at org.apache.tomcat.util.net.NioEndpoint$SocketProcessor.doRun(NioEndpoint.java:1539)
	at org.apache.tomcat.util.net.NioEndpoint$SocketProcessor.run(NioEndpoint.java:1495)
	at java.util.concurrent.ThreadPoolExecutor.runWorker(ThreadPoolExecutor.java:1149)
	at java.util.concurrent.ThreadPoolExecutor$Worker.run(ThreadPoolExecutor.java:624)
	at org.apache.tomcat.util.threads.TaskThread$WrappingRunnable.run(TaskThread.java:61)
	at java.lang.Thread.run(Thread.java:748)

26-Nov-2020 22:49:00.862 정보 [main] org.apache.catalina.core.StandardServer.await A valid shutdown command was received via the shutdown port. Stopping the Server instance.
26-Nov-2020 22:49:00.863 정보 [main] org.apache.coyote.AbstractProtocol.pause Pausing ProtocolHandler ["http-nio-8080"]
26-Nov-2020 22:49:00.915 정보 [main] org.apache.coyote.AbstractProtocol.pause Pausing ProtocolHandler ["http-nio-80"]
26-Nov-2020 22:49:00.966 정보 [main] org.apache.coyote.AbstractProtocol.pause Pausing ProtocolHandler ["ajp-nio-8009"]
26-Nov-2020 22:49:01.016 정보 [main] org.apache.catalina.core.StandardService.stopInternal Stopping service Catalina
26-Nov-2020 22:49:01.021 정보 [localhost-startStop-2] org.apache.catalina.core.StandardWrapper.unload Waiting for 1 instance(s) to be deallocated for Servlet [jsp]
26-Nov-2020 22:49:02.023 정보 [localhost-startStop-2] org.apache.catalina.core.StandardWrapper.unload Waiting for 1 instance(s) to be deallocated for Servlet [jsp]
26-Nov-2020 22:49:03.024 정보 [localhost-startStop-2] org.apache.catalina.core.StandardWrapper.unload Waiting for 1 instance(s) to be deallocated for Servlet [jsp]
26-Nov-2020 22:49:03.150 경고 [localhost-startStop-2] org.apache.catalina.loader.WebappClassLoaderBase.clearReferencesThreads The web application [ROOT] is still processing a request that has yet to finish. This is very likely to create a memory leak. You can control the time allowed for requests to finish by using the unloadDelay attribute of the standard Context implementation. Stack trace of request processing thread:
 java.net.SocketInputStream.socketRead0(Native Method)
 java.net.SocketInputStream.socketRead(SocketInputStream.java:116)
 java.net.SocketInputStream.read(SocketInputStream.java:171)
 java.net.SocketInputStream.read(SocketInputStream.java:141)
 com.tmax.tibero.jdbc.comm.TbStream.readNBytes(Unknown Source)
 com.tmax.tibero.jdbc.comm.TbStream.readMsg(Unknown Source)
 com.tmax.tibero.jdbc.comm.TbCommType4.fetch(Unknown Source)
 com.tmax.tibero.jdbc.driver.TbStatement.fetch(Unknown Source)
 com.tmax.tibero.jdbc.driver.TbResultSetBase.fetchRowsChunk(Unknown Source)
 com.tmax.tibero.jdbc.driver.TbResultSetBase.next(Unknown Source)
 com.tmax.tibero.jdbc.driver.TbRSFwOnly.next(Unknown Source)
 org.apache.jsp.HSPF01.HSPF02.st2.st_005fitem_005fdistb.sql.ST_005fITEM_005fDISTB_jsp._jspService(ST_005fITEM_005fDISTB_jsp.java:265)
 org.apache.jasper.runtime.HttpJspBase.service(HttpJspBase.java:70)
 javax.servlet.http.HttpServlet.service(HttpServlet.java:729)
 org.apache.jasper.servlet.JspServletWrapper.service(JspServletWrapper.java:438)
 org.apache.jasper.servlet.JspServlet.serviceJspFile(JspServlet.java:396)
 org.apache.jasper.servlet.JspServlet.service(JspServlet.java:340)
 javax.servlet.http.HttpServlet.service(HttpServlet.java:729)
 org.apache.catalina.core.ApplicationFilterChain.internalDoFilter(ApplicationFilterChain.java:292)
 org.apache.catalina.core.ApplicationFilterChain.doFilter(ApplicationFilterChain.java:207)
 org.apache.tomcat.websocket.server.WsFilter.doFilter(WsFilter.java:52)
 org.apache.catalina.core.ApplicationFilterChain.internalDoFilter(ApplicationFilterChain.java:240)
 org.apache.catalina.core.ApplicationFilterChain.doFilter(ApplicationFilterChain.java:207)
 org.apache.catalina.filters.CorsFilter.handleNonCORS(CorsFilter.java:458)
 org.apache.catalina.filters.CorsFilter.doFilter(CorsFilter.java:177)
 org.apache.catalina.core.ApplicationFilterChain.internalDoFilter(ApplicationFilterChain.java:240)
 org.apache.catalina.core.ApplicationFilterChain.doFilter(ApplicationFilterChain.java:207)
 org.apache.catalina.core.StandardWrapperValve.invoke(StandardWrapperValve.java:212)
 org.apache.catalina.core.StandardContextValve.invoke(StandardContextValve.java:94)
 org.apache.catalina.authenticator.AuthenticatorBase.invoke(AuthenticatorBase.java:496)
 org.apache.catalina.core.StandardHostValve.invoke(StandardHostValve.java:141)
 org.apache.catalina.valves.ErrorReportValve.invoke(ErrorReportValve.java:79)
 org.apache.catalina.valves.AbstractAccessLogValve.invoke(AbstractAccessLogValve.java:620)
 org.apache.catalina.core.StandardEngineValve.invoke(StandardEngineValve.java:88)
 org.apache.catalina.connector.CoyoteAdapter.service(CoyoteAdapter.java:502)
 org.apache.coyote.http11.AbstractHttp11Processor.process(AbstractHttp11Processor.java:1156)
 org.apache.coyote.AbstractProtocol$AbstractConnectionHandler.process(AbstractProtocol.java:684)
 org.apache.tomcat.util.net.NioEndpoint$SocketProcessor.doRun(NioEndpoint.java:1539)
 org.apache.tomcat.util.net.NioEndpoint$SocketProcessor.run(NioEndpoint.java:1495)
 java.util.concurrent.ThreadPoolExecutor.runWorker(ThreadPoolExecutor.java:1149)
 java.util.concurrent.ThreadPoolExecutor$Worker.run(ThreadPoolExecutor.java:624)
 org.apache.tomcat.util.threads.TaskThread$WrappingRunnable.run(TaskThread.java:61)
 java.lang.Thread.run(Thread.java:748)
26-Nov-2020 22:49:03.159 정보 [main] org.apache.coyote.AbstractProtocol.stop Stopping ProtocolHandler ["http-nio-8080"]
26-Nov-2020 22:49:03.206 정보 [main] org.apache.coyote.AbstractProtocol.stop Stopping ProtocolHandler ["http-nio-80"]
26-Nov-2020 22:49:08.304 경고 [main] org.apache.tomcat.util.net.AbstractEndpoint.shutdownExecutor The executor associated with thread pool [http-nio-80] has not fully shutdown. Some application threads may still be running.
26-Nov-2020 22:49:08.304 정보 [main] org.apache.coyote.AbstractProtocol.stop Stopping ProtocolHandler ["ajp-nio-8009"]
26-Nov-2020 22:49:08.334 정보 [main] org.apache.coyote.AbstractProtocol.destroy Destroying ProtocolHandler ["http-nio-8080"]
26-Nov-2020 22:49:08.336 정보 [main] org.apache.coyote.AbstractProtocol.destroy Destroying ProtocolHandler ["http-nio-80"]
26-Nov-2020 22:49:08.337 정보 [main] org.apache.coyote.AbstractProtocol.destroy Destroying ProtocolHandler ["ajp-nio-8009"]
26-Nov-2020 22:59:44.099 정보 [main] org.apache.catalina.startup.VersionLoggerListener.log Server version:        Apache Tomcat/8.0.52
26-Nov-2020 22:59:44.102 정보 [main] org.apache.catalina.startup.VersionLoggerListener.log Server built:          Apr 28 2018 16:24:29 UTC
26-Nov-2020 22:59:44.102 정보 [main] org.apache.catalina.startup.VersionLoggerListener.log Server number:         8.0.52.0
26-Nov-2020 22:59:44.102 정보 [main] org.apache.catalina.startup.VersionLoggerListener.log OS Name:               Linux
26-Nov-2020 22:59:44.102 정보 [main] org.apache.catalina.startup.VersionLoggerListener.log OS Version:            3.10.0-862.el7.x86_64
26-Nov-2020 22:59:44.102 정보 [main] org.apache.catalina.startup.VersionLoggerListener.log Architecture:          amd64
26-Nov-2020 22:59:44.102 정보 [main] org.apache.catalina.startup.VersionLoggerListener.log Java Home:             /usr/lib/jvm/java-1.8.0-openjdk-1.8.0.161-2.b14.el7.x86_64/jre
26-Nov-2020 22:59:44.102 정보 [main] org.apache.catalina.startup.VersionLoggerListener.log JVM Version:           1.8.0_161-b14
26-Nov-2020 22:59:44.102 정보 [main] org.apache.catalina.startup.VersionLoggerListener.log JVM Vendor:            Oracle Corporation
26-Nov-2020 22:59:44.102 정보 [main] org.apache.catalina.startup.VersionLoggerListener.log CATALINA_BASE:         /data/apache-tomcat-8.0.52
26-Nov-2020 22:59:44.102 정보 [main] org.apache.catalina.startup.VersionLoggerListener.log CATALINA_HOME:         /data/apache-tomcat-8.0.52
26-Nov-2020 22:59:44.103 정보 [main] org.apache.catalina.startup.VersionLoggerListener.log Command line argument: -Djava.util.logging.config.file=/data/apache-tomcat-8.0.52/conf/logging.properties
26-Nov-2020 22:59:44.103 정보 [main] org.apache.catalina.startup.VersionLoggerListener.log Command line argument: -Djava.util.logging.manager=org.apache.juli.ClassLoaderLogManager
26-Nov-2020 22:59:44.103 정보 [main] org.apache.catalina.startup.VersionLoggerListener.log Command line argument: -Djdk.tls.ephemeralDHKeySize=2048
26-Nov-2020 22:59:44.103 정보 [main] org.apache.catalina.startup.VersionLoggerListener.log Command line argument: -Djava.protocol.handler.pkgs=org.apache.catalina.webresources
26-Nov-2020 22:59:44.103 정보 [main] org.apache.catalina.startup.VersionLoggerListener.log Command line argument: -Dignore.endorsed.dirs=
26-Nov-2020 22:59:44.103 정보 [main] org.apache.catalina.startup.VersionLoggerListener.log Command line argument: -Dcatalina.base=/data/apache-tomcat-8.0.52
26-Nov-2020 22:59:44.103 정보 [main] org.apache.catalina.startup.VersionLoggerListener.log Command line argument: -Dcatalina.home=/data/apache-tomcat-8.0.52
26-Nov-2020 22:59:44.103 정보 [main] org.apache.catalina.startup.VersionLoggerListener.log Command line argument: -Djava.io.tmpdir=/data/apache-tomcat-8.0.52/temp
26-Nov-2020 22:59:44.103 정보 [main] org.apache.catalina.core.AprLifecycleListener.lifecycleEvent The APR based Apache Tomcat Native library which allows optimal performance in production environments was not found on the java.library.path: /usr/java/packages/lib/amd64:/usr/lib64:/lib64:/lib:/usr/lib
26-Nov-2020 22:59:44.195 정보 [main] org.apache.coyote.AbstractProtocol.init Initializing ProtocolHandler ["http-nio-8080"]
26-Nov-2020 22:59:44.205 정보 [main] org.apache.tomcat.util.net.NioSelectorPool.getSharedSelector Using a shared selector for servlet write/read
26-Nov-2020 22:59:44.206 정보 [main] org.apache.coyote.AbstractProtocol.init Initializing ProtocolHandler ["http-nio-80"]
26-Nov-2020 22:59:44.207 정보 [main] org.apache.tomcat.util.net.NioSelectorPool.getSharedSelector Using a shared selector for servlet write/read
26-Nov-2020 22:59:44.207 정보 [main] org.apache.coyote.AbstractProtocol.init Initializing ProtocolHandler ["ajp-nio-8009"]
26-Nov-2020 22:59:44.208 정보 [main] org.apache.tomcat.util.net.NioSelectorPool.getSharedSelector Using a shared selector for servlet write/read
26-Nov-2020 22:59:44.208 정보 [main] org.apache.catalina.startup.Catalina.load Initialization processed in 326 ms
26-Nov-2020 22:59:44.223 정보 [main] org.apache.catalina.core.StandardService.startInternal Starting service Catalina
26-Nov-2020 22:59:44.223 정보 [main] org.apache.catalina.core.StandardEngine.startInternal Starting Servlet Engine: Apache Tomcat/8.0.52
26-Nov-2020 22:59:44.236 정보 [localhost-startStop-1] org.apache.catalina.startup.HostConfig.deployDirectory Deploying web application directory /data/apache-tomcat-8.0.52/webapps/docs
26-Nov-2020 22:59:45.405 정보 [localhost-startStop-1] org.apache.jasper.servlet.TldScanner.scanJars At least one JAR was scanned for TLDs yet contained no TLDs. Enable debug logging for this logger for a complete list of JARs that were scanned but no TLDs were found in them. Skipping unneeded JARs during scanning can improve startup time and JSP compilation time.
26-Nov-2020 22:59:45.438 정보 [localhost-startStop-1] org.apache.catalina.startup.HostConfig.deployDirectory Deployment of web application directory /data/apache-tomcat-8.0.52/webapps/docs has finished in 1,202 ms
26-Nov-2020 22:59:45.438 정보 [localhost-startStop-1] org.apache.catalina.startup.HostConfig.deployDirectory Deploying web application directory /data/apache-tomcat-8.0.52/webapps/examples
26-Nov-2020 22:59:46.156 정보 [localhost-startStop-1] org.apache.jasper.servlet.TldScanner.scanJars At least one JAR was scanned for TLDs yet contained no TLDs. Enable debug logging for this logger for a complete list of JARs that were scanned but no TLDs were found in them. Skipping unneeded JARs during scanning can improve startup time and JSP compilation time.
26-Nov-2020 22:59:46.229 정보 [localhost-startStop-1] org.apache.catalina.startup.HostConfig.deployDirectory Deployment of web application directory /data/apache-tomcat-8.0.52/webapps/examples has finished in 791 ms
26-Nov-2020 22:59:46.229 정보 [localhost-startStop-1] org.apache.catalina.startup.HostConfig.deployDirectory Deploying web application directory /data/apache-tomcat-8.0.52/webapps/ROOT
26-Nov-2020 22:59:46.807 정보 [localhost-startStop-1] org.apache.jasper.servlet.TldScanner.scanJars At least one JAR was scanned for TLDs yet contained no TLDs. Enable debug logging for this logger for a complete list of JARs that were scanned but no TLDs were found in them. Skipping unneeded JARs during scanning can improve startup time and JSP compilation time.
26-Nov-2020 22:59:46.862 정보 [localhost-startStop-1] org.apache.catalina.startup.HostConfig.deployDirectory Deployment of web application directory /data/apache-tomcat-8.0.52/webapps/ROOT has finished in 633 ms
26-Nov-2020 22:59:46.865 정보 [main] org.apache.coyote.AbstractProtocol.start Starting ProtocolHandler ["http-nio-8080"]
26-Nov-2020 22:59:46.874 정보 [main] org.apache.coyote.AbstractProtocol.start Starting ProtocolHandler ["http-nio-80"]
26-Nov-2020 22:59:46.876 정보 [main] org.apache.coyote.AbstractProtocol.start Starting ProtocolHandler ["ajp-nio-8009"]
26-Nov-2020 22:59:46.877 정보 [main] org.apache.catalina.startup.Catalina.start Server startup in 2668 ms
