17-Jun-2020 09:09:12.076 심각 [http-nio-80-exec-4] org.apache.catalina.core.StandardWrapperValve.invoke Servlet.service() for servlet [jsp] in context with path [] threw exception [javax.servlet.ServletException: javax.crypto.BadPaddingException: Decryption error] with root cause
 javax.crypto.BadPaddingException: Decryption error
	at sun.security.rsa.RSAPadding.unpadV15(RSAPadding.java:380)
	at sun.security.rsa.RSAPadding.unpad(RSAPadding.java:291)
	at com.sun.crypto.provider.RSACipher.doFinal(RSACipher.java:363)
	at com.sun.crypto.provider.RSACipher.engineDoFinal(RSACipher.java:389)
	at javax.crypto.Cipher.doFinal(Cipher.java:2165)
	at org.apache.jsp.HSPF01.common.login.sql.loginproc_jsp.decryptRsa(loginproc_jsp.java:47)
	at org.apache.jsp.HSPF01.common.login.sql.loginproc_jsp._jspService(loginproc_jsp.java:245)
	at org.apache.jasper.runtime.HttpJspBase.service(HttpJspBase.java:70)
	at javax.servlet.http.HttpServlet.service(HttpServlet.java:729)
	at org.apache.jasper.servlet.JspServletWrapper.service(JspServletWrapper.java:438)
	at org.apache.jasper.servlet.JspServlet.serviceJspFile(JspServlet.java:396)
	at org.apache.jasper.servlet.JspServlet.service(JspServlet.java:340)
	at javax.servlet.http.HttpServlet.service(HttpServlet.java:729)
	at org.apache.catalina.core.ApplicationFilterChain.internalDoFilter(ApplicationFilterChain.java:292)
	at org.apache.catalina.core.ApplicationFilterChain.doFilter(ApplicationFilterChain.java:207)
	at org.apache.tomcat.websocket.server.WsFilter.doFilter(WsFilter.java:52)
	at org.apache.catalina.core.ApplicationFilterChain.internalDoFilter(ApplicationFilterChain.java:240)
	at org.apache.catalina.core.ApplicationFilterChain.doFilter(ApplicationFilterChain.java:207)
	at org.apache.catalina.filters.CorsFilter.handleNonCORS(CorsFilter.java:458)
	at org.apache.catalina.filters.CorsFilter.doFilter(CorsFilter.java:177)
	at org.apache.catalina.core.ApplicationFilterChain.internalDoFilter(ApplicationFilterChain.java:240)
	at org.apache.catalina.core.ApplicationFilterChain.doFilter(ApplicationFilterChain.java:207)
	at org.apache.catalina.core.StandardWrapperValve.invoke(StandardWrapperValve.java:212)
	at org.apache.catalina.core.StandardContextValve.invoke(StandardContextValve.java:94)
	at org.apache.catalina.authenticator.AuthenticatorBase.invoke(AuthenticatorBase.java:496)
	at org.apache.catalina.core.StandardHostValve.invoke(StandardHostValve.java:141)
	at org.apache.catalina.valves.ErrorReportValve.invoke(ErrorReportValve.java:79)
	at org.apache.catalina.valves.AbstractAccessLogValve.invoke(AbstractAccessLogValve.java:620)
	at org.apache.catalina.core.StandardEngineValve.invoke(StandardEngineValve.java:88)
	at org.apache.catalina.connector.CoyoteAdapter.service(CoyoteAdapter.java:502)
	at org.apache.coyote.http11.AbstractHttp11Processor.process(AbstractHttp11Processor.java:1156)
	at org.apache.coyote.AbstractProtocol$AbstractConnectionHandler.process(AbstractProtocol.java:684)
	at org.apache.tomcat.util.net.NioEndpoint$SocketProcessor.doRun(NioEndpoint.java:1539)
	at org.apache.tomcat.util.net.NioEndpoint$SocketProcessor.run(NioEndpoint.java:1495)
	at java.util.concurrent.ThreadPoolExecutor.runWorker(ThreadPoolExecutor.java:1149)
	at java.util.concurrent.ThreadPoolExecutor$Worker.run(ThreadPoolExecutor.java:624)
	at org.apache.tomcat.util.threads.TaskThread$WrappingRunnable.run(TaskThread.java:61)
	at java.lang.Thread.run(Thread.java:748)

17-Jun-2020 09:13:17.668 심각 [http-nio-80-exec-3] org.apache.catalina.core.StandardWrapperValve.invoke Servlet.service() for servlet [jsp] in context with path [] threw exception [Unable to compile class for JSP: 

An error occurred at line: 767 in the jsp file: /HSPF01/TOT/ch/m_charge_tot_hspf/sql/M_CHARGE_TOT_HSPF.jsp
Duplicate local variable anyObject
764: 			System.out.println("V_TEMP_GL_NO : " + V_TEMP_GL_NO);
765: 			if (V_TEMP_GL_NO.contains("TG")) {
766: 				/*애니링크 시작*/
767:  				JSONObject anyObject = new JSONObject();
768:  				JSONArray anyArray = new JSONArray();
769:  				JSONObject anySubObject = new JSONObject();
770: 


An error occurred at line: 768 in the jsp file: /HSPF01/TOT/ch/m_charge_tot_hspf/sql/M_CHARGE_TOT_HSPF.jsp
Duplicate local variable anyArray
765: 			if (V_TEMP_GL_NO.contains("TG")) {
766: 				/*애니링크 시작*/
767:  				JSONObject anyObject = new JSONObject();
768:  				JSONArray anyArray = new JSONArray();
769:  				JSONObject anySubObject = new JSONObject();
770: 
771:  				URL url = null;


Stacktrace:] with root cause
 org.apache.jasper.JasperException: Unable to compile class for JSP: 

An error occurred at line: 767 in the jsp file: /HSPF01/TOT/ch/m_charge_tot_hspf/sql/M_CHARGE_TOT_HSPF.jsp
Duplicate local variable anyObject
764: 			System.out.println("V_TEMP_GL_NO : " + V_TEMP_GL_NO);
765: 			if (V_TEMP_GL_NO.contains("TG")) {
766: 				/*애니링크 시작*/
767:  				JSONObject anyObject = new JSONObject();
768:  				JSONArray anyArray = new JSONArray();
769:  				JSONObject anySubObject = new JSONObject();
770: 


An error occurred at line: 768 in the jsp file: /HSPF01/TOT/ch/m_charge_tot_hspf/sql/M_CHARGE_TOT_HSPF.jsp
Duplicate local variable anyArray
765: 			if (V_TEMP_GL_NO.contains("TG")) {
766: 				/*애니링크 시작*/
767:  				JSONObject anyObject = new JSONObject();
768:  				JSONArray anyArray = new JSONArray();
769:  				JSONObject anySubObject = new JSONObject();
770: 
771:  				URL url = null;


Stacktrace:
	at org.apache.jasper.compiler.DefaultErrorHandler.javacError(DefaultErrorHandler.java:102)
	at org.apache.jasper.compiler.ErrorDispatcher.javacError(ErrorDispatcher.java:198)
	at org.apache.jasper.compiler.JDTCompiler.generateClass(JDTCompiler.java:495)
	at org.apache.jasper.compiler.Compiler.compile(Compiler.java:363)
	at org.apache.jasper.compiler.Compiler.compile(Compiler.java:338)
	at org.apache.jasper.compiler.Compiler.compile(Compiler.java:325)
	at org.apache.jasper.JspCompilationContext.compile(JspCompilationContext.java:580)
	at org.apache.jasper.servlet.JspServletWrapper.service(JspServletWrapper.java:363)
	at org.apache.jasper.servlet.JspServlet.serviceJspFile(JspServlet.java:396)
	at org.apache.jasper.servlet.JspServlet.service(JspServlet.java:340)
	at javax.servlet.http.HttpServlet.service(HttpServlet.java:729)
	at org.apache.catalina.core.ApplicationFilterChain.internalDoFilter(ApplicationFilterChain.java:292)
	at org.apache.catalina.core.ApplicationFilterChain.doFilter(ApplicationFilterChain.java:207)
	at org.apache.tomcat.websocket.server.WsFilter.doFilter(WsFilter.java:52)
	at org.apache.catalina.core.ApplicationFilterChain.internalDoFilter(ApplicationFilterChain.java:240)
	at org.apache.catalina.core.ApplicationFilterChain.doFilter(ApplicationFilterChain.java:207)
	at org.apache.catalina.filters.CorsFilter.handleNonCORS(CorsFilter.java:458)
	at org.apache.catalina.filters.CorsFilter.doFilter(CorsFilter.java:177)
	at org.apache.catalina.core.ApplicationFilterChain.internalDoFilter(ApplicationFilterChain.java:240)
	at org.apache.catalina.core.ApplicationFilterChain.doFilter(ApplicationFilterChain.java:207)
	at org.apache.catalina.core.StandardWrapperValve.invoke(StandardWrapperValve.java:212)
	at org.apache.catalina.core.StandardContextValve.invoke(StandardContextValve.java:94)
	at org.apache.catalina.authenticator.AuthenticatorBase.invoke(AuthenticatorBase.java:496)
	at org.apache.catalina.core.StandardHostValve.invoke(StandardHostValve.java:141)
	at org.apache.catalina.valves.ErrorReportValve.invoke(ErrorReportValve.java:79)
	at org.apache.catalina.valves.AbstractAccessLogValve.invoke(AbstractAccessLogValve.java:620)
	at org.apache.catalina.core.StandardEngineValve.invoke(StandardEngineValve.java:88)
	at org.apache.catalina.connector.CoyoteAdapter.service(CoyoteAdapter.java:502)
	at org.apache.coyote.http11.AbstractHttp11Processor.process(AbstractHttp11Processor.java:1156)
	at org.apache.coyote.AbstractProtocol$AbstractConnectionHandler.process(AbstractProtocol.java:684)
	at org.apache.tomcat.util.net.NioEndpoint$SocketProcessor.doRun(NioEndpoint.java:1539)
	at org.apache.tomcat.util.net.NioEndpoint$SocketProcessor.run(NioEndpoint.java:1495)
	at java.util.concurrent.ThreadPoolExecutor.runWorker(ThreadPoolExecutor.java:1149)
	at java.util.concurrent.ThreadPoolExecutor$Worker.run(ThreadPoolExecutor.java:624)
	at org.apache.tomcat.util.threads.TaskThread$WrappingRunnable.run(TaskThread.java:61)
	at java.lang.Thread.run(Thread.java:748)

17-Jun-2020 09:13:24.147 심각 [http-nio-80-exec-16] org.apache.catalina.core.StandardWrapperValve.invoke Servlet.service() for servlet [jsp] in context with path [] threw exception [Unable to compile class for JSP: 

An error occurred at line: 767 in the jsp file: /HSPF01/TOT/ch/m_charge_tot_hspf/sql/M_CHARGE_TOT_HSPF.jsp
Duplicate local variable anyObject
764: 			System.out.println("V_TEMP_GL_NO : " + V_TEMP_GL_NO);
765: 			if (V_TEMP_GL_NO.contains("TG")) {
766: 				/*애니링크 시작*/
767:  				JSONObject anyObject = new JSONObject();
768:  				JSONArray anyArray = new JSONArray();
769:  				JSONObject anySubObject = new JSONObject();
770: 


An error occurred at line: 768 in the jsp file: /HSPF01/TOT/ch/m_charge_tot_hspf/sql/M_CHARGE_TOT_HSPF.jsp
Duplicate local variable anyArray
765: 			if (V_TEMP_GL_NO.contains("TG")) {
766: 				/*애니링크 시작*/
767:  				JSONObject anyObject = new JSONObject();
768:  				JSONArray anyArray = new JSONArray();
769:  				JSONObject anySubObject = new JSONObject();
770: 
771:  				URL url = null;


Stacktrace:] with root cause
 org.apache.jasper.JasperException: Unable to compile class for JSP: 

An error occurred at line: 767 in the jsp file: /HSPF01/TOT/ch/m_charge_tot_hspf/sql/M_CHARGE_TOT_HSPF.jsp
Duplicate local variable anyObject
764: 			System.out.println("V_TEMP_GL_NO : " + V_TEMP_GL_NO);
765: 			if (V_TEMP_GL_NO.contains("TG")) {
766: 				/*애니링크 시작*/
767:  				JSONObject anyObject = new JSONObject();
768:  				JSONArray anyArray = new JSONArray();
769:  				JSONObject anySubObject = new JSONObject();
770: 


An error occurred at line: 768 in the jsp file: /HSPF01/TOT/ch/m_charge_tot_hspf/sql/M_CHARGE_TOT_HSPF.jsp
Duplicate local variable anyArray
765: 			if (V_TEMP_GL_NO.contains("TG")) {
766: 				/*애니링크 시작*/
767:  				JSONObject anyObject = new JSONObject();
768:  				JSONArray anyArray = new JSONArray();
769:  				JSONObject anySubObject = new JSONObject();
770: 
771:  				URL url = null;


Stacktrace:
	at org.apache.jasper.compiler.DefaultErrorHandler.javacError(DefaultErrorHandler.java:102)
	at org.apache.jasper.compiler.ErrorDispatcher.javacError(ErrorDispatcher.java:198)
	at org.apache.jasper.compiler.JDTCompiler.generateClass(JDTCompiler.java:495)
	at org.apache.jasper.compiler.Compiler.compile(Compiler.java:363)
	at org.apache.jasper.compiler.Compiler.compile(Compiler.java:338)
	at org.apache.jasper.compiler.Compiler.compile(Compiler.java:325)
	at org.apache.jasper.JspCompilationContext.compile(JspCompilationContext.java:580)
	at org.apache.jasper.servlet.JspServletWrapper.service(JspServletWrapper.java:363)
	at org.apache.jasper.servlet.JspServlet.serviceJspFile(JspServlet.java:396)
	at org.apache.jasper.servlet.JspServlet.service(JspServlet.java:340)
	at javax.servlet.http.HttpServlet.service(HttpServlet.java:729)
	at org.apache.catalina.core.ApplicationFilterChain.internalDoFilter(ApplicationFilterChain.java:292)
	at org.apache.catalina.core.ApplicationFilterChain.doFilter(ApplicationFilterChain.java:207)
	at org.apache.tomcat.websocket.server.WsFilter.doFilter(WsFilter.java:52)
	at org.apache.catalina.core.ApplicationFilterChain.internalDoFilter(ApplicationFilterChain.java:240)
	at org.apache.catalina.core.ApplicationFilterChain.doFilter(ApplicationFilterChain.java:207)
	at org.apache.catalina.filters.CorsFilter.handleNonCORS(CorsFilter.java:458)
	at org.apache.catalina.filters.CorsFilter.doFilter(CorsFilter.java:177)
	at org.apache.catalina.core.ApplicationFilterChain.internalDoFilter(ApplicationFilterChain.java:240)
	at org.apache.catalina.core.ApplicationFilterChain.doFilter(ApplicationFilterChain.java:207)
	at org.apache.catalina.core.StandardWrapperValve.invoke(StandardWrapperValve.java:212)
	at org.apache.catalina.core.StandardContextValve.invoke(StandardContextValve.java:94)
	at org.apache.catalina.authenticator.AuthenticatorBase.invoke(AuthenticatorBase.java:496)
	at org.apache.catalina.core.StandardHostValve.invoke(StandardHostValve.java:141)
	at org.apache.catalina.valves.ErrorReportValve.invoke(ErrorReportValve.java:79)
	at org.apache.catalina.valves.AbstractAccessLogValve.invoke(AbstractAccessLogValve.java:620)
	at org.apache.catalina.core.StandardEngineValve.invoke(StandardEngineValve.java:88)
	at org.apache.catalina.connector.CoyoteAdapter.service(CoyoteAdapter.java:502)
	at org.apache.coyote.http11.AbstractHttp11Processor.process(AbstractHttp11Processor.java:1156)
	at org.apache.coyote.AbstractProtocol$AbstractConnectionHandler.process(AbstractProtocol.java:684)
	at org.apache.tomcat.util.net.NioEndpoint$SocketProcessor.doRun(NioEndpoint.java:1539)
	at org.apache.tomcat.util.net.NioEndpoint$SocketProcessor.run(NioEndpoint.java:1495)
	at java.util.concurrent.ThreadPoolExecutor.runWorker(ThreadPoolExecutor.java:1149)
	at java.util.concurrent.ThreadPoolExecutor$Worker.run(ThreadPoolExecutor.java:624)
	at org.apache.tomcat.util.threads.TaskThread$WrappingRunnable.run(TaskThread.java:61)
	at java.lang.Thread.run(Thread.java:748)

17-Jun-2020 09:13:30.068 심각 [http-nio-80-exec-20] org.apache.catalina.core.StandardWrapperValve.invoke Servlet.service() for servlet [jsp] in context with path [] threw exception [Unable to compile class for JSP: 

An error occurred at line: 767 in the jsp file: /HSPF01/TOT/ch/m_charge_tot_hspf/sql/M_CHARGE_TOT_HSPF.jsp
Duplicate local variable anyObject
764: 			System.out.println("V_TEMP_GL_NO : " + V_TEMP_GL_NO);
765: 			if (V_TEMP_GL_NO.contains("TG")) {
766: 				/*애니링크 시작*/
767:  				JSONObject anyObject = new JSONObject();
768:  				JSONArray anyArray = new JSONArray();
769:  				JSONObject anySubObject = new JSONObject();
770: 


An error occurred at line: 768 in the jsp file: /HSPF01/TOT/ch/m_charge_tot_hspf/sql/M_CHARGE_TOT_HSPF.jsp
Duplicate local variable anyArray
765: 			if (V_TEMP_GL_NO.contains("TG")) {
766: 				/*애니링크 시작*/
767:  				JSONObject anyObject = new JSONObject();
768:  				JSONArray anyArray = new JSONArray();
769:  				JSONObject anySubObject = new JSONObject();
770: 
771:  				URL url = null;


Stacktrace:] with root cause
 org.apache.jasper.JasperException: Unable to compile class for JSP: 

An error occurred at line: 767 in the jsp file: /HSPF01/TOT/ch/m_charge_tot_hspf/sql/M_CHARGE_TOT_HSPF.jsp
Duplicate local variable anyObject
764: 			System.out.println("V_TEMP_GL_NO : " + V_TEMP_GL_NO);
765: 			if (V_TEMP_GL_NO.contains("TG")) {
766: 				/*애니링크 시작*/
767:  				JSONObject anyObject = new JSONObject();
768:  				JSONArray anyArray = new JSONArray();
769:  				JSONObject anySubObject = new JSONObject();
770: 


An error occurred at line: 768 in the jsp file: /HSPF01/TOT/ch/m_charge_tot_hspf/sql/M_CHARGE_TOT_HSPF.jsp
Duplicate local variable anyArray
765: 			if (V_TEMP_GL_NO.contains("TG")) {
766: 				/*애니링크 시작*/
767:  				JSONObject anyObject = new JSONObject();
768:  				JSONArray anyArray = new JSONArray();
769:  				JSONObject anySubObject = new JSONObject();
770: 
771:  				URL url = null;


Stacktrace:
	at org.apache.jasper.compiler.DefaultErrorHandler.javacError(DefaultErrorHandler.java:102)
	at org.apache.jasper.compiler.ErrorDispatcher.javacError(ErrorDispatcher.java:198)
	at org.apache.jasper.compiler.JDTCompiler.generateClass(JDTCompiler.java:495)
	at org.apache.jasper.compiler.Compiler.compile(Compiler.java:363)
	at org.apache.jasper.compiler.Compiler.compile(Compiler.java:338)
	at org.apache.jasper.compiler.Compiler.compile(Compiler.java:325)
	at org.apache.jasper.JspCompilationContext.compile(JspCompilationContext.java:580)
	at org.apache.jasper.servlet.JspServletWrapper.service(JspServletWrapper.java:363)
	at org.apache.jasper.servlet.JspServlet.serviceJspFile(JspServlet.java:396)
	at org.apache.jasper.servlet.JspServlet.service(JspServlet.java:340)
	at javax.servlet.http.HttpServlet.service(HttpServlet.java:729)
	at org.apache.catalina.core.ApplicationFilterChain.internalDoFilter(ApplicationFilterChain.java:292)
	at org.apache.catalina.core.ApplicationFilterChain.doFilter(ApplicationFilterChain.java:207)
	at org.apache.tomcat.websocket.server.WsFilter.doFilter(WsFilter.java:52)
	at org.apache.catalina.core.ApplicationFilterChain.internalDoFilter(ApplicationFilterChain.java:240)
	at org.apache.catalina.core.ApplicationFilterChain.doFilter(ApplicationFilterChain.java:207)
	at org.apache.catalina.filters.CorsFilter.handleNonCORS(CorsFilter.java:458)
	at org.apache.catalina.filters.CorsFilter.doFilter(CorsFilter.java:177)
	at org.apache.catalina.core.ApplicationFilterChain.internalDoFilter(ApplicationFilterChain.java:240)
	at org.apache.catalina.core.ApplicationFilterChain.doFilter(ApplicationFilterChain.java:207)
	at org.apache.catalina.core.StandardWrapperValve.invoke(StandardWrapperValve.java:212)
	at org.apache.catalina.core.StandardContextValve.invoke(StandardContextValve.java:94)
	at org.apache.catalina.authenticator.AuthenticatorBase.invoke(AuthenticatorBase.java:496)
	at org.apache.catalina.core.StandardHostValve.invoke(StandardHostValve.java:141)
	at org.apache.catalina.valves.ErrorReportValve.invoke(ErrorReportValve.java:79)
	at org.apache.catalina.valves.AbstractAccessLogValve.invoke(AbstractAccessLogValve.java:620)
	at org.apache.catalina.core.StandardEngineValve.invoke(StandardEngineValve.java:88)
	at org.apache.catalina.connector.CoyoteAdapter.service(CoyoteAdapter.java:502)
	at org.apache.coyote.http11.AbstractHttp11Processor.process(AbstractHttp11Processor.java:1156)
	at org.apache.coyote.AbstractProtocol$AbstractConnectionHandler.process(AbstractProtocol.java:684)
	at org.apache.tomcat.util.net.NioEndpoint$SocketProcessor.doRun(NioEndpoint.java:1539)
	at org.apache.tomcat.util.net.NioEndpoint$SocketProcessor.run(NioEndpoint.java:1495)
	at java.util.concurrent.ThreadPoolExecutor.runWorker(ThreadPoolExecutor.java:1149)
	at java.util.concurrent.ThreadPoolExecutor$Worker.run(ThreadPoolExecutor.java:624)
	at org.apache.tomcat.util.threads.TaskThread$WrappingRunnable.run(TaskThread.java:61)
	at java.lang.Thread.run(Thread.java:748)

17-Jun-2020 09:13:35.064 심각 [http-nio-80-exec-7] org.apache.catalina.core.StandardWrapperValve.invoke Servlet.service() for servlet [jsp] in context with path [] threw exception [Unable to compile class for JSP: 

An error occurred at line: 767 in the jsp file: /HSPF01/TOT/ch/m_charge_tot_hspf/sql/M_CHARGE_TOT_HSPF.jsp
Duplicate local variable anyObject
764: 			System.out.println("V_TEMP_GL_NO : " + V_TEMP_GL_NO);
765: 			if (V_TEMP_GL_NO.contains("TG")) {
766: 				/*애니링크 시작*/
767:  				JSONObject anyObject = new JSONObject();
768:  				JSONArray anyArray = new JSONArray();
769:  				JSONObject anySubObject = new JSONObject();
770: 


An error occurred at line: 768 in the jsp file: /HSPF01/TOT/ch/m_charge_tot_hspf/sql/M_CHARGE_TOT_HSPF.jsp
Duplicate local variable anyArray
765: 			if (V_TEMP_GL_NO.contains("TG")) {
766: 				/*애니링크 시작*/
767:  				JSONObject anyObject = new JSONObject();
768:  				JSONArray anyArray = new JSONArray();
769:  				JSONObject anySubObject = new JSONObject();
770: 
771:  				URL url = null;


Stacktrace:] with root cause
 org.apache.jasper.JasperException: Unable to compile class for JSP: 

An error occurred at line: 767 in the jsp file: /HSPF01/TOT/ch/m_charge_tot_hspf/sql/M_CHARGE_TOT_HSPF.jsp
Duplicate local variable anyObject
764: 			System.out.println("V_TEMP_GL_NO : " + V_TEMP_GL_NO);
765: 			if (V_TEMP_GL_NO.contains("TG")) {
766: 				/*애니링크 시작*/
767:  				JSONObject anyObject = new JSONObject();
768:  				JSONArray anyArray = new JSONArray();
769:  				JSONObject anySubObject = new JSONObject();
770: 


An error occurred at line: 768 in the jsp file: /HSPF01/TOT/ch/m_charge_tot_hspf/sql/M_CHARGE_TOT_HSPF.jsp
Duplicate local variable anyArray
765: 			if (V_TEMP_GL_NO.contains("TG")) {
766: 				/*애니링크 시작*/
767:  				JSONObject anyObject = new JSONObject();
768:  				JSONArray anyArray = new JSONArray();
769:  				JSONObject anySubObject = new JSONObject();
770: 
771:  				URL url = null;


Stacktrace:
	at org.apache.jasper.compiler.DefaultErrorHandler.javacError(DefaultErrorHandler.java:102)
	at org.apache.jasper.compiler.ErrorDispatcher.javacError(ErrorDispatcher.java:198)
	at org.apache.jasper.compiler.JDTCompiler.generateClass(JDTCompiler.java:495)
	at org.apache.jasper.compiler.Compiler.compile(Compiler.java:363)
	at org.apache.jasper.compiler.Compiler.compile(Compiler.java:338)
	at org.apache.jasper.compiler.Compiler.compile(Compiler.java:325)
	at org.apache.jasper.JspCompilationContext.compile(JspCompilationContext.java:580)
	at org.apache.jasper.servlet.JspServletWrapper.service(JspServletWrapper.java:363)
	at org.apache.jasper.servlet.JspServlet.serviceJspFile(JspServlet.java:396)
	at org.apache.jasper.servlet.JspServlet.service(JspServlet.java:340)
	at javax.servlet.http.HttpServlet.service(HttpServlet.java:729)
	at org.apache.catalina.core.ApplicationFilterChain.internalDoFilter(ApplicationFilterChain.java:292)
	at org.apache.catalina.core.ApplicationFilterChain.doFilter(ApplicationFilterChain.java:207)
	at org.apache.tomcat.websocket.server.WsFilter.doFilter(WsFilter.java:52)
	at org.apache.catalina.core.ApplicationFilterChain.internalDoFilter(ApplicationFilterChain.java:240)
	at org.apache.catalina.core.ApplicationFilterChain.doFilter(ApplicationFilterChain.java:207)
	at org.apache.catalina.filters.CorsFilter.handleNonCORS(CorsFilter.java:458)
	at org.apache.catalina.filters.CorsFilter.doFilter(CorsFilter.java:177)
	at org.apache.catalina.core.ApplicationFilterChain.internalDoFilter(ApplicationFilterChain.java:240)
	at org.apache.catalina.core.ApplicationFilterChain.doFilter(ApplicationFilterChain.java:207)
	at org.apache.catalina.core.StandardWrapperValve.invoke(StandardWrapperValve.java:212)
	at org.apache.catalina.core.StandardContextValve.invoke(StandardContextValve.java:94)
	at org.apache.catalina.authenticator.AuthenticatorBase.invoke(AuthenticatorBase.java:496)
	at org.apache.catalina.core.StandardHostValve.invoke(StandardHostValve.java:141)
	at org.apache.catalina.valves.ErrorReportValve.invoke(ErrorReportValve.java:79)
	at org.apache.catalina.valves.AbstractAccessLogValve.invoke(AbstractAccessLogValve.java:620)
	at org.apache.catalina.core.StandardEngineValve.invoke(StandardEngineValve.java:88)
	at org.apache.catalina.connector.CoyoteAdapter.service(CoyoteAdapter.java:502)
	at org.apache.coyote.http11.AbstractHttp11Processor.process(AbstractHttp11Processor.java:1156)
	at org.apache.coyote.AbstractProtocol$AbstractConnectionHandler.process(AbstractProtocol.java:684)
	at org.apache.tomcat.util.net.NioEndpoint$SocketProcessor.doRun(NioEndpoint.java:1539)
	at org.apache.tomcat.util.net.NioEndpoint$SocketProcessor.run(NioEndpoint.java:1495)
	at java.util.concurrent.ThreadPoolExecutor.runWorker(ThreadPoolExecutor.java:1149)
	at java.util.concurrent.ThreadPoolExecutor$Worker.run(ThreadPoolExecutor.java:624)
	at org.apache.tomcat.util.threads.TaskThread$WrappingRunnable.run(TaskThread.java:61)
	at java.lang.Thread.run(Thread.java:748)

17-Jun-2020 09:13:39.422 심각 [http-nio-80-exec-21] org.apache.catalina.core.StandardWrapperValve.invoke Servlet.service() for servlet [jsp] in context with path [] threw exception [Unable to compile class for JSP: 

An error occurred at line: 767 in the jsp file: /HSPF01/TOT/ch/m_charge_tot_hspf/sql/M_CHARGE_TOT_HSPF.jsp
Duplicate local variable anyObject
764: 			System.out.println("V_TEMP_GL_NO : " + V_TEMP_GL_NO);
765: 			if (V_TEMP_GL_NO.contains("TG")) {
766: 				/*애니링크 시작*/
767:  				JSONObject anyObject = new JSONObject();
768:  				JSONArray anyArray = new JSONArray();
769:  				JSONObject anySubObject = new JSONObject();
770: 


An error occurred at line: 768 in the jsp file: /HSPF01/TOT/ch/m_charge_tot_hspf/sql/M_CHARGE_TOT_HSPF.jsp
Duplicate local variable anyArray
765: 			if (V_TEMP_GL_NO.contains("TG")) {
766: 				/*애니링크 시작*/
767:  				JSONObject anyObject = new JSONObject();
768:  				JSONArray anyArray = new JSONArray();
769:  				JSONObject anySubObject = new JSONObject();
770: 
771:  				URL url = null;


Stacktrace:] with root cause
 org.apache.jasper.JasperException: Unable to compile class for JSP: 

An error occurred at line: 767 in the jsp file: /HSPF01/TOT/ch/m_charge_tot_hspf/sql/M_CHARGE_TOT_HSPF.jsp
Duplicate local variable anyObject
764: 			System.out.println("V_TEMP_GL_NO : " + V_TEMP_GL_NO);
765: 			if (V_TEMP_GL_NO.contains("TG")) {
766: 				/*애니링크 시작*/
767:  				JSONObject anyObject = new JSONObject();
768:  				JSONArray anyArray = new JSONArray();
769:  				JSONObject anySubObject = new JSONObject();
770: 


An error occurred at line: 768 in the jsp file: /HSPF01/TOT/ch/m_charge_tot_hspf/sql/M_CHARGE_TOT_HSPF.jsp
Duplicate local variable anyArray
765: 			if (V_TEMP_GL_NO.contains("TG")) {
766: 				/*애니링크 시작*/
767:  				JSONObject anyObject = new JSONObject();
768:  				JSONArray anyArray = new JSONArray();
769:  				JSONObject anySubObject = new JSONObject();
770: 
771:  				URL url = null;


Stacktrace:
	at org.apache.jasper.compiler.DefaultErrorHandler.javacError(DefaultErrorHandler.java:102)
	at org.apache.jasper.compiler.ErrorDispatcher.javacError(ErrorDispatcher.java:198)
	at org.apache.jasper.compiler.JDTCompiler.generateClass(JDTCompiler.java:495)
	at org.apache.jasper.compiler.Compiler.compile(Compiler.java:363)
	at org.apache.jasper.compiler.Compiler.compile(Compiler.java:338)
	at org.apache.jasper.compiler.Compiler.compile(Compiler.java:325)
	at org.apache.jasper.JspCompilationContext.compile(JspCompilationContext.java:580)
	at org.apache.jasper.servlet.JspServletWrapper.service(JspServletWrapper.java:363)
	at org.apache.jasper.servlet.JspServlet.serviceJspFile(JspServlet.java:396)
	at org.apache.jasper.servlet.JspServlet.service(JspServlet.java:340)
	at javax.servlet.http.HttpServlet.service(HttpServlet.java:729)
	at org.apache.catalina.core.ApplicationFilterChain.internalDoFilter(ApplicationFilterChain.java:292)
	at org.apache.catalina.core.ApplicationFilterChain.doFilter(ApplicationFilterChain.java:207)
	at org.apache.tomcat.websocket.server.WsFilter.doFilter(WsFilter.java:52)
	at org.apache.catalina.core.ApplicationFilterChain.internalDoFilter(ApplicationFilterChain.java:240)
	at org.apache.catalina.core.ApplicationFilterChain.doFilter(ApplicationFilterChain.java:207)
	at org.apache.catalina.filters.CorsFilter.handleNonCORS(CorsFilter.java:458)
	at org.apache.catalina.filters.CorsFilter.doFilter(CorsFilter.java:177)
	at org.apache.catalina.core.ApplicationFilterChain.internalDoFilter(ApplicationFilterChain.java:240)
	at org.apache.catalina.core.ApplicationFilterChain.doFilter(ApplicationFilterChain.java:207)
	at org.apache.catalina.core.StandardWrapperValve.invoke(StandardWrapperValve.java:212)
	at org.apache.catalina.core.StandardContextValve.invoke(StandardContextValve.java:94)
	at org.apache.catalina.authenticator.AuthenticatorBase.invoke(AuthenticatorBase.java:496)
	at org.apache.catalina.core.StandardHostValve.invoke(StandardHostValve.java:141)
	at org.apache.catalina.valves.ErrorReportValve.invoke(ErrorReportValve.java:79)
	at org.apache.catalina.valves.AbstractAccessLogValve.invoke(AbstractAccessLogValve.java:620)
	at org.apache.catalina.core.StandardEngineValve.invoke(StandardEngineValve.java:88)
	at org.apache.catalina.connector.CoyoteAdapter.service(CoyoteAdapter.java:502)
	at org.apache.coyote.http11.AbstractHttp11Processor.process(AbstractHttp11Processor.java:1156)
	at org.apache.coyote.AbstractProtocol$AbstractConnectionHandler.process(AbstractProtocol.java:684)
	at org.apache.tomcat.util.net.NioEndpoint$SocketProcessor.doRun(NioEndpoint.java:1539)
	at org.apache.tomcat.util.net.NioEndpoint$SocketProcessor.run(NioEndpoint.java:1495)
	at java.util.concurrent.ThreadPoolExecutor.runWorker(ThreadPoolExecutor.java:1149)
	at java.util.concurrent.ThreadPoolExecutor$Worker.run(ThreadPoolExecutor.java:624)
	at org.apache.tomcat.util.threads.TaskThread$WrappingRunnable.run(TaskThread.java:61)
	at java.lang.Thread.run(Thread.java:748)

17-Jun-2020 09:13:54.689 심각 [http-nio-80-exec-3] org.apache.catalina.core.StandardWrapperValve.invoke Servlet.service() for servlet [jsp] in context with path [] threw exception [Unable to compile class for JSP: 

An error occurred at line: 767 in the jsp file: /HSPF01/TOT/ch/m_charge_tot_hspf/sql/M_CHARGE_TOT_HSPF.jsp
Duplicate local variable anyObject
764: 			System.out.println("V_TEMP_GL_NO : " + V_TEMP_GL_NO);
765: 			if (V_TEMP_GL_NO.contains("TG")) {
766: 				/*애니링크 시작*/
767:  				JSONObject anyObject = new JSONObject();
768:  				JSONArray anyArray = new JSONArray();
769:  				JSONObject anySubObject = new JSONObject();
770: 


An error occurred at line: 768 in the jsp file: /HSPF01/TOT/ch/m_charge_tot_hspf/sql/M_CHARGE_TOT_HSPF.jsp
Duplicate local variable anyArray
765: 			if (V_TEMP_GL_NO.contains("TG")) {
766: 				/*애니링크 시작*/
767:  				JSONObject anyObject = new JSONObject();
768:  				JSONArray anyArray = new JSONArray();
769:  				JSONObject anySubObject = new JSONObject();
770: 
771:  				URL url = null;


Stacktrace:] with root cause
 org.apache.jasper.JasperException: Unable to compile class for JSP: 

An error occurred at line: 767 in the jsp file: /HSPF01/TOT/ch/m_charge_tot_hspf/sql/M_CHARGE_TOT_HSPF.jsp
Duplicate local variable anyObject
764: 			System.out.println("V_TEMP_GL_NO : " + V_TEMP_GL_NO);
765: 			if (V_TEMP_GL_NO.contains("TG")) {
766: 				/*애니링크 시작*/
767:  				JSONObject anyObject = new JSONObject();
768:  				JSONArray anyArray = new JSONArray();
769:  				JSONObject anySubObject = new JSONObject();
770: 


An error occurred at line: 768 in the jsp file: /HSPF01/TOT/ch/m_charge_tot_hspf/sql/M_CHARGE_TOT_HSPF.jsp
Duplicate local variable anyArray
765: 			if (V_TEMP_GL_NO.contains("TG")) {
766: 				/*애니링크 시작*/
767:  				JSONObject anyObject = new JSONObject();
768:  				JSONArray anyArray = new JSONArray();
769:  				JSONObject anySubObject = new JSONObject();
770: 
771:  				URL url = null;


Stacktrace:
	at org.apache.jasper.compiler.DefaultErrorHandler.javacError(DefaultErrorHandler.java:102)
	at org.apache.jasper.compiler.ErrorDispatcher.javacError(ErrorDispatcher.java:198)
	at org.apache.jasper.compiler.JDTCompiler.generateClass(JDTCompiler.java:495)
	at org.apache.jasper.compiler.Compiler.compile(Compiler.java:363)
	at org.apache.jasper.compiler.Compiler.compile(Compiler.java:338)
	at org.apache.jasper.compiler.Compiler.compile(Compiler.java:325)
	at org.apache.jasper.JspCompilationContext.compile(JspCompilationContext.java:580)
	at org.apache.jasper.servlet.JspServletWrapper.service(JspServletWrapper.java:363)
	at org.apache.jasper.servlet.JspServlet.serviceJspFile(JspServlet.java:396)
	at org.apache.jasper.servlet.JspServlet.service(JspServlet.java:340)
	at javax.servlet.http.HttpServlet.service(HttpServlet.java:729)
	at org.apache.catalina.core.ApplicationFilterChain.internalDoFilter(ApplicationFilterChain.java:292)
	at org.apache.catalina.core.ApplicationFilterChain.doFilter(ApplicationFilterChain.java:207)
	at org.apache.tomcat.websocket.server.WsFilter.doFilter(WsFilter.java:52)
	at org.apache.catalina.core.ApplicationFilterChain.internalDoFilter(ApplicationFilterChain.java:240)
	at org.apache.catalina.core.ApplicationFilterChain.doFilter(ApplicationFilterChain.java:207)
	at org.apache.catalina.filters.CorsFilter.handleNonCORS(CorsFilter.java:458)
	at org.apache.catalina.filters.CorsFilter.doFilter(CorsFilter.java:177)
	at org.apache.catalina.core.ApplicationFilterChain.internalDoFilter(ApplicationFilterChain.java:240)
	at org.apache.catalina.core.ApplicationFilterChain.doFilter(ApplicationFilterChain.java:207)
	at org.apache.catalina.core.StandardWrapperValve.invoke(StandardWrapperValve.java:212)
	at org.apache.catalina.core.StandardContextValve.invoke(StandardContextValve.java:94)
	at org.apache.catalina.authenticator.AuthenticatorBase.invoke(AuthenticatorBase.java:496)
	at org.apache.catalina.core.StandardHostValve.invoke(StandardHostValve.java:141)
	at org.apache.catalina.valves.ErrorReportValve.invoke(ErrorReportValve.java:79)
	at org.apache.catalina.valves.AbstractAccessLogValve.invoke(AbstractAccessLogValve.java:620)
	at org.apache.catalina.core.StandardEngineValve.invoke(StandardEngineValve.java:88)
	at org.apache.catalina.connector.CoyoteAdapter.service(CoyoteAdapter.java:502)
	at org.apache.coyote.http11.AbstractHttp11Processor.process(AbstractHttp11Processor.java:1156)
	at org.apache.coyote.AbstractProtocol$AbstractConnectionHandler.process(AbstractProtocol.java:684)
	at org.apache.tomcat.util.net.NioEndpoint$SocketProcessor.doRun(NioEndpoint.java:1539)
	at org.apache.tomcat.util.net.NioEndpoint$SocketProcessor.run(NioEndpoint.java:1495)
	at java.util.concurrent.ThreadPoolExecutor.runWorker(ThreadPoolExecutor.java:1149)
	at java.util.concurrent.ThreadPoolExecutor$Worker.run(ThreadPoolExecutor.java:624)
	at org.apache.tomcat.util.threads.TaskThread$WrappingRunnable.run(TaskThread.java:61)
	at java.lang.Thread.run(Thread.java:748)

17-Jun-2020 09:14:10.216 심각 [http-nio-80-exec-3] org.apache.catalina.core.StandardWrapperValve.invoke Servlet.service() for servlet [jsp] in context with path [] threw exception [Unable to compile class for JSP: 

An error occurred at line: 767 in the jsp file: /HSPF01/TOT/ch/m_charge_tot_hspf/sql/M_CHARGE_TOT_HSPF.jsp
Duplicate local variable anyObject
764: 			System.out.println("V_TEMP_GL_NO : " + V_TEMP_GL_NO);
765: 			if (V_TEMP_GL_NO.contains("TG")) {
766: 				/*애니링크 시작*/
767:  				JSONObject anyObject = new JSONObject();
768:  				JSONArray anyArray = new JSONArray();
769:  				JSONObject anySubObject = new JSONObject();
770: 


An error occurred at line: 768 in the jsp file: /HSPF01/TOT/ch/m_charge_tot_hspf/sql/M_CHARGE_TOT_HSPF.jsp
Duplicate local variable anyArray
765: 			if (V_TEMP_GL_NO.contains("TG")) {
766: 				/*애니링크 시작*/
767:  				JSONObject anyObject = new JSONObject();
768:  				JSONArray anyArray = new JSONArray();
769:  				JSONObject anySubObject = new JSONObject();
770: 
771:  				URL url = null;


Stacktrace:] with root cause
 org.apache.jasper.JasperException: Unable to compile class for JSP: 

An error occurred at line: 767 in the jsp file: /HSPF01/TOT/ch/m_charge_tot_hspf/sql/M_CHARGE_TOT_HSPF.jsp
Duplicate local variable anyObject
764: 			System.out.println("V_TEMP_GL_NO : " + V_TEMP_GL_NO);
765: 			if (V_TEMP_GL_NO.contains("TG")) {
766: 				/*애니링크 시작*/
767:  				JSONObject anyObject = new JSONObject();
768:  				JSONArray anyArray = new JSONArray();
769:  				JSONObject anySubObject = new JSONObject();
770: 


An error occurred at line: 768 in the jsp file: /HSPF01/TOT/ch/m_charge_tot_hspf/sql/M_CHARGE_TOT_HSPF.jsp
Duplicate local variable anyArray
765: 			if (V_TEMP_GL_NO.contains("TG")) {
766: 				/*애니링크 시작*/
767:  				JSONObject anyObject = new JSONObject();
768:  				JSONArray anyArray = new JSONArray();
769:  				JSONObject anySubObject = new JSONObject();
770: 
771:  				URL url = null;


Stacktrace:
	at org.apache.jasper.compiler.DefaultErrorHandler.javacError(DefaultErrorHandler.java:102)
	at org.apache.jasper.compiler.ErrorDispatcher.javacError(ErrorDispatcher.java:198)
	at org.apache.jasper.compiler.JDTCompiler.generateClass(JDTCompiler.java:495)
	at org.apache.jasper.compiler.Compiler.compile(Compiler.java:363)
	at org.apache.jasper.compiler.Compiler.compile(Compiler.java:338)
	at org.apache.jasper.compiler.Compiler.compile(Compiler.java:325)
	at org.apache.jasper.JspCompilationContext.compile(JspCompilationContext.java:580)
	at org.apache.jasper.servlet.JspServletWrapper.service(JspServletWrapper.java:363)
	at org.apache.jasper.servlet.JspServlet.serviceJspFile(JspServlet.java:396)
	at org.apache.jasper.servlet.JspServlet.service(JspServlet.java:340)
	at javax.servlet.http.HttpServlet.service(HttpServlet.java:729)
	at org.apache.catalina.core.ApplicationFilterChain.internalDoFilter(ApplicationFilterChain.java:292)
	at org.apache.catalina.core.ApplicationFilterChain.doFilter(ApplicationFilterChain.java:207)
	at org.apache.tomcat.websocket.server.WsFilter.doFilter(WsFilter.java:52)
	at org.apache.catalina.core.ApplicationFilterChain.internalDoFilter(ApplicationFilterChain.java:240)
	at org.apache.catalina.core.ApplicationFilterChain.doFilter(ApplicationFilterChain.java:207)
	at org.apache.catalina.filters.CorsFilter.handleNonCORS(CorsFilter.java:458)
	at org.apache.catalina.filters.CorsFilter.doFilter(CorsFilter.java:177)
	at org.apache.catalina.core.ApplicationFilterChain.internalDoFilter(ApplicationFilterChain.java:240)
	at org.apache.catalina.core.ApplicationFilterChain.doFilter(ApplicationFilterChain.java:207)
	at org.apache.catalina.core.StandardWrapperValve.invoke(StandardWrapperValve.java:212)
	at org.apache.catalina.core.StandardContextValve.invoke(StandardContextValve.java:94)
	at org.apache.catalina.authenticator.AuthenticatorBase.invoke(AuthenticatorBase.java:496)
	at org.apache.catalina.core.StandardHostValve.invoke(StandardHostValve.java:141)
	at org.apache.catalina.valves.ErrorReportValve.invoke(ErrorReportValve.java:79)
	at org.apache.catalina.valves.AbstractAccessLogValve.invoke(AbstractAccessLogValve.java:620)
	at org.apache.catalina.core.StandardEngineValve.invoke(StandardEngineValve.java:88)
	at org.apache.catalina.connector.CoyoteAdapter.service(CoyoteAdapter.java:502)
	at org.apache.coyote.http11.AbstractHttp11Processor.process(AbstractHttp11Processor.java:1156)
	at org.apache.coyote.AbstractProtocol$AbstractConnectionHandler.process(AbstractProtocol.java:684)
	at org.apache.tomcat.util.net.NioEndpoint$SocketProcessor.doRun(NioEndpoint.java:1539)
	at org.apache.tomcat.util.net.NioEndpoint$SocketProcessor.run(NioEndpoint.java:1495)
	at java.util.concurrent.ThreadPoolExecutor.runWorker(ThreadPoolExecutor.java:1149)
	at java.util.concurrent.ThreadPoolExecutor$Worker.run(ThreadPoolExecutor.java:624)
	at org.apache.tomcat.util.threads.TaskThread$WrappingRunnable.run(TaskThread.java:61)
	at java.lang.Thread.run(Thread.java:748)

17-Jun-2020 09:14:27.001 심각 [http-nio-80-exec-20] org.apache.catalina.core.StandardWrapperValve.invoke Servlet.service() for servlet [jsp] in context with path [] threw exception [Unable to compile class for JSP: 

An error occurred at line: 767 in the jsp file: /HSPF01/TOT/ch/m_charge_tot_hspf/sql/M_CHARGE_TOT_HSPF.jsp
Duplicate local variable anyObject
764: 			System.out.println("V_TEMP_GL_NO : " + V_TEMP_GL_NO);
765: 			if (V_TEMP_GL_NO.contains("TG")) {
766: 				/*애니링크 시작*/
767:  				JSONObject anyObject = new JSONObject();
768:  				JSONArray anyArray = new JSONArray();
769:  				JSONObject anySubObject = new JSONObject();
770: 


An error occurred at line: 768 in the jsp file: /HSPF01/TOT/ch/m_charge_tot_hspf/sql/M_CHARGE_TOT_HSPF.jsp
Duplicate local variable anyArray
765: 			if (V_TEMP_GL_NO.contains("TG")) {
766: 				/*애니링크 시작*/
767:  				JSONObject anyObject = new JSONObject();
768:  				JSONArray anyArray = new JSONArray();
769:  				JSONObject anySubObject = new JSONObject();
770: 
771:  				URL url = null;


Stacktrace:] with root cause
 org.apache.jasper.JasperException: Unable to compile class for JSP: 

An error occurred at line: 767 in the jsp file: /HSPF01/TOT/ch/m_charge_tot_hspf/sql/M_CHARGE_TOT_HSPF.jsp
Duplicate local variable anyObject
764: 			System.out.println("V_TEMP_GL_NO : " + V_TEMP_GL_NO);
765: 			if (V_TEMP_GL_NO.contains("TG")) {
766: 				/*애니링크 시작*/
767:  				JSONObject anyObject = new JSONObject();
768:  				JSONArray anyArray = new JSONArray();
769:  				JSONObject anySubObject = new JSONObject();
770: 


An error occurred at line: 768 in the jsp file: /HSPF01/TOT/ch/m_charge_tot_hspf/sql/M_CHARGE_TOT_HSPF.jsp
Duplicate local variable anyArray
765: 			if (V_TEMP_GL_NO.contains("TG")) {
766: 				/*애니링크 시작*/
767:  				JSONObject anyObject = new JSONObject();
768:  				JSONArray anyArray = new JSONArray();
769:  				JSONObject anySubObject = new JSONObject();
770: 
771:  				URL url = null;


Stacktrace:
	at org.apache.jasper.compiler.DefaultErrorHandler.javacError(DefaultErrorHandler.java:102)
	at org.apache.jasper.compiler.ErrorDispatcher.javacError(ErrorDispatcher.java:198)
	at org.apache.jasper.compiler.JDTCompiler.generateClass(JDTCompiler.java:495)
	at org.apache.jasper.compiler.Compiler.compile(Compiler.java:363)
	at org.apache.jasper.compiler.Compiler.compile(Compiler.java:338)
	at org.apache.jasper.compiler.Compiler.compile(Compiler.java:325)
	at org.apache.jasper.JspCompilationContext.compile(JspCompilationContext.java:580)
	at org.apache.jasper.servlet.JspServletWrapper.service(JspServletWrapper.java:363)
	at org.apache.jasper.servlet.JspServlet.serviceJspFile(JspServlet.java:396)
	at org.apache.jasper.servlet.JspServlet.service(JspServlet.java:340)
	at javax.servlet.http.HttpServlet.service(HttpServlet.java:729)
	at org.apache.catalina.core.ApplicationFilterChain.internalDoFilter(ApplicationFilterChain.java:292)
	at org.apache.catalina.core.ApplicationFilterChain.doFilter(ApplicationFilterChain.java:207)
	at org.apache.tomcat.websocket.server.WsFilter.doFilter(WsFilter.java:52)
	at org.apache.catalina.core.ApplicationFilterChain.internalDoFilter(ApplicationFilterChain.java:240)
	at org.apache.catalina.core.ApplicationFilterChain.doFilter(ApplicationFilterChain.java:207)
	at org.apache.catalina.filters.CorsFilter.handleNonCORS(CorsFilter.java:458)
	at org.apache.catalina.filters.CorsFilter.doFilter(CorsFilter.java:177)
	at org.apache.catalina.core.ApplicationFilterChain.internalDoFilter(ApplicationFilterChain.java:240)
	at org.apache.catalina.core.ApplicationFilterChain.doFilter(ApplicationFilterChain.java:207)
	at org.apache.catalina.core.StandardWrapperValve.invoke(StandardWrapperValve.java:212)
	at org.apache.catalina.core.StandardContextValve.invoke(StandardContextValve.java:94)
	at org.apache.catalina.authenticator.AuthenticatorBase.invoke(AuthenticatorBase.java:496)
	at org.apache.catalina.core.StandardHostValve.invoke(StandardHostValve.java:141)
	at org.apache.catalina.valves.ErrorReportValve.invoke(ErrorReportValve.java:79)
	at org.apache.catalina.valves.AbstractAccessLogValve.invoke(AbstractAccessLogValve.java:620)
	at org.apache.catalina.core.StandardEngineValve.invoke(StandardEngineValve.java:88)
	at org.apache.catalina.connector.CoyoteAdapter.service(CoyoteAdapter.java:502)
	at org.apache.coyote.http11.AbstractHttp11Processor.process(AbstractHttp11Processor.java:1156)
	at org.apache.coyote.AbstractProtocol$AbstractConnectionHandler.process(AbstractProtocol.java:684)
	at org.apache.tomcat.util.net.NioEndpoint$SocketProcessor.doRun(NioEndpoint.java:1539)
	at org.apache.tomcat.util.net.NioEndpoint$SocketProcessor.run(NioEndpoint.java:1495)
	at java.util.concurrent.ThreadPoolExecutor.runWorker(ThreadPoolExecutor.java:1149)
	at java.util.concurrent.ThreadPoolExecutor$Worker.run(ThreadPoolExecutor.java:624)
	at org.apache.tomcat.util.threads.TaskThread$WrappingRunnable.run(TaskThread.java:61)
	at java.lang.Thread.run(Thread.java:748)

17-Jun-2020 17:27:03.047 심각 [http-nio-80-exec-14] org.apache.catalina.core.StandardWrapperValve.invoke Servlet.service() for servlet [jsp] in context with path [] threw exception [javax.servlet.ServletException: java.sql.SQLException: JDBC-90603:Invalid operation: disconnected from the server.] with root cause
 java.sql.SQLException: JDBC-90603:Invalid operation: disconnected from the server.
	at com.tmax.tibero.jdbc.err.TbError.makeSQLException(Unknown Source)
	at com.tmax.tibero.jdbc.err.TbError.newSQLException(Unknown Source)
	at com.tmax.tibero.jdbc.err.TbError.newSQLException(Unknown Source)
	at com.tmax.tibero.jdbc.driver.TbConnection.createStatement(Unknown Source)
	at com.tmax.tibero.jdbc.driver.TbConnection.createStatement(Unknown Source)
	at sun.reflect.GeneratedMethodAccessor50.invoke(Unknown Source)
	at sun.reflect.DelegatingMethodAccessorImpl.invoke(DelegatingMethodAccessorImpl.java:43)
	at java.lang.reflect.Method.invoke(Method.java:498)
	at org.apache.tomcat.jdbc.pool.ProxyConnection.invoke(ProxyConnection.java:126)
	at org.apache.tomcat.jdbc.pool.JdbcInterceptor.invoke(JdbcInterceptor.java:108)
	at org.apache.tomcat.jdbc.pool.interceptor.AbstractCreateStatementInterceptor.invoke(AbstractCreateStatementInterceptor.java:75)
	at org.apache.tomcat.jdbc.pool.JdbcInterceptor.invoke(JdbcInterceptor.java:108)
	at org.apache.tomcat.jdbc.pool.DisposableConnectionFacade.invoke(DisposableConnectionFacade.java:81)
	at com.sun.proxy.$Proxy9.createStatement(Unknown Source)
	at org.apache.jsp.HSPF01.SWM.supplier.supdlv.sql.SupDlvMgmDlvySql_jsp._jspService(SupDlvMgmDlvySql_jsp.java:155)
	at org.apache.jasper.runtime.HttpJspBase.service(HttpJspBase.java:70)
	at javax.servlet.http.HttpServlet.service(HttpServlet.java:729)
	at org.apache.jasper.servlet.JspServletWrapper.service(JspServletWrapper.java:438)
	at org.apache.jasper.servlet.JspServlet.serviceJspFile(JspServlet.java:396)
	at org.apache.jasper.servlet.JspServlet.service(JspServlet.java:340)
	at javax.servlet.http.HttpServlet.service(HttpServlet.java:729)
	at org.apache.catalina.core.ApplicationFilterChain.internalDoFilter(ApplicationFilterChain.java:292)
	at org.apache.catalina.core.ApplicationFilterChain.doFilter(ApplicationFilterChain.java:207)
	at org.apache.tomcat.websocket.server.WsFilter.doFilter(WsFilter.java:52)
	at org.apache.catalina.core.ApplicationFilterChain.internalDoFilter(ApplicationFilterChain.java:240)
	at org.apache.catalina.core.ApplicationFilterChain.doFilter(ApplicationFilterChain.java:207)
	at org.apache.catalina.filters.CorsFilter.handleNonCORS(CorsFilter.java:458)
	at org.apache.catalina.filters.CorsFilter.doFilter(CorsFilter.java:177)
	at org.apache.catalina.core.ApplicationFilterChain.internalDoFilter(ApplicationFilterChain.java:240)
	at org.apache.catalina.core.ApplicationFilterChain.doFilter(ApplicationFilterChain.java:207)
	at org.apache.catalina.core.StandardWrapperValve.invoke(StandardWrapperValve.java:212)
	at org.apache.catalina.core.StandardContextValve.invoke(StandardContextValve.java:94)
	at org.apache.catalina.authenticator.AuthenticatorBase.invoke(AuthenticatorBase.java:496)
	at org.apache.catalina.core.StandardHostValve.invoke(StandardHostValve.java:141)
	at org.apache.catalina.valves.ErrorReportValve.invoke(ErrorReportValve.java:79)
	at org.apache.catalina.valves.AbstractAccessLogValve.invoke(AbstractAccessLogValve.java:620)
	at org.apache.catalina.core.StandardEngineValve.invoke(StandardEngineValve.java:88)
	at org.apache.catalina.connector.CoyoteAdapter.service(CoyoteAdapter.java:502)
	at org.apache.coyote.http11.AbstractHttp11Processor.process(AbstractHttp11Processor.java:1156)
	at org.apache.coyote.AbstractProtocol$AbstractConnectionHandler.process(AbstractProtocol.java:684)
	at org.apache.tomcat.util.net.NioEndpoint$SocketProcessor.doRun(NioEndpoint.java:1539)
	at org.apache.tomcat.util.net.NioEndpoint$SocketProcessor.run(NioEndpoint.java:1495)
	at java.util.concurrent.ThreadPoolExecutor.runWorker(ThreadPoolExecutor.java:1149)
	at java.util.concurrent.ThreadPoolExecutor$Worker.run(ThreadPoolExecutor.java:624)
	at org.apache.tomcat.util.threads.TaskThread$WrappingRunnable.run(TaskThread.java:61)
	at java.lang.Thread.run(Thread.java:748)

17-Jun-2020 18:10:44.367 정보 [localhost-startStop-2] org.apache.catalina.core.ApplicationContext.log SessionListener: contextDestroyed()
17-Jun-2020 18:10:44.367 정보 [localhost-startStop-2] org.apache.catalina.core.ApplicationContext.log ContextListener: contextDestroyed()
17-Jun-2020 18:10:50.492 정보 [localhost-startStop-1] org.apache.catalina.core.ApplicationContext.log ContextListener: contextInitialized()
17-Jun-2020 18:10:50.492 정보 [localhost-startStop-1] org.apache.catalina.core.ApplicationContext.log SessionListener: contextInitialized()
17-Jun-2020 18:10:50.493 정보 [localhost-startStop-1] org.apache.catalina.core.ApplicationContext.log ContextListener: attributeAdded('StockTicker', 'async.Stockticker@456ba8e0')
