12-Jun-2020 09:04:51.952 심각 [http-nio-80-exec-16] org.apache.catalina.core.StandardWrapperValve.invoke Servlet.service() for servlet [jsp] in context with path [] threw exception [Unable to compile class for JSP: 

An error occurred at line: 767 in the jsp file: /HSPF01/TOT/ch/m_charge_tot_hspf/sql/M_CHARGE_TOT_HSPF.jsp
Duplicate local variable anyObject
764: 			System.out.println("V_TEMP_GL_NO : " + V_TEMP_GL_NO);
765: 			if (V_TEMP_GL_NO.contains("TG")) {
766: 				/*애니링크 시작*/
767:  				JSONObject anyObject = new JSONObject();
768:  				JSONArray anyArray = new JSONArray();
769:  				JSONObject anySubObject = new JSONObject();
770: 


An error occurred at line: 768 in the jsp file: /HSPF01/TOT/ch/m_charge_tot_hspf/sql/M_CHARGE_TOT_HSPF.jsp
Duplicate local variable anyArray
765: 			if (V_TEMP_GL_NO.contains("TG")) {
766: 				/*애니링크 시작*/
767:  				JSONObject anyObject = new JSONObject();
768:  				JSONArray anyArray = new JSONArray();
769:  				JSONObject anySubObject = new JSONObject();
770: 
771:  				URL url = null;


Stacktrace:] with root cause
 org.apache.jasper.JasperException: Unable to compile class for JSP: 

An error occurred at line: 767 in the jsp file: /HSPF01/TOT/ch/m_charge_tot_hspf/sql/M_CHARGE_TOT_HSPF.jsp
Duplicate local variable anyObject
764: 			System.out.println("V_TEMP_GL_NO : " + V_TEMP_GL_NO);
765: 			if (V_TEMP_GL_NO.contains("TG")) {
766: 				/*애니링크 시작*/
767:  				JSONObject anyObject = new JSONObject();
768:  				JSONArray anyArray = new JSONArray();
769:  				JSONObject anySubObject = new JSONObject();
770: 


An error occurred at line: 768 in the jsp file: /HSPF01/TOT/ch/m_charge_tot_hspf/sql/M_CHARGE_TOT_HSPF.jsp
Duplicate local variable anyArray
765: 			if (V_TEMP_GL_NO.contains("TG")) {
766: 				/*애니링크 시작*/
767:  				JSONObject anyObject = new JSONObject();
768:  				JSONArray anyArray = new JSONArray();
769:  				JSONObject anySubObject = new JSONObject();
770: 
771:  				URL url = null;


Stacktrace:
	at org.apache.jasper.compiler.DefaultErrorHandler.javacError(DefaultErrorHandler.java:102)
	at org.apache.jasper.compiler.ErrorDispatcher.javacError(ErrorDispatcher.java:198)
	at org.apache.jasper.compiler.JDTCompiler.generateClass(JDTCompiler.java:495)
	at org.apache.jasper.compiler.Compiler.compile(Compiler.java:363)
	at org.apache.jasper.compiler.Compiler.compile(Compiler.java:338)
	at org.apache.jasper.compiler.Compiler.compile(Compiler.java:325)
	at org.apache.jasper.JspCompilationContext.compile(JspCompilationContext.java:580)
	at org.apache.jasper.servlet.JspServletWrapper.service(JspServletWrapper.java:363)
	at org.apache.jasper.servlet.JspServlet.serviceJspFile(JspServlet.java:396)
	at org.apache.jasper.servlet.JspServlet.service(JspServlet.java:340)
	at javax.servlet.http.HttpServlet.service(HttpServlet.java:729)
	at org.apache.catalina.core.ApplicationFilterChain.internalDoFilter(ApplicationFilterChain.java:292)
	at org.apache.catalina.core.ApplicationFilterChain.doFilter(ApplicationFilterChain.java:207)
	at org.apache.tomcat.websocket.server.WsFilter.doFilter(WsFilter.java:52)
	at org.apache.catalina.core.ApplicationFilterChain.internalDoFilter(ApplicationFilterChain.java:240)
	at org.apache.catalina.core.ApplicationFilterChain.doFilter(ApplicationFilterChain.java:207)
	at org.apache.catalina.filters.CorsFilter.handleNonCORS(CorsFilter.java:458)
	at org.apache.catalina.filters.CorsFilter.doFilter(CorsFilter.java:177)
	at org.apache.catalina.core.ApplicationFilterChain.internalDoFilter(ApplicationFilterChain.java:240)
	at org.apache.catalina.core.ApplicationFilterChain.doFilter(ApplicationFilterChain.java:207)
	at org.apache.catalina.core.StandardWrapperValve.invoke(StandardWrapperValve.java:212)
	at org.apache.catalina.core.StandardContextValve.invoke(StandardContextValve.java:94)
	at org.apache.catalina.authenticator.AuthenticatorBase.invoke(AuthenticatorBase.java:496)
	at org.apache.catalina.core.StandardHostValve.invoke(StandardHostValve.java:141)
	at org.apache.catalina.valves.ErrorReportValve.invoke(ErrorReportValve.java:79)
	at org.apache.catalina.valves.AbstractAccessLogValve.invoke(AbstractAccessLogValve.java:620)
	at org.apache.catalina.core.StandardEngineValve.invoke(StandardEngineValve.java:88)
	at org.apache.catalina.connector.CoyoteAdapter.service(CoyoteAdapter.java:502)
	at org.apache.coyote.http11.AbstractHttp11Processor.process(AbstractHttp11Processor.java:1156)
	at org.apache.coyote.AbstractProtocol$AbstractConnectionHandler.process(AbstractProtocol.java:684)
	at org.apache.tomcat.util.net.NioEndpoint$SocketProcessor.doRun(NioEndpoint.java:1539)
	at org.apache.tomcat.util.net.NioEndpoint$SocketProcessor.run(NioEndpoint.java:1495)
	at java.util.concurrent.ThreadPoolExecutor.runWorker(ThreadPoolExecutor.java:1149)
	at java.util.concurrent.ThreadPoolExecutor$Worker.run(ThreadPoolExecutor.java:624)
	at org.apache.tomcat.util.threads.TaskThread$WrappingRunnable.run(TaskThread.java:61)
	at java.lang.Thread.run(Thread.java:748)

12-Jun-2020 09:04:57.890 심각 [http-nio-80-exec-10] org.apache.catalina.core.StandardWrapperValve.invoke Servlet.service() for servlet [jsp] in context with path [] threw exception [Unable to compile class for JSP: 

An error occurred at line: 767 in the jsp file: /HSPF01/TOT/ch/m_charge_tot_hspf/sql/M_CHARGE_TOT_HSPF.jsp
Duplicate local variable anyObject
764: 			System.out.println("V_TEMP_GL_NO : " + V_TEMP_GL_NO);
765: 			if (V_TEMP_GL_NO.contains("TG")) {
766: 				/*애니링크 시작*/
767:  				JSONObject anyObject = new JSONObject();
768:  				JSONArray anyArray = new JSONArray();
769:  				JSONObject anySubObject = new JSONObject();
770: 


An error occurred at line: 768 in the jsp file: /HSPF01/TOT/ch/m_charge_tot_hspf/sql/M_CHARGE_TOT_HSPF.jsp
Duplicate local variable anyArray
765: 			if (V_TEMP_GL_NO.contains("TG")) {
766: 				/*애니링크 시작*/
767:  				JSONObject anyObject = new JSONObject();
768:  				JSONArray anyArray = new JSONArray();
769:  				JSONObject anySubObject = new JSONObject();
770: 
771:  				URL url = null;


Stacktrace:] with root cause
 org.apache.jasper.JasperException: Unable to compile class for JSP: 

An error occurred at line: 767 in the jsp file: /HSPF01/TOT/ch/m_charge_tot_hspf/sql/M_CHARGE_TOT_HSPF.jsp
Duplicate local variable anyObject
764: 			System.out.println("V_TEMP_GL_NO : " + V_TEMP_GL_NO);
765: 			if (V_TEMP_GL_NO.contains("TG")) {
766: 				/*애니링크 시작*/
767:  				JSONObject anyObject = new JSONObject();
768:  				JSONArray anyArray = new JSONArray();
769:  				JSONObject anySubObject = new JSONObject();
770: 


An error occurred at line: 768 in the jsp file: /HSPF01/TOT/ch/m_charge_tot_hspf/sql/M_CHARGE_TOT_HSPF.jsp
Duplicate local variable anyArray
765: 			if (V_TEMP_GL_NO.contains("TG")) {
766: 				/*애니링크 시작*/
767:  				JSONObject anyObject = new JSONObject();
768:  				JSONArray anyArray = new JSONArray();
769:  				JSONObject anySubObject = new JSONObject();
770: 
771:  				URL url = null;


Stacktrace:
	at org.apache.jasper.compiler.DefaultErrorHandler.javacError(DefaultErrorHandler.java:102)
	at org.apache.jasper.compiler.ErrorDispatcher.javacError(ErrorDispatcher.java:198)
	at org.apache.jasper.compiler.JDTCompiler.generateClass(JDTCompiler.java:495)
	at org.apache.jasper.compiler.Compiler.compile(Compiler.java:363)
	at org.apache.jasper.compiler.Compiler.compile(Compiler.java:338)
	at org.apache.jasper.compiler.Compiler.compile(Compiler.java:325)
	at org.apache.jasper.JspCompilationContext.compile(JspCompilationContext.java:580)
	at org.apache.jasper.servlet.JspServletWrapper.service(JspServletWrapper.java:363)
	at org.apache.jasper.servlet.JspServlet.serviceJspFile(JspServlet.java:396)
	at org.apache.jasper.servlet.JspServlet.service(JspServlet.java:340)
	at javax.servlet.http.HttpServlet.service(HttpServlet.java:729)
	at org.apache.catalina.core.ApplicationFilterChain.internalDoFilter(ApplicationFilterChain.java:292)
	at org.apache.catalina.core.ApplicationFilterChain.doFilter(ApplicationFilterChain.java:207)
	at org.apache.tomcat.websocket.server.WsFilter.doFilter(WsFilter.java:52)
	at org.apache.catalina.core.ApplicationFilterChain.internalDoFilter(ApplicationFilterChain.java:240)
	at org.apache.catalina.core.ApplicationFilterChain.doFilter(ApplicationFilterChain.java:207)
	at org.apache.catalina.filters.CorsFilter.handleNonCORS(CorsFilter.java:458)
	at org.apache.catalina.filters.CorsFilter.doFilter(CorsFilter.java:177)
	at org.apache.catalina.core.ApplicationFilterChain.internalDoFilter(ApplicationFilterChain.java:240)
	at org.apache.catalina.core.ApplicationFilterChain.doFilter(ApplicationFilterChain.java:207)
	at org.apache.catalina.core.StandardWrapperValve.invoke(StandardWrapperValve.java:212)
	at org.apache.catalina.core.StandardContextValve.invoke(StandardContextValve.java:94)
	at org.apache.catalina.authenticator.AuthenticatorBase.invoke(AuthenticatorBase.java:496)
	at org.apache.catalina.core.StandardHostValve.invoke(StandardHostValve.java:141)
	at org.apache.catalina.valves.ErrorReportValve.invoke(ErrorReportValve.java:79)
	at org.apache.catalina.valves.AbstractAccessLogValve.invoke(AbstractAccessLogValve.java:620)
	at org.apache.catalina.core.StandardEngineValve.invoke(StandardEngineValve.java:88)
	at org.apache.catalina.connector.CoyoteAdapter.service(CoyoteAdapter.java:502)
	at org.apache.coyote.http11.AbstractHttp11Processor.process(AbstractHttp11Processor.java:1156)
	at org.apache.coyote.AbstractProtocol$AbstractConnectionHandler.process(AbstractProtocol.java:684)
	at org.apache.tomcat.util.net.NioEndpoint$SocketProcessor.doRun(NioEndpoint.java:1539)
	at org.apache.tomcat.util.net.NioEndpoint$SocketProcessor.run(NioEndpoint.java:1495)
	at java.util.concurrent.ThreadPoolExecutor.runWorker(ThreadPoolExecutor.java:1149)
	at java.util.concurrent.ThreadPoolExecutor$Worker.run(ThreadPoolExecutor.java:624)
	at org.apache.tomcat.util.threads.TaskThread$WrappingRunnable.run(TaskThread.java:61)
	at java.lang.Thread.run(Thread.java:748)

12-Jun-2020 09:05:08.550 심각 [http-nio-80-exec-9] org.apache.catalina.core.StandardWrapperValve.invoke Servlet.service() for servlet [jsp] in context with path [] threw exception [Unable to compile class for JSP: 

An error occurred at line: 767 in the jsp file: /HSPF01/TOT/ch/m_charge_tot_hspf/sql/M_CHARGE_TOT_HSPF.jsp
Duplicate local variable anyObject
764: 			System.out.println("V_TEMP_GL_NO : " + V_TEMP_GL_NO);
765: 			if (V_TEMP_GL_NO.contains("TG")) {
766: 				/*애니링크 시작*/
767:  				JSONObject anyObject = new JSONObject();
768:  				JSONArray anyArray = new JSONArray();
769:  				JSONObject anySubObject = new JSONObject();
770: 


An error occurred at line: 768 in the jsp file: /HSPF01/TOT/ch/m_charge_tot_hspf/sql/M_CHARGE_TOT_HSPF.jsp
Duplicate local variable anyArray
765: 			if (V_TEMP_GL_NO.contains("TG")) {
766: 				/*애니링크 시작*/
767:  				JSONObject anyObject = new JSONObject();
768:  				JSONArray anyArray = new JSONArray();
769:  				JSONObject anySubObject = new JSONObject();
770: 
771:  				URL url = null;


Stacktrace:] with root cause
 org.apache.jasper.JasperException: Unable to compile class for JSP: 

An error occurred at line: 767 in the jsp file: /HSPF01/TOT/ch/m_charge_tot_hspf/sql/M_CHARGE_TOT_HSPF.jsp
Duplicate local variable anyObject
764: 			System.out.println("V_TEMP_GL_NO : " + V_TEMP_GL_NO);
765: 			if (V_TEMP_GL_NO.contains("TG")) {
766: 				/*애니링크 시작*/
767:  				JSONObject anyObject = new JSONObject();
768:  				JSONArray anyArray = new JSONArray();
769:  				JSONObject anySubObject = new JSONObject();
770: 


An error occurred at line: 768 in the jsp file: /HSPF01/TOT/ch/m_charge_tot_hspf/sql/M_CHARGE_TOT_HSPF.jsp
Duplicate local variable anyArray
765: 			if (V_TEMP_GL_NO.contains("TG")) {
766: 				/*애니링크 시작*/
767:  				JSONObject anyObject = new JSONObject();
768:  				JSONArray anyArray = new JSONArray();
769:  				JSONObject anySubObject = new JSONObject();
770: 
771:  				URL url = null;


Stacktrace:
	at org.apache.jasper.compiler.DefaultErrorHandler.javacError(DefaultErrorHandler.java:102)
	at org.apache.jasper.compiler.ErrorDispatcher.javacError(ErrorDispatcher.java:198)
	at org.apache.jasper.compiler.JDTCompiler.generateClass(JDTCompiler.java:495)
	at org.apache.jasper.compiler.Compiler.compile(Compiler.java:363)
	at org.apache.jasper.compiler.Compiler.compile(Compiler.java:338)
	at org.apache.jasper.compiler.Compiler.compile(Compiler.java:325)
	at org.apache.jasper.JspCompilationContext.compile(JspCompilationContext.java:580)
	at org.apache.jasper.servlet.JspServletWrapper.service(JspServletWrapper.java:363)
	at org.apache.jasper.servlet.JspServlet.serviceJspFile(JspServlet.java:396)
	at org.apache.jasper.servlet.JspServlet.service(JspServlet.java:340)
	at javax.servlet.http.HttpServlet.service(HttpServlet.java:729)
	at org.apache.catalina.core.ApplicationFilterChain.internalDoFilter(ApplicationFilterChain.java:292)
	at org.apache.catalina.core.ApplicationFilterChain.doFilter(ApplicationFilterChain.java:207)
	at org.apache.tomcat.websocket.server.WsFilter.doFilter(WsFilter.java:52)
	at org.apache.catalina.core.ApplicationFilterChain.internalDoFilter(ApplicationFilterChain.java:240)
	at org.apache.catalina.core.ApplicationFilterChain.doFilter(ApplicationFilterChain.java:207)
	at org.apache.catalina.filters.CorsFilter.handleNonCORS(CorsFilter.java:458)
	at org.apache.catalina.filters.CorsFilter.doFilter(CorsFilter.java:177)
	at org.apache.catalina.core.ApplicationFilterChain.internalDoFilter(ApplicationFilterChain.java:240)
	at org.apache.catalina.core.ApplicationFilterChain.doFilter(ApplicationFilterChain.java:207)
	at org.apache.catalina.core.StandardWrapperValve.invoke(StandardWrapperValve.java:212)
	at org.apache.catalina.core.StandardContextValve.invoke(StandardContextValve.java:94)
	at org.apache.catalina.authenticator.AuthenticatorBase.invoke(AuthenticatorBase.java:496)
	at org.apache.catalina.core.StandardHostValve.invoke(StandardHostValve.java:141)
	at org.apache.catalina.valves.ErrorReportValve.invoke(ErrorReportValve.java:79)
	at org.apache.catalina.valves.AbstractAccessLogValve.invoke(AbstractAccessLogValve.java:620)
	at org.apache.catalina.core.StandardEngineValve.invoke(StandardEngineValve.java:88)
	at org.apache.catalina.connector.CoyoteAdapter.service(CoyoteAdapter.java:502)
	at org.apache.coyote.http11.AbstractHttp11Processor.process(AbstractHttp11Processor.java:1156)
	at org.apache.coyote.AbstractProtocol$AbstractConnectionHandler.process(AbstractProtocol.java:684)
	at org.apache.tomcat.util.net.NioEndpoint$SocketProcessor.doRun(NioEndpoint.java:1539)
	at org.apache.tomcat.util.net.NioEndpoint$SocketProcessor.run(NioEndpoint.java:1495)
	at java.util.concurrent.ThreadPoolExecutor.runWorker(ThreadPoolExecutor.java:1149)
	at java.util.concurrent.ThreadPoolExecutor$Worker.run(ThreadPoolExecutor.java:624)
	at org.apache.tomcat.util.threads.TaskThread$WrappingRunnable.run(TaskThread.java:61)
	at java.lang.Thread.run(Thread.java:748)

12-Jun-2020 09:05:17.526 심각 [http-nio-80-exec-4] org.apache.catalina.core.StandardWrapperValve.invoke Servlet.service() for servlet [jsp] in context with path [] threw exception [Unable to compile class for JSP: 

An error occurred at line: 767 in the jsp file: /HSPF01/TOT/ch/m_charge_tot_hspf/sql/M_CHARGE_TOT_HSPF.jsp
Duplicate local variable anyObject
764: 			System.out.println("V_TEMP_GL_NO : " + V_TEMP_GL_NO);
765: 			if (V_TEMP_GL_NO.contains("TG")) {
766: 				/*애니링크 시작*/
767:  				JSONObject anyObject = new JSONObject();
768:  				JSONArray anyArray = new JSONArray();
769:  				JSONObject anySubObject = new JSONObject();
770: 


An error occurred at line: 768 in the jsp file: /HSPF01/TOT/ch/m_charge_tot_hspf/sql/M_CHARGE_TOT_HSPF.jsp
Duplicate local variable anyArray
765: 			if (V_TEMP_GL_NO.contains("TG")) {
766: 				/*애니링크 시작*/
767:  				JSONObject anyObject = new JSONObject();
768:  				JSONArray anyArray = new JSONArray();
769:  				JSONObject anySubObject = new JSONObject();
770: 
771:  				URL url = null;


Stacktrace:] with root cause
 org.apache.jasper.JasperException: Unable to compile class for JSP: 

An error occurred at line: 767 in the jsp file: /HSPF01/TOT/ch/m_charge_tot_hspf/sql/M_CHARGE_TOT_HSPF.jsp
Duplicate local variable anyObject
764: 			System.out.println("V_TEMP_GL_NO : " + V_TEMP_GL_NO);
765: 			if (V_TEMP_GL_NO.contains("TG")) {
766: 				/*애니링크 시작*/
767:  				JSONObject anyObject = new JSONObject();
768:  				JSONArray anyArray = new JSONArray();
769:  				JSONObject anySubObject = new JSONObject();
770: 


An error occurred at line: 768 in the jsp file: /HSPF01/TOT/ch/m_charge_tot_hspf/sql/M_CHARGE_TOT_HSPF.jsp
Duplicate local variable anyArray
765: 			if (V_TEMP_GL_NO.contains("TG")) {
766: 				/*애니링크 시작*/
767:  				JSONObject anyObject = new JSONObject();
768:  				JSONArray anyArray = new JSONArray();
769:  				JSONObject anySubObject = new JSONObject();
770: 
771:  				URL url = null;


Stacktrace:
	at org.apache.jasper.compiler.DefaultErrorHandler.javacError(DefaultErrorHandler.java:102)
	at org.apache.jasper.compiler.ErrorDispatcher.javacError(ErrorDispatcher.java:198)
	at org.apache.jasper.compiler.JDTCompiler.generateClass(JDTCompiler.java:495)
	at org.apache.jasper.compiler.Compiler.compile(Compiler.java:363)
	at org.apache.jasper.compiler.Compiler.compile(Compiler.java:338)
	at org.apache.jasper.compiler.Compiler.compile(Compiler.java:325)
	at org.apache.jasper.JspCompilationContext.compile(JspCompilationContext.java:580)
	at org.apache.jasper.servlet.JspServletWrapper.service(JspServletWrapper.java:363)
	at org.apache.jasper.servlet.JspServlet.serviceJspFile(JspServlet.java:396)
	at org.apache.jasper.servlet.JspServlet.service(JspServlet.java:340)
	at javax.servlet.http.HttpServlet.service(HttpServlet.java:729)
	at org.apache.catalina.core.ApplicationFilterChain.internalDoFilter(ApplicationFilterChain.java:292)
	at org.apache.catalina.core.ApplicationFilterChain.doFilter(ApplicationFilterChain.java:207)
	at org.apache.tomcat.websocket.server.WsFilter.doFilter(WsFilter.java:52)
	at org.apache.catalina.core.ApplicationFilterChain.internalDoFilter(ApplicationFilterChain.java:240)
	at org.apache.catalina.core.ApplicationFilterChain.doFilter(ApplicationFilterChain.java:207)
	at org.apache.catalina.filters.CorsFilter.handleNonCORS(CorsFilter.java:458)
	at org.apache.catalina.filters.CorsFilter.doFilter(CorsFilter.java:177)
	at org.apache.catalina.core.ApplicationFilterChain.internalDoFilter(ApplicationFilterChain.java:240)
	at org.apache.catalina.core.ApplicationFilterChain.doFilter(ApplicationFilterChain.java:207)
	at org.apache.catalina.core.StandardWrapperValve.invoke(StandardWrapperValve.java:212)
	at org.apache.catalina.core.StandardContextValve.invoke(StandardContextValve.java:94)
	at org.apache.catalina.authenticator.AuthenticatorBase.invoke(AuthenticatorBase.java:496)
	at org.apache.catalina.core.StandardHostValve.invoke(StandardHostValve.java:141)
	at org.apache.catalina.valves.ErrorReportValve.invoke(ErrorReportValve.java:79)
	at org.apache.catalina.valves.AbstractAccessLogValve.invoke(AbstractAccessLogValve.java:620)
	at org.apache.catalina.core.StandardEngineValve.invoke(StandardEngineValve.java:88)
	at org.apache.catalina.connector.CoyoteAdapter.service(CoyoteAdapter.java:502)
	at org.apache.coyote.http11.AbstractHttp11Processor.process(AbstractHttp11Processor.java:1156)
	at org.apache.coyote.AbstractProtocol$AbstractConnectionHandler.process(AbstractProtocol.java:684)
	at org.apache.tomcat.util.net.NioEndpoint$SocketProcessor.doRun(NioEndpoint.java:1539)
	at org.apache.tomcat.util.net.NioEndpoint$SocketProcessor.run(NioEndpoint.java:1495)
	at java.util.concurrent.ThreadPoolExecutor.runWorker(ThreadPoolExecutor.java:1149)
	at java.util.concurrent.ThreadPoolExecutor$Worker.run(ThreadPoolExecutor.java:624)
	at org.apache.tomcat.util.threads.TaskThread$WrappingRunnable.run(TaskThread.java:61)
	at java.lang.Thread.run(Thread.java:748)

12-Jun-2020 09:27:04.543 심각 [http-nio-80-exec-2] org.apache.catalina.core.StandardWrapperValve.invoke Servlet.service() for servlet [jsp] in context with path [] threw exception [Unable to compile class for JSP: 

An error occurred at line: 767 in the jsp file: /HSPF01/TOT/ch/m_charge_tot_hspf/sql/M_CHARGE_TOT_HSPF.jsp
Duplicate local variable anyObject
764: 			System.out.println("V_TEMP_GL_NO : " + V_TEMP_GL_NO);
765: 			if (V_TEMP_GL_NO.contains("TG")) {
766: 				/*애니링크 시작*/
767:  				JSONObject anyObject = new JSONObject();
768:  				JSONArray anyArray = new JSONArray();
769:  				JSONObject anySubObject = new JSONObject();
770: 


An error occurred at line: 768 in the jsp file: /HSPF01/TOT/ch/m_charge_tot_hspf/sql/M_CHARGE_TOT_HSPF.jsp
Duplicate local variable anyArray
765: 			if (V_TEMP_GL_NO.contains("TG")) {
766: 				/*애니링크 시작*/
767:  				JSONObject anyObject = new JSONObject();
768:  				JSONArray anyArray = new JSONArray();
769:  				JSONObject anySubObject = new JSONObject();
770: 
771:  				URL url = null;


Stacktrace:] with root cause
 org.apache.jasper.JasperException: Unable to compile class for JSP: 

An error occurred at line: 767 in the jsp file: /HSPF01/TOT/ch/m_charge_tot_hspf/sql/M_CHARGE_TOT_HSPF.jsp
Duplicate local variable anyObject
764: 			System.out.println("V_TEMP_GL_NO : " + V_TEMP_GL_NO);
765: 			if (V_TEMP_GL_NO.contains("TG")) {
766: 				/*애니링크 시작*/
767:  				JSONObject anyObject = new JSONObject();
768:  				JSONArray anyArray = new JSONArray();
769:  				JSONObject anySubObject = new JSONObject();
770: 


An error occurred at line: 768 in the jsp file: /HSPF01/TOT/ch/m_charge_tot_hspf/sql/M_CHARGE_TOT_HSPF.jsp
Duplicate local variable anyArray
765: 			if (V_TEMP_GL_NO.contains("TG")) {
766: 				/*애니링크 시작*/
767:  				JSONObject anyObject = new JSONObject();
768:  				JSONArray anyArray = new JSONArray();
769:  				JSONObject anySubObject = new JSONObject();
770: 
771:  				URL url = null;


Stacktrace:
	at org.apache.jasper.compiler.DefaultErrorHandler.javacError(DefaultErrorHandler.java:102)
	at org.apache.jasper.compiler.ErrorDispatcher.javacError(ErrorDispatcher.java:198)
	at org.apache.jasper.compiler.JDTCompiler.generateClass(JDTCompiler.java:495)
	at org.apache.jasper.compiler.Compiler.compile(Compiler.java:363)
	at org.apache.jasper.compiler.Compiler.compile(Compiler.java:338)
	at org.apache.jasper.compiler.Compiler.compile(Compiler.java:325)
	at org.apache.jasper.JspCompilationContext.compile(JspCompilationContext.java:580)
	at org.apache.jasper.servlet.JspServletWrapper.service(JspServletWrapper.java:363)
	at org.apache.jasper.servlet.JspServlet.serviceJspFile(JspServlet.java:396)
	at org.apache.jasper.servlet.JspServlet.service(JspServlet.java:340)
	at javax.servlet.http.HttpServlet.service(HttpServlet.java:729)
	at org.apache.catalina.core.ApplicationFilterChain.internalDoFilter(ApplicationFilterChain.java:292)
	at org.apache.catalina.core.ApplicationFilterChain.doFilter(ApplicationFilterChain.java:207)
	at org.apache.tomcat.websocket.server.WsFilter.doFilter(WsFilter.java:52)
	at org.apache.catalina.core.ApplicationFilterChain.internalDoFilter(ApplicationFilterChain.java:240)
	at org.apache.catalina.core.ApplicationFilterChain.doFilter(ApplicationFilterChain.java:207)
	at org.apache.catalina.filters.CorsFilter.handleNonCORS(CorsFilter.java:458)
	at org.apache.catalina.filters.CorsFilter.doFilter(CorsFilter.java:177)
	at org.apache.catalina.core.ApplicationFilterChain.internalDoFilter(ApplicationFilterChain.java:240)
	at org.apache.catalina.core.ApplicationFilterChain.doFilter(ApplicationFilterChain.java:207)
	at org.apache.catalina.core.StandardWrapperValve.invoke(StandardWrapperValve.java:212)
	at org.apache.catalina.core.StandardContextValve.invoke(StandardContextValve.java:94)
	at org.apache.catalina.authenticator.AuthenticatorBase.invoke(AuthenticatorBase.java:496)
	at org.apache.catalina.core.StandardHostValve.invoke(StandardHostValve.java:141)
	at org.apache.catalina.valves.ErrorReportValve.invoke(ErrorReportValve.java:79)
	at org.apache.catalina.valves.AbstractAccessLogValve.invoke(AbstractAccessLogValve.java:620)
	at org.apache.catalina.core.StandardEngineValve.invoke(StandardEngineValve.java:88)
	at org.apache.catalina.connector.CoyoteAdapter.service(CoyoteAdapter.java:502)
	at org.apache.coyote.http11.AbstractHttp11Processor.process(AbstractHttp11Processor.java:1156)
	at org.apache.coyote.AbstractProtocol$AbstractConnectionHandler.process(AbstractProtocol.java:684)
	at org.apache.tomcat.util.net.NioEndpoint$SocketProcessor.doRun(NioEndpoint.java:1539)
	at org.apache.tomcat.util.net.NioEndpoint$SocketProcessor.run(NioEndpoint.java:1495)
	at java.util.concurrent.ThreadPoolExecutor.runWorker(ThreadPoolExecutor.java:1149)
	at java.util.concurrent.ThreadPoolExecutor$Worker.run(ThreadPoolExecutor.java:624)
	at org.apache.tomcat.util.threads.TaskThread$WrappingRunnable.run(TaskThread.java:61)
	at java.lang.Thread.run(Thread.java:748)

12-Jun-2020 09:29:10.873 심각 [http-nio-80-exec-10] org.apache.catalina.core.StandardWrapperValve.invoke Servlet.service() for servlet [jsp] in context with path [] threw exception [Unable to compile class for JSP: 

An error occurred at line: 767 in the jsp file: /HSPF01/TOT/ch/m_charge_tot_hspf/sql/M_CHARGE_TOT_HSPF.jsp
Duplicate local variable anyObject
764: 			System.out.println("V_TEMP_GL_NO : " + V_TEMP_GL_NO);
765: 			if (V_TEMP_GL_NO.contains("TG")) {
766: 				/*애니링크 시작*/
767:  				JSONObject anyObject = new JSONObject();
768:  				JSONArray anyArray = new JSONArray();
769:  				JSONObject anySubObject = new JSONObject();
770: 


An error occurred at line: 768 in the jsp file: /HSPF01/TOT/ch/m_charge_tot_hspf/sql/M_CHARGE_TOT_HSPF.jsp
Duplicate local variable anyArray
765: 			if (V_TEMP_GL_NO.contains("TG")) {
766: 				/*애니링크 시작*/
767:  				JSONObject anyObject = new JSONObject();
768:  				JSONArray anyArray = new JSONArray();
769:  				JSONObject anySubObject = new JSONObject();
770: 
771:  				URL url = null;


Stacktrace:] with root cause
 org.apache.jasper.JasperException: Unable to compile class for JSP: 

An error occurred at line: 767 in the jsp file: /HSPF01/TOT/ch/m_charge_tot_hspf/sql/M_CHARGE_TOT_HSPF.jsp
Duplicate local variable anyObject
764: 			System.out.println("V_TEMP_GL_NO : " + V_TEMP_GL_NO);
765: 			if (V_TEMP_GL_NO.contains("TG")) {
766: 				/*애니링크 시작*/
767:  				JSONObject anyObject = new JSONObject();
768:  				JSONArray anyArray = new JSONArray();
769:  				JSONObject anySubObject = new JSONObject();
770: 


An error occurred at line: 768 in the jsp file: /HSPF01/TOT/ch/m_charge_tot_hspf/sql/M_CHARGE_TOT_HSPF.jsp
Duplicate local variable anyArray
765: 			if (V_TEMP_GL_NO.contains("TG")) {
766: 				/*애니링크 시작*/
767:  				JSONObject anyObject = new JSONObject();
768:  				JSONArray anyArray = new JSONArray();
769:  				JSONObject anySubObject = new JSONObject();
770: 
771:  				URL url = null;


Stacktrace:
	at org.apache.jasper.compiler.DefaultErrorHandler.javacError(DefaultErrorHandler.java:102)
	at org.apache.jasper.compiler.ErrorDispatcher.javacError(ErrorDispatcher.java:198)
	at org.apache.jasper.compiler.JDTCompiler.generateClass(JDTCompiler.java:495)
	at org.apache.jasper.compiler.Compiler.compile(Compiler.java:363)
	at org.apache.jasper.compiler.Compiler.compile(Compiler.java:338)
	at org.apache.jasper.compiler.Compiler.compile(Compiler.java:325)
	at org.apache.jasper.JspCompilationContext.compile(JspCompilationContext.java:580)
	at org.apache.jasper.servlet.JspServletWrapper.service(JspServletWrapper.java:363)
	at org.apache.jasper.servlet.JspServlet.serviceJspFile(JspServlet.java:396)
	at org.apache.jasper.servlet.JspServlet.service(JspServlet.java:340)
	at javax.servlet.http.HttpServlet.service(HttpServlet.java:729)
	at org.apache.catalina.core.ApplicationFilterChain.internalDoFilter(ApplicationFilterChain.java:292)
	at org.apache.catalina.core.ApplicationFilterChain.doFilter(ApplicationFilterChain.java:207)
	at org.apache.tomcat.websocket.server.WsFilter.doFilter(WsFilter.java:52)
	at org.apache.catalina.core.ApplicationFilterChain.internalDoFilter(ApplicationFilterChain.java:240)
	at org.apache.catalina.core.ApplicationFilterChain.doFilter(ApplicationFilterChain.java:207)
	at org.apache.catalina.filters.CorsFilter.handleNonCORS(CorsFilter.java:458)
	at org.apache.catalina.filters.CorsFilter.doFilter(CorsFilter.java:177)
	at org.apache.catalina.core.ApplicationFilterChain.internalDoFilter(ApplicationFilterChain.java:240)
	at org.apache.catalina.core.ApplicationFilterChain.doFilter(ApplicationFilterChain.java:207)
	at org.apache.catalina.core.StandardWrapperValve.invoke(StandardWrapperValve.java:212)
	at org.apache.catalina.core.StandardContextValve.invoke(StandardContextValve.java:94)
	at org.apache.catalina.authenticator.AuthenticatorBase.invoke(AuthenticatorBase.java:496)
	at org.apache.catalina.core.StandardHostValve.invoke(StandardHostValve.java:141)
	at org.apache.catalina.valves.ErrorReportValve.invoke(ErrorReportValve.java:79)
	at org.apache.catalina.valves.AbstractAccessLogValve.invoke(AbstractAccessLogValve.java:620)
	at org.apache.catalina.core.StandardEngineValve.invoke(StandardEngineValve.java:88)
	at org.apache.catalina.connector.CoyoteAdapter.service(CoyoteAdapter.java:502)
	at org.apache.coyote.http11.AbstractHttp11Processor.process(AbstractHttp11Processor.java:1156)
	at org.apache.coyote.AbstractProtocol$AbstractConnectionHandler.process(AbstractProtocol.java:684)
	at org.apache.tomcat.util.net.NioEndpoint$SocketProcessor.doRun(NioEndpoint.java:1539)
	at org.apache.tomcat.util.net.NioEndpoint$SocketProcessor.run(NioEndpoint.java:1495)
	at java.util.concurrent.ThreadPoolExecutor.runWorker(ThreadPoolExecutor.java:1149)
	at java.util.concurrent.ThreadPoolExecutor$Worker.run(ThreadPoolExecutor.java:624)
	at org.apache.tomcat.util.threads.TaskThread$WrappingRunnable.run(TaskThread.java:61)
	at java.lang.Thread.run(Thread.java:748)

12-Jun-2020 09:29:14.989 심각 [http-nio-80-exec-6] org.apache.catalina.core.StandardWrapperValve.invoke Servlet.service() for servlet [jsp] in context with path [] threw exception [Unable to compile class for JSP: 

An error occurred at line: 767 in the jsp file: /HSPF01/TOT/ch/m_charge_tot_hspf/sql/M_CHARGE_TOT_HSPF.jsp
Duplicate local variable anyObject
764: 			System.out.println("V_TEMP_GL_NO : " + V_TEMP_GL_NO);
765: 			if (V_TEMP_GL_NO.contains("TG")) {
766: 				/*애니링크 시작*/
767:  				JSONObject anyObject = new JSONObject();
768:  				JSONArray anyArray = new JSONArray();
769:  				JSONObject anySubObject = new JSONObject();
770: 


An error occurred at line: 768 in the jsp file: /HSPF01/TOT/ch/m_charge_tot_hspf/sql/M_CHARGE_TOT_HSPF.jsp
Duplicate local variable anyArray
765: 			if (V_TEMP_GL_NO.contains("TG")) {
766: 				/*애니링크 시작*/
767:  				JSONObject anyObject = new JSONObject();
768:  				JSONArray anyArray = new JSONArray();
769:  				JSONObject anySubObject = new JSONObject();
770: 
771:  				URL url = null;


Stacktrace:] with root cause
 org.apache.jasper.JasperException: Unable to compile class for JSP: 

An error occurred at line: 767 in the jsp file: /HSPF01/TOT/ch/m_charge_tot_hspf/sql/M_CHARGE_TOT_HSPF.jsp
Duplicate local variable anyObject
764: 			System.out.println("V_TEMP_GL_NO : " + V_TEMP_GL_NO);
765: 			if (V_TEMP_GL_NO.contains("TG")) {
766: 				/*애니링크 시작*/
767:  				JSONObject anyObject = new JSONObject();
768:  				JSONArray anyArray = new JSONArray();
769:  				JSONObject anySubObject = new JSONObject();
770: 


An error occurred at line: 768 in the jsp file: /HSPF01/TOT/ch/m_charge_tot_hspf/sql/M_CHARGE_TOT_HSPF.jsp
Duplicate local variable anyArray
765: 			if (V_TEMP_GL_NO.contains("TG")) {
766: 				/*애니링크 시작*/
767:  				JSONObject anyObject = new JSONObject();
768:  				JSONArray anyArray = new JSONArray();
769:  				JSONObject anySubObject = new JSONObject();
770: 
771:  				URL url = null;


Stacktrace:
	at org.apache.jasper.compiler.DefaultErrorHandler.javacError(DefaultErrorHandler.java:102)
	at org.apache.jasper.compiler.ErrorDispatcher.javacError(ErrorDispatcher.java:198)
	at org.apache.jasper.compiler.JDTCompiler.generateClass(JDTCompiler.java:495)
	at org.apache.jasper.compiler.Compiler.compile(Compiler.java:363)
	at org.apache.jasper.compiler.Compiler.compile(Compiler.java:338)
	at org.apache.jasper.compiler.Compiler.compile(Compiler.java:325)
	at org.apache.jasper.JspCompilationContext.compile(JspCompilationContext.java:580)
	at org.apache.jasper.servlet.JspServletWrapper.service(JspServletWrapper.java:363)
	at org.apache.jasper.servlet.JspServlet.serviceJspFile(JspServlet.java:396)
	at org.apache.jasper.servlet.JspServlet.service(JspServlet.java:340)
	at javax.servlet.http.HttpServlet.service(HttpServlet.java:729)
	at org.apache.catalina.core.ApplicationFilterChain.internalDoFilter(ApplicationFilterChain.java:292)
	at org.apache.catalina.core.ApplicationFilterChain.doFilter(ApplicationFilterChain.java:207)
	at org.apache.tomcat.websocket.server.WsFilter.doFilter(WsFilter.java:52)
	at org.apache.catalina.core.ApplicationFilterChain.internalDoFilter(ApplicationFilterChain.java:240)
	at org.apache.catalina.core.ApplicationFilterChain.doFilter(ApplicationFilterChain.java:207)
	at org.apache.catalina.filters.CorsFilter.handleNonCORS(CorsFilter.java:458)
	at org.apache.catalina.filters.CorsFilter.doFilter(CorsFilter.java:177)
	at org.apache.catalina.core.ApplicationFilterChain.internalDoFilter(ApplicationFilterChain.java:240)
	at org.apache.catalina.core.ApplicationFilterChain.doFilter(ApplicationFilterChain.java:207)
	at org.apache.catalina.core.StandardWrapperValve.invoke(StandardWrapperValve.java:212)
	at org.apache.catalina.core.StandardContextValve.invoke(StandardContextValve.java:94)
	at org.apache.catalina.authenticator.AuthenticatorBase.invoke(AuthenticatorBase.java:496)
	at org.apache.catalina.core.StandardHostValve.invoke(StandardHostValve.java:141)
	at org.apache.catalina.valves.ErrorReportValve.invoke(ErrorReportValve.java:79)
	at org.apache.catalina.valves.AbstractAccessLogValve.invoke(AbstractAccessLogValve.java:620)
	at org.apache.catalina.core.StandardEngineValve.invoke(StandardEngineValve.java:88)
	at org.apache.catalina.connector.CoyoteAdapter.service(CoyoteAdapter.java:502)
	at org.apache.coyote.http11.AbstractHttp11Processor.process(AbstractHttp11Processor.java:1156)
	at org.apache.coyote.AbstractProtocol$AbstractConnectionHandler.process(AbstractProtocol.java:684)
	at org.apache.tomcat.util.net.NioEndpoint$SocketProcessor.doRun(NioEndpoint.java:1539)
	at org.apache.tomcat.util.net.NioEndpoint$SocketProcessor.run(NioEndpoint.java:1495)
	at java.util.concurrent.ThreadPoolExecutor.runWorker(ThreadPoolExecutor.java:1149)
	at java.util.concurrent.ThreadPoolExecutor$Worker.run(ThreadPoolExecutor.java:624)
	at org.apache.tomcat.util.threads.TaskThread$WrappingRunnable.run(TaskThread.java:61)
	at java.lang.Thread.run(Thread.java:748)

12-Jun-2020 09:29:23.698 심각 [http-nio-80-exec-14] org.apache.catalina.core.StandardWrapperValve.invoke Servlet.service() for servlet [jsp] in context with path [] threw exception [Unable to compile class for JSP: 

An error occurred at line: 767 in the jsp file: /HSPF01/TOT/ch/m_charge_tot_hspf/sql/M_CHARGE_TOT_HSPF.jsp
Duplicate local variable anyObject
764: 			System.out.println("V_TEMP_GL_NO : " + V_TEMP_GL_NO);
765: 			if (V_TEMP_GL_NO.contains("TG")) {
766: 				/*애니링크 시작*/
767:  				JSONObject anyObject = new JSONObject();
768:  				JSONArray anyArray = new JSONArray();
769:  				JSONObject anySubObject = new JSONObject();
770: 


An error occurred at line: 768 in the jsp file: /HSPF01/TOT/ch/m_charge_tot_hspf/sql/M_CHARGE_TOT_HSPF.jsp
Duplicate local variable anyArray
765: 			if (V_TEMP_GL_NO.contains("TG")) {
766: 				/*애니링크 시작*/
767:  				JSONObject anyObject = new JSONObject();
768:  				JSONArray anyArray = new JSONArray();
769:  				JSONObject anySubObject = new JSONObject();
770: 
771:  				URL url = null;


Stacktrace:] with root cause
 org.apache.jasper.JasperException: Unable to compile class for JSP: 

An error occurred at line: 767 in the jsp file: /HSPF01/TOT/ch/m_charge_tot_hspf/sql/M_CHARGE_TOT_HSPF.jsp
Duplicate local variable anyObject
764: 			System.out.println("V_TEMP_GL_NO : " + V_TEMP_GL_NO);
765: 			if (V_TEMP_GL_NO.contains("TG")) {
766: 				/*애니링크 시작*/
767:  				JSONObject anyObject = new JSONObject();
768:  				JSONArray anyArray = new JSONArray();
769:  				JSONObject anySubObject = new JSONObject();
770: 


An error occurred at line: 768 in the jsp file: /HSPF01/TOT/ch/m_charge_tot_hspf/sql/M_CHARGE_TOT_HSPF.jsp
Duplicate local variable anyArray
765: 			if (V_TEMP_GL_NO.contains("TG")) {
766: 				/*애니링크 시작*/
767:  				JSONObject anyObject = new JSONObject();
768:  				JSONArray anyArray = new JSONArray();
769:  				JSONObject anySubObject = new JSONObject();
770: 
771:  				URL url = null;


Stacktrace:
	at org.apache.jasper.compiler.DefaultErrorHandler.javacError(DefaultErrorHandler.java:102)
	at org.apache.jasper.compiler.ErrorDispatcher.javacError(ErrorDispatcher.java:198)
	at org.apache.jasper.compiler.JDTCompiler.generateClass(JDTCompiler.java:495)
	at org.apache.jasper.compiler.Compiler.compile(Compiler.java:363)
	at org.apache.jasper.compiler.Compiler.compile(Compiler.java:338)
	at org.apache.jasper.compiler.Compiler.compile(Compiler.java:325)
	at org.apache.jasper.JspCompilationContext.compile(JspCompilationContext.java:580)
	at org.apache.jasper.servlet.JspServletWrapper.service(JspServletWrapper.java:363)
	at org.apache.jasper.servlet.JspServlet.serviceJspFile(JspServlet.java:396)
	at org.apache.jasper.servlet.JspServlet.service(JspServlet.java:340)
	at javax.servlet.http.HttpServlet.service(HttpServlet.java:729)
	at org.apache.catalina.core.ApplicationFilterChain.internalDoFilter(ApplicationFilterChain.java:292)
	at org.apache.catalina.core.ApplicationFilterChain.doFilter(ApplicationFilterChain.java:207)
	at org.apache.tomcat.websocket.server.WsFilter.doFilter(WsFilter.java:52)
	at org.apache.catalina.core.ApplicationFilterChain.internalDoFilter(ApplicationFilterChain.java:240)
	at org.apache.catalina.core.ApplicationFilterChain.doFilter(ApplicationFilterChain.java:207)
	at org.apache.catalina.filters.CorsFilter.handleNonCORS(CorsFilter.java:458)
	at org.apache.catalina.filters.CorsFilter.doFilter(CorsFilter.java:177)
	at org.apache.catalina.core.ApplicationFilterChain.internalDoFilter(ApplicationFilterChain.java:240)
	at org.apache.catalina.core.ApplicationFilterChain.doFilter(ApplicationFilterChain.java:207)
	at org.apache.catalina.core.StandardWrapperValve.invoke(StandardWrapperValve.java:212)
	at org.apache.catalina.core.StandardContextValve.invoke(StandardContextValve.java:94)
	at org.apache.catalina.authenticator.AuthenticatorBase.invoke(AuthenticatorBase.java:496)
	at org.apache.catalina.core.StandardHostValve.invoke(StandardHostValve.java:141)
	at org.apache.catalina.valves.ErrorReportValve.invoke(ErrorReportValve.java:79)
	at org.apache.catalina.valves.AbstractAccessLogValve.invoke(AbstractAccessLogValve.java:620)
	at org.apache.catalina.core.StandardEngineValve.invoke(StandardEngineValve.java:88)
	at org.apache.catalina.connector.CoyoteAdapter.service(CoyoteAdapter.java:502)
	at org.apache.coyote.http11.AbstractHttp11Processor.process(AbstractHttp11Processor.java:1156)
	at org.apache.coyote.AbstractProtocol$AbstractConnectionHandler.process(AbstractProtocol.java:684)
	at org.apache.tomcat.util.net.NioEndpoint$SocketProcessor.doRun(NioEndpoint.java:1539)
	at org.apache.tomcat.util.net.NioEndpoint$SocketProcessor.run(NioEndpoint.java:1495)
	at java.util.concurrent.ThreadPoolExecutor.runWorker(ThreadPoolExecutor.java:1149)
	at java.util.concurrent.ThreadPoolExecutor$Worker.run(ThreadPoolExecutor.java:624)
	at org.apache.tomcat.util.threads.TaskThread$WrappingRunnable.run(TaskThread.java:61)
	at java.lang.Thread.run(Thread.java:748)

12-Jun-2020 09:29:30.437 심각 [http-nio-80-exec-10] org.apache.catalina.core.StandardWrapperValve.invoke Servlet.service() for servlet [jsp] in context with path [] threw exception [Unable to compile class for JSP: 

An error occurred at line: 767 in the jsp file: /HSPF01/TOT/ch/m_charge_tot_hspf/sql/M_CHARGE_TOT_HSPF.jsp
Duplicate local variable anyObject
764: 			System.out.println("V_TEMP_GL_NO : " + V_TEMP_GL_NO);
765: 			if (V_TEMP_GL_NO.contains("TG")) {
766: 				/*애니링크 시작*/
767:  				JSONObject anyObject = new JSONObject();
768:  				JSONArray anyArray = new JSONArray();
769:  				JSONObject anySubObject = new JSONObject();
770: 


An error occurred at line: 768 in the jsp file: /HSPF01/TOT/ch/m_charge_tot_hspf/sql/M_CHARGE_TOT_HSPF.jsp
Duplicate local variable anyArray
765: 			if (V_TEMP_GL_NO.contains("TG")) {
766: 				/*애니링크 시작*/
767:  				JSONObject anyObject = new JSONObject();
768:  				JSONArray anyArray = new JSONArray();
769:  				JSONObject anySubObject = new JSONObject();
770: 
771:  				URL url = null;


Stacktrace:] with root cause
 org.apache.jasper.JasperException: Unable to compile class for JSP: 

An error occurred at line: 767 in the jsp file: /HSPF01/TOT/ch/m_charge_tot_hspf/sql/M_CHARGE_TOT_HSPF.jsp
Duplicate local variable anyObject
764: 			System.out.println("V_TEMP_GL_NO : " + V_TEMP_GL_NO);
765: 			if (V_TEMP_GL_NO.contains("TG")) {
766: 				/*애니링크 시작*/
767:  				JSONObject anyObject = new JSONObject();
768:  				JSONArray anyArray = new JSONArray();
769:  				JSONObject anySubObject = new JSONObject();
770: 


An error occurred at line: 768 in the jsp file: /HSPF01/TOT/ch/m_charge_tot_hspf/sql/M_CHARGE_TOT_HSPF.jsp
Duplicate local variable anyArray
765: 			if (V_TEMP_GL_NO.contains("TG")) {
766: 				/*애니링크 시작*/
767:  				JSONObject anyObject = new JSONObject();
768:  				JSONArray anyArray = new JSONArray();
769:  				JSONObject anySubObject = new JSONObject();
770: 
771:  				URL url = null;


Stacktrace:
	at org.apache.jasper.compiler.DefaultErrorHandler.javacError(DefaultErrorHandler.java:102)
	at org.apache.jasper.compiler.ErrorDispatcher.javacError(ErrorDispatcher.java:198)
	at org.apache.jasper.compiler.JDTCompiler.generateClass(JDTCompiler.java:495)
	at org.apache.jasper.compiler.Compiler.compile(Compiler.java:363)
	at org.apache.jasper.compiler.Compiler.compile(Compiler.java:338)
	at org.apache.jasper.compiler.Compiler.compile(Compiler.java:325)
	at org.apache.jasper.JspCompilationContext.compile(JspCompilationContext.java:580)
	at org.apache.jasper.servlet.JspServletWrapper.service(JspServletWrapper.java:363)
	at org.apache.jasper.servlet.JspServlet.serviceJspFile(JspServlet.java:396)
	at org.apache.jasper.servlet.JspServlet.service(JspServlet.java:340)
	at javax.servlet.http.HttpServlet.service(HttpServlet.java:729)
	at org.apache.catalina.core.ApplicationFilterChain.internalDoFilter(ApplicationFilterChain.java:292)
	at org.apache.catalina.core.ApplicationFilterChain.doFilter(ApplicationFilterChain.java:207)
	at org.apache.tomcat.websocket.server.WsFilter.doFilter(WsFilter.java:52)
	at org.apache.catalina.core.ApplicationFilterChain.internalDoFilter(ApplicationFilterChain.java:240)
	at org.apache.catalina.core.ApplicationFilterChain.doFilter(ApplicationFilterChain.java:207)
	at org.apache.catalina.filters.CorsFilter.handleNonCORS(CorsFilter.java:458)
	at org.apache.catalina.filters.CorsFilter.doFilter(CorsFilter.java:177)
	at org.apache.catalina.core.ApplicationFilterChain.internalDoFilter(ApplicationFilterChain.java:240)
	at org.apache.catalina.core.ApplicationFilterChain.doFilter(ApplicationFilterChain.java:207)
	at org.apache.catalina.core.StandardWrapperValve.invoke(StandardWrapperValve.java:212)
	at org.apache.catalina.core.StandardContextValve.invoke(StandardContextValve.java:94)
	at org.apache.catalina.authenticator.AuthenticatorBase.invoke(AuthenticatorBase.java:496)
	at org.apache.catalina.core.StandardHostValve.invoke(StandardHostValve.java:141)
	at org.apache.catalina.valves.ErrorReportValve.invoke(ErrorReportValve.java:79)
	at org.apache.catalina.valves.AbstractAccessLogValve.invoke(AbstractAccessLogValve.java:620)
	at org.apache.catalina.core.StandardEngineValve.invoke(StandardEngineValve.java:88)
	at org.apache.catalina.connector.CoyoteAdapter.service(CoyoteAdapter.java:502)
	at org.apache.coyote.http11.AbstractHttp11Processor.process(AbstractHttp11Processor.java:1156)
	at org.apache.coyote.AbstractProtocol$AbstractConnectionHandler.process(AbstractProtocol.java:684)
	at org.apache.tomcat.util.net.NioEndpoint$SocketProcessor.doRun(NioEndpoint.java:1539)
	at org.apache.tomcat.util.net.NioEndpoint$SocketProcessor.run(NioEndpoint.java:1495)
	at java.util.concurrent.ThreadPoolExecutor.runWorker(ThreadPoolExecutor.java:1149)
	at java.util.concurrent.ThreadPoolExecutor$Worker.run(ThreadPoolExecutor.java:624)
	at org.apache.tomcat.util.threads.TaskThread$WrappingRunnable.run(TaskThread.java:61)
	at java.lang.Thread.run(Thread.java:748)

12-Jun-2020 17:55:14.030 심각 [http-nio-80-exec-18] org.apache.catalina.core.StandardWrapperValve.invoke Servlet.service() for servlet [jsp] in context with path [] threw exception [Unable to compile class for JSP: 

An error occurred at line: 767 in the jsp file: /HSPF01/TOT/ch/m_charge_tot_hspf/sql/M_CHARGE_TOT_HSPF.jsp
Duplicate local variable anyObject
764: 			System.out.println("V_TEMP_GL_NO : " + V_TEMP_GL_NO);
765: 			if (V_TEMP_GL_NO.contains("TG")) {
766: 				/*애니링크 시작*/
767:  				JSONObject anyObject = new JSONObject();
768:  				JSONArray anyArray = new JSONArray();
769:  				JSONObject anySubObject = new JSONObject();
770: 


An error occurred at line: 768 in the jsp file: /HSPF01/TOT/ch/m_charge_tot_hspf/sql/M_CHARGE_TOT_HSPF.jsp
Duplicate local variable anyArray
765: 			if (V_TEMP_GL_NO.contains("TG")) {
766: 				/*애니링크 시작*/
767:  				JSONObject anyObject = new JSONObject();
768:  				JSONArray anyArray = new JSONArray();
769:  				JSONObject anySubObject = new JSONObject();
770: 
771:  				URL url = null;


Stacktrace:] with root cause
 org.apache.jasper.JasperException: Unable to compile class for JSP: 

An error occurred at line: 767 in the jsp file: /HSPF01/TOT/ch/m_charge_tot_hspf/sql/M_CHARGE_TOT_HSPF.jsp
Duplicate local variable anyObject
764: 			System.out.println("V_TEMP_GL_NO : " + V_TEMP_GL_NO);
765: 			if (V_TEMP_GL_NO.contains("TG")) {
766: 				/*애니링크 시작*/
767:  				JSONObject anyObject = new JSONObject();
768:  				JSONArray anyArray = new JSONArray();
769:  				JSONObject anySubObject = new JSONObject();
770: 


An error occurred at line: 768 in the jsp file: /HSPF01/TOT/ch/m_charge_tot_hspf/sql/M_CHARGE_TOT_HSPF.jsp
Duplicate local variable anyArray
765: 			if (V_TEMP_GL_NO.contains("TG")) {
766: 				/*애니링크 시작*/
767:  				JSONObject anyObject = new JSONObject();
768:  				JSONArray anyArray = new JSONArray();
769:  				JSONObject anySubObject = new JSONObject();
770: 
771:  				URL url = null;


Stacktrace:
	at org.apache.jasper.compiler.DefaultErrorHandler.javacError(DefaultErrorHandler.java:102)
	at org.apache.jasper.compiler.ErrorDispatcher.javacError(ErrorDispatcher.java:198)
	at org.apache.jasper.compiler.JDTCompiler.generateClass(JDTCompiler.java:495)
	at org.apache.jasper.compiler.Compiler.compile(Compiler.java:363)
	at org.apache.jasper.compiler.Compiler.compile(Compiler.java:338)
	at org.apache.jasper.compiler.Compiler.compile(Compiler.java:325)
	at org.apache.jasper.JspCompilationContext.compile(JspCompilationContext.java:580)
	at org.apache.jasper.servlet.JspServletWrapper.service(JspServletWrapper.java:363)
	at org.apache.jasper.servlet.JspServlet.serviceJspFile(JspServlet.java:396)
	at org.apache.jasper.servlet.JspServlet.service(JspServlet.java:340)
	at javax.servlet.http.HttpServlet.service(HttpServlet.java:729)
	at org.apache.catalina.core.ApplicationFilterChain.internalDoFilter(ApplicationFilterChain.java:292)
	at org.apache.catalina.core.ApplicationFilterChain.doFilter(ApplicationFilterChain.java:207)
	at org.apache.tomcat.websocket.server.WsFilter.doFilter(WsFilter.java:52)
	at org.apache.catalina.core.ApplicationFilterChain.internalDoFilter(ApplicationFilterChain.java:240)
	at org.apache.catalina.core.ApplicationFilterChain.doFilter(ApplicationFilterChain.java:207)
	at org.apache.catalina.filters.CorsFilter.handleNonCORS(CorsFilter.java:458)
	at org.apache.catalina.filters.CorsFilter.doFilter(CorsFilter.java:177)
	at org.apache.catalina.core.ApplicationFilterChain.internalDoFilter(ApplicationFilterChain.java:240)
	at org.apache.catalina.core.ApplicationFilterChain.doFilter(ApplicationFilterChain.java:207)
	at org.apache.catalina.core.StandardWrapperValve.invoke(StandardWrapperValve.java:212)
	at org.apache.catalina.core.StandardContextValve.invoke(StandardContextValve.java:94)
	at org.apache.catalina.authenticator.AuthenticatorBase.invoke(AuthenticatorBase.java:496)
	at org.apache.catalina.core.StandardHostValve.invoke(StandardHostValve.java:141)
	at org.apache.catalina.valves.ErrorReportValve.invoke(ErrorReportValve.java:79)
	at org.apache.catalina.valves.AbstractAccessLogValve.invoke(AbstractAccessLogValve.java:620)
	at org.apache.catalina.core.StandardEngineValve.invoke(StandardEngineValve.java:88)
	at org.apache.catalina.connector.CoyoteAdapter.service(CoyoteAdapter.java:502)
	at org.apache.coyote.http11.AbstractHttp11Processor.process(AbstractHttp11Processor.java:1156)
	at org.apache.coyote.AbstractProtocol$AbstractConnectionHandler.process(AbstractProtocol.java:684)
	at org.apache.tomcat.util.net.NioEndpoint$SocketProcessor.doRun(NioEndpoint.java:1539)
	at org.apache.tomcat.util.net.NioEndpoint$SocketProcessor.run(NioEndpoint.java:1495)
	at java.util.concurrent.ThreadPoolExecutor.runWorker(ThreadPoolExecutor.java:1149)
	at java.util.concurrent.ThreadPoolExecutor$Worker.run(ThreadPoolExecutor.java:624)
	at org.apache.tomcat.util.threads.TaskThread$WrappingRunnable.run(TaskThread.java:61)
	at java.lang.Thread.run(Thread.java:748)

12-Jun-2020 17:55:24.251 심각 [http-nio-80-exec-4] org.apache.catalina.core.StandardWrapperValve.invoke Servlet.service() for servlet [jsp] in context with path [] threw exception [Unable to compile class for JSP: 

An error occurred at line: 767 in the jsp file: /HSPF01/TOT/ch/m_charge_tot_hspf/sql/M_CHARGE_TOT_HSPF.jsp
Duplicate local variable anyObject
764: 			System.out.println("V_TEMP_GL_NO : " + V_TEMP_GL_NO);
765: 			if (V_TEMP_GL_NO.contains("TG")) {
766: 				/*애니링크 시작*/
767:  				JSONObject anyObject = new JSONObject();
768:  				JSONArray anyArray = new JSONArray();
769:  				JSONObject anySubObject = new JSONObject();
770: 


An error occurred at line: 768 in the jsp file: /HSPF01/TOT/ch/m_charge_tot_hspf/sql/M_CHARGE_TOT_HSPF.jsp
Duplicate local variable anyArray
765: 			if (V_TEMP_GL_NO.contains("TG")) {
766: 				/*애니링크 시작*/
767:  				JSONObject anyObject = new JSONObject();
768:  				JSONArray anyArray = new JSONArray();
769:  				JSONObject anySubObject = new JSONObject();
770: 
771:  				URL url = null;


Stacktrace:] with root cause
 org.apache.jasper.JasperException: Unable to compile class for JSP: 

An error occurred at line: 767 in the jsp file: /HSPF01/TOT/ch/m_charge_tot_hspf/sql/M_CHARGE_TOT_HSPF.jsp
Duplicate local variable anyObject
764: 			System.out.println("V_TEMP_GL_NO : " + V_TEMP_GL_NO);
765: 			if (V_TEMP_GL_NO.contains("TG")) {
766: 				/*애니링크 시작*/
767:  				JSONObject anyObject = new JSONObject();
768:  				JSONArray anyArray = new JSONArray();
769:  				JSONObject anySubObject = new JSONObject();
770: 


An error occurred at line: 768 in the jsp file: /HSPF01/TOT/ch/m_charge_tot_hspf/sql/M_CHARGE_TOT_HSPF.jsp
Duplicate local variable anyArray
765: 			if (V_TEMP_GL_NO.contains("TG")) {
766: 				/*애니링크 시작*/
767:  				JSONObject anyObject = new JSONObject();
768:  				JSONArray anyArray = new JSONArray();
769:  				JSONObject anySubObject = new JSONObject();
770: 
771:  				URL url = null;


Stacktrace:
	at org.apache.jasper.compiler.DefaultErrorHandler.javacError(DefaultErrorHandler.java:102)
	at org.apache.jasper.compiler.ErrorDispatcher.javacError(ErrorDispatcher.java:198)
	at org.apache.jasper.compiler.JDTCompiler.generateClass(JDTCompiler.java:495)
	at org.apache.jasper.compiler.Compiler.compile(Compiler.java:363)
	at org.apache.jasper.compiler.Compiler.compile(Compiler.java:338)
	at org.apache.jasper.compiler.Compiler.compile(Compiler.java:325)
	at org.apache.jasper.JspCompilationContext.compile(JspCompilationContext.java:580)
	at org.apache.jasper.servlet.JspServletWrapper.service(JspServletWrapper.java:363)
	at org.apache.jasper.servlet.JspServlet.serviceJspFile(JspServlet.java:396)
	at org.apache.jasper.servlet.JspServlet.service(JspServlet.java:340)
	at javax.servlet.http.HttpServlet.service(HttpServlet.java:729)
	at org.apache.catalina.core.ApplicationFilterChain.internalDoFilter(ApplicationFilterChain.java:292)
	at org.apache.catalina.core.ApplicationFilterChain.doFilter(ApplicationFilterChain.java:207)
	at org.apache.tomcat.websocket.server.WsFilter.doFilter(WsFilter.java:52)
	at org.apache.catalina.core.ApplicationFilterChain.internalDoFilter(ApplicationFilterChain.java:240)
	at org.apache.catalina.core.ApplicationFilterChain.doFilter(ApplicationFilterChain.java:207)
	at org.apache.catalina.filters.CorsFilter.handleNonCORS(CorsFilter.java:458)
	at org.apache.catalina.filters.CorsFilter.doFilter(CorsFilter.java:177)
	at org.apache.catalina.core.ApplicationFilterChain.internalDoFilter(ApplicationFilterChain.java:240)
	at org.apache.catalina.core.ApplicationFilterChain.doFilter(ApplicationFilterChain.java:207)
	at org.apache.catalina.core.StandardWrapperValve.invoke(StandardWrapperValve.java:212)
	at org.apache.catalina.core.StandardContextValve.invoke(StandardContextValve.java:94)
	at org.apache.catalina.authenticator.AuthenticatorBase.invoke(AuthenticatorBase.java:496)
	at org.apache.catalina.core.StandardHostValve.invoke(StandardHostValve.java:141)
	at org.apache.catalina.valves.ErrorReportValve.invoke(ErrorReportValve.java:79)
	at org.apache.catalina.valves.AbstractAccessLogValve.invoke(AbstractAccessLogValve.java:620)
	at org.apache.catalina.core.StandardEngineValve.invoke(StandardEngineValve.java:88)
	at org.apache.catalina.connector.CoyoteAdapter.service(CoyoteAdapter.java:502)
	at org.apache.coyote.http11.AbstractHttp11Processor.process(AbstractHttp11Processor.java:1156)
	at org.apache.coyote.AbstractProtocol$AbstractConnectionHandler.process(AbstractProtocol.java:684)
	at org.apache.tomcat.util.net.NioEndpoint$SocketProcessor.doRun(NioEndpoint.java:1539)
	at org.apache.tomcat.util.net.NioEndpoint$SocketProcessor.run(NioEndpoint.java:1495)
	at java.util.concurrent.ThreadPoolExecutor.runWorker(ThreadPoolExecutor.java:1149)
	at java.util.concurrent.ThreadPoolExecutor$Worker.run(ThreadPoolExecutor.java:624)
	at org.apache.tomcat.util.threads.TaskThread$WrappingRunnable.run(TaskThread.java:61)
	at java.lang.Thread.run(Thread.java:748)

12-Jun-2020 17:55:28.294 심각 [http-nio-80-exec-2] org.apache.catalina.core.StandardWrapperValve.invoke Servlet.service() for servlet [jsp] in context with path [] threw exception [Unable to compile class for JSP: 

An error occurred at line: 767 in the jsp file: /HSPF01/TOT/ch/m_charge_tot_hspf/sql/M_CHARGE_TOT_HSPF.jsp
Duplicate local variable anyObject
764: 			System.out.println("V_TEMP_GL_NO : " + V_TEMP_GL_NO);
765: 			if (V_TEMP_GL_NO.contains("TG")) {
766: 				/*애니링크 시작*/
767:  				JSONObject anyObject = new JSONObject();
768:  				JSONArray anyArray = new JSONArray();
769:  				JSONObject anySubObject = new JSONObject();
770: 


An error occurred at line: 768 in the jsp file: /HSPF01/TOT/ch/m_charge_tot_hspf/sql/M_CHARGE_TOT_HSPF.jsp
Duplicate local variable anyArray
765: 			if (V_TEMP_GL_NO.contains("TG")) {
766: 				/*애니링크 시작*/
767:  				JSONObject anyObject = new JSONObject();
768:  				JSONArray anyArray = new JSONArray();
769:  				JSONObject anySubObject = new JSONObject();
770: 
771:  				URL url = null;


Stacktrace:] with root cause
 org.apache.jasper.JasperException: Unable to compile class for JSP: 

An error occurred at line: 767 in the jsp file: /HSPF01/TOT/ch/m_charge_tot_hspf/sql/M_CHARGE_TOT_HSPF.jsp
Duplicate local variable anyObject
764: 			System.out.println("V_TEMP_GL_NO : " + V_TEMP_GL_NO);
765: 			if (V_TEMP_GL_NO.contains("TG")) {
766: 				/*애니링크 시작*/
767:  				JSONObject anyObject = new JSONObject();
768:  				JSONArray anyArray = new JSONArray();
769:  				JSONObject anySubObject = new JSONObject();
770: 


An error occurred at line: 768 in the jsp file: /HSPF01/TOT/ch/m_charge_tot_hspf/sql/M_CHARGE_TOT_HSPF.jsp
Duplicate local variable anyArray
765: 			if (V_TEMP_GL_NO.contains("TG")) {
766: 				/*애니링크 시작*/
767:  				JSONObject anyObject = new JSONObject();
768:  				JSONArray anyArray = new JSONArray();
769:  				JSONObject anySubObject = new JSONObject();
770: 
771:  				URL url = null;


Stacktrace:
	at org.apache.jasper.compiler.DefaultErrorHandler.javacError(DefaultErrorHandler.java:102)
	at org.apache.jasper.compiler.ErrorDispatcher.javacError(ErrorDispatcher.java:198)
	at org.apache.jasper.compiler.JDTCompiler.generateClass(JDTCompiler.java:495)
	at org.apache.jasper.compiler.Compiler.compile(Compiler.java:363)
	at org.apache.jasper.compiler.Compiler.compile(Compiler.java:338)
	at org.apache.jasper.compiler.Compiler.compile(Compiler.java:325)
	at org.apache.jasper.JspCompilationContext.compile(JspCompilationContext.java:580)
	at org.apache.jasper.servlet.JspServletWrapper.service(JspServletWrapper.java:363)
	at org.apache.jasper.servlet.JspServlet.serviceJspFile(JspServlet.java:396)
	at org.apache.jasper.servlet.JspServlet.service(JspServlet.java:340)
	at javax.servlet.http.HttpServlet.service(HttpServlet.java:729)
	at org.apache.catalina.core.ApplicationFilterChain.internalDoFilter(ApplicationFilterChain.java:292)
	at org.apache.catalina.core.ApplicationFilterChain.doFilter(ApplicationFilterChain.java:207)
	at org.apache.tomcat.websocket.server.WsFilter.doFilter(WsFilter.java:52)
	at org.apache.catalina.core.ApplicationFilterChain.internalDoFilter(ApplicationFilterChain.java:240)
	at org.apache.catalina.core.ApplicationFilterChain.doFilter(ApplicationFilterChain.java:207)
	at org.apache.catalina.filters.CorsFilter.handleNonCORS(CorsFilter.java:458)
	at org.apache.catalina.filters.CorsFilter.doFilter(CorsFilter.java:177)
	at org.apache.catalina.core.ApplicationFilterChain.internalDoFilter(ApplicationFilterChain.java:240)
	at org.apache.catalina.core.ApplicationFilterChain.doFilter(ApplicationFilterChain.java:207)
	at org.apache.catalina.core.StandardWrapperValve.invoke(StandardWrapperValve.java:212)
	at org.apache.catalina.core.StandardContextValve.invoke(StandardContextValve.java:94)
	at org.apache.catalina.authenticator.AuthenticatorBase.invoke(AuthenticatorBase.java:496)
	at org.apache.catalina.core.StandardHostValve.invoke(StandardHostValve.java:141)
	at org.apache.catalina.valves.ErrorReportValve.invoke(ErrorReportValve.java:79)
	at org.apache.catalina.valves.AbstractAccessLogValve.invoke(AbstractAccessLogValve.java:620)
	at org.apache.catalina.core.StandardEngineValve.invoke(StandardEngineValve.java:88)
	at org.apache.catalina.connector.CoyoteAdapter.service(CoyoteAdapter.java:502)
	at org.apache.coyote.http11.AbstractHttp11Processor.process(AbstractHttp11Processor.java:1156)
	at org.apache.coyote.AbstractProtocol$AbstractConnectionHandler.process(AbstractProtocol.java:684)
	at org.apache.tomcat.util.net.NioEndpoint$SocketProcessor.doRun(NioEndpoint.java:1539)
	at org.apache.tomcat.util.net.NioEndpoint$SocketProcessor.run(NioEndpoint.java:1495)
	at java.util.concurrent.ThreadPoolExecutor.runWorker(ThreadPoolExecutor.java:1149)
	at java.util.concurrent.ThreadPoolExecutor$Worker.run(ThreadPoolExecutor.java:624)
	at org.apache.tomcat.util.threads.TaskThread$WrappingRunnable.run(TaskThread.java:61)
	at java.lang.Thread.run(Thread.java:748)

12-Jun-2020 17:55:37.724 심각 [http-nio-80-exec-7] org.apache.catalina.core.StandardWrapperValve.invoke Servlet.service() for servlet [jsp] in context with path [] threw exception [Unable to compile class for JSP: 

An error occurred at line: 767 in the jsp file: /HSPF01/TOT/ch/m_charge_tot_hspf/sql/M_CHARGE_TOT_HSPF.jsp
Duplicate local variable anyObject
764: 			System.out.println("V_TEMP_GL_NO : " + V_TEMP_GL_NO);
765: 			if (V_TEMP_GL_NO.contains("TG")) {
766: 				/*애니링크 시작*/
767:  				JSONObject anyObject = new JSONObject();
768:  				JSONArray anyArray = new JSONArray();
769:  				JSONObject anySubObject = new JSONObject();
770: 


An error occurred at line: 768 in the jsp file: /HSPF01/TOT/ch/m_charge_tot_hspf/sql/M_CHARGE_TOT_HSPF.jsp
Duplicate local variable anyArray
765: 			if (V_TEMP_GL_NO.contains("TG")) {
766: 				/*애니링크 시작*/
767:  				JSONObject anyObject = new JSONObject();
768:  				JSONArray anyArray = new JSONArray();
769:  				JSONObject anySubObject = new JSONObject();
770: 
771:  				URL url = null;


Stacktrace:] with root cause
 org.apache.jasper.JasperException: Unable to compile class for JSP: 

An error occurred at line: 767 in the jsp file: /HSPF01/TOT/ch/m_charge_tot_hspf/sql/M_CHARGE_TOT_HSPF.jsp
Duplicate local variable anyObject
764: 			System.out.println("V_TEMP_GL_NO : " + V_TEMP_GL_NO);
765: 			if (V_TEMP_GL_NO.contains("TG")) {
766: 				/*애니링크 시작*/
767:  				JSONObject anyObject = new JSONObject();
768:  				JSONArray anyArray = new JSONArray();
769:  				JSONObject anySubObject = new JSONObject();
770: 


An error occurred at line: 768 in the jsp file: /HSPF01/TOT/ch/m_charge_tot_hspf/sql/M_CHARGE_TOT_HSPF.jsp
Duplicate local variable anyArray
765: 			if (V_TEMP_GL_NO.contains("TG")) {
766: 				/*애니링크 시작*/
767:  				JSONObject anyObject = new JSONObject();
768:  				JSONArray anyArray = new JSONArray();
769:  				JSONObject anySubObject = new JSONObject();
770: 
771:  				URL url = null;


Stacktrace:
	at org.apache.jasper.compiler.DefaultErrorHandler.javacError(DefaultErrorHandler.java:102)
	at org.apache.jasper.compiler.ErrorDispatcher.javacError(ErrorDispatcher.java:198)
	at org.apache.jasper.compiler.JDTCompiler.generateClass(JDTCompiler.java:495)
	at org.apache.jasper.compiler.Compiler.compile(Compiler.java:363)
	at org.apache.jasper.compiler.Compiler.compile(Compiler.java:338)
	at org.apache.jasper.compiler.Compiler.compile(Compiler.java:325)
	at org.apache.jasper.JspCompilationContext.compile(JspCompilationContext.java:580)
	at org.apache.jasper.servlet.JspServletWrapper.service(JspServletWrapper.java:363)
	at org.apache.jasper.servlet.JspServlet.serviceJspFile(JspServlet.java:396)
	at org.apache.jasper.servlet.JspServlet.service(JspServlet.java:340)
	at javax.servlet.http.HttpServlet.service(HttpServlet.java:729)
	at org.apache.catalina.core.ApplicationFilterChain.internalDoFilter(ApplicationFilterChain.java:292)
	at org.apache.catalina.core.ApplicationFilterChain.doFilter(ApplicationFilterChain.java:207)
	at org.apache.tomcat.websocket.server.WsFilter.doFilter(WsFilter.java:52)
	at org.apache.catalina.core.ApplicationFilterChain.internalDoFilter(ApplicationFilterChain.java:240)
	at org.apache.catalina.core.ApplicationFilterChain.doFilter(ApplicationFilterChain.java:207)
	at org.apache.catalina.filters.CorsFilter.handleNonCORS(CorsFilter.java:458)
	at org.apache.catalina.filters.CorsFilter.doFilter(CorsFilter.java:177)
	at org.apache.catalina.core.ApplicationFilterChain.internalDoFilter(ApplicationFilterChain.java:240)
	at org.apache.catalina.core.ApplicationFilterChain.doFilter(ApplicationFilterChain.java:207)
	at org.apache.catalina.core.StandardWrapperValve.invoke(StandardWrapperValve.java:212)
	at org.apache.catalina.core.StandardContextValve.invoke(StandardContextValve.java:94)
	at org.apache.catalina.authenticator.AuthenticatorBase.invoke(AuthenticatorBase.java:496)
	at org.apache.catalina.core.StandardHostValve.invoke(StandardHostValve.java:141)
	at org.apache.catalina.valves.ErrorReportValve.invoke(ErrorReportValve.java:79)
	at org.apache.catalina.valves.AbstractAccessLogValve.invoke(AbstractAccessLogValve.java:620)
	at org.apache.catalina.core.StandardEngineValve.invoke(StandardEngineValve.java:88)
	at org.apache.catalina.connector.CoyoteAdapter.service(CoyoteAdapter.java:502)
	at org.apache.coyote.http11.AbstractHttp11Processor.process(AbstractHttp11Processor.java:1156)
	at org.apache.coyote.AbstractProtocol$AbstractConnectionHandler.process(AbstractProtocol.java:684)
	at org.apache.tomcat.util.net.NioEndpoint$SocketProcessor.doRun(NioEndpoint.java:1539)
	at org.apache.tomcat.util.net.NioEndpoint$SocketProcessor.run(NioEndpoint.java:1495)
	at java.util.concurrent.ThreadPoolExecutor.runWorker(ThreadPoolExecutor.java:1149)
	at java.util.concurrent.ThreadPoolExecutor$Worker.run(ThreadPoolExecutor.java:624)
	at org.apache.tomcat.util.threads.TaskThread$WrappingRunnable.run(TaskThread.java:61)
	at java.lang.Thread.run(Thread.java:748)

12-Jun-2020 17:55:42.651 심각 [http-nio-80-exec-14] org.apache.catalina.core.StandardWrapperValve.invoke Servlet.service() for servlet [jsp] in context with path [] threw exception [Unable to compile class for JSP: 

An error occurred at line: 767 in the jsp file: /HSPF01/TOT/ch/m_charge_tot_hspf/sql/M_CHARGE_TOT_HSPF.jsp
Duplicate local variable anyObject
764: 			System.out.println("V_TEMP_GL_NO : " + V_TEMP_GL_NO);
765: 			if (V_TEMP_GL_NO.contains("TG")) {
766: 				/*애니링크 시작*/
767:  				JSONObject anyObject = new JSONObject();
768:  				JSONArray anyArray = new JSONArray();
769:  				JSONObject anySubObject = new JSONObject();
770: 


An error occurred at line: 768 in the jsp file: /HSPF01/TOT/ch/m_charge_tot_hspf/sql/M_CHARGE_TOT_HSPF.jsp
Duplicate local variable anyArray
765: 			if (V_TEMP_GL_NO.contains("TG")) {
766: 				/*애니링크 시작*/
767:  				JSONObject anyObject = new JSONObject();
768:  				JSONArray anyArray = new JSONArray();
769:  				JSONObject anySubObject = new JSONObject();
770: 
771:  				URL url = null;


Stacktrace:] with root cause
 org.apache.jasper.JasperException: Unable to compile class for JSP: 

An error occurred at line: 767 in the jsp file: /HSPF01/TOT/ch/m_charge_tot_hspf/sql/M_CHARGE_TOT_HSPF.jsp
Duplicate local variable anyObject
764: 			System.out.println("V_TEMP_GL_NO : " + V_TEMP_GL_NO);
765: 			if (V_TEMP_GL_NO.contains("TG")) {
766: 				/*애니링크 시작*/
767:  				JSONObject anyObject = new JSONObject();
768:  				JSONArray anyArray = new JSONArray();
769:  				JSONObject anySubObject = new JSONObject();
770: 


An error occurred at line: 768 in the jsp file: /HSPF01/TOT/ch/m_charge_tot_hspf/sql/M_CHARGE_TOT_HSPF.jsp
Duplicate local variable anyArray
765: 			if (V_TEMP_GL_NO.contains("TG")) {
766: 				/*애니링크 시작*/
767:  				JSONObject anyObject = new JSONObject();
768:  				JSONArray anyArray = new JSONArray();
769:  				JSONObject anySubObject = new JSONObject();
770: 
771:  				URL url = null;


Stacktrace:
	at org.apache.jasper.compiler.DefaultErrorHandler.javacError(DefaultErrorHandler.java:102)
	at org.apache.jasper.compiler.ErrorDispatcher.javacError(ErrorDispatcher.java:198)
	at org.apache.jasper.compiler.JDTCompiler.generateClass(JDTCompiler.java:495)
	at org.apache.jasper.compiler.Compiler.compile(Compiler.java:363)
	at org.apache.jasper.compiler.Compiler.compile(Compiler.java:338)
	at org.apache.jasper.compiler.Compiler.compile(Compiler.java:325)
	at org.apache.jasper.JspCompilationContext.compile(JspCompilationContext.java:580)
	at org.apache.jasper.servlet.JspServletWrapper.service(JspServletWrapper.java:363)
	at org.apache.jasper.servlet.JspServlet.serviceJspFile(JspServlet.java:396)
	at org.apache.jasper.servlet.JspServlet.service(JspServlet.java:340)
	at javax.servlet.http.HttpServlet.service(HttpServlet.java:729)
	at org.apache.catalina.core.ApplicationFilterChain.internalDoFilter(ApplicationFilterChain.java:292)
	at org.apache.catalina.core.ApplicationFilterChain.doFilter(ApplicationFilterChain.java:207)
	at org.apache.tomcat.websocket.server.WsFilter.doFilter(WsFilter.java:52)
	at org.apache.catalina.core.ApplicationFilterChain.internalDoFilter(ApplicationFilterChain.java:240)
	at org.apache.catalina.core.ApplicationFilterChain.doFilter(ApplicationFilterChain.java:207)
	at org.apache.catalina.filters.CorsFilter.handleNonCORS(CorsFilter.java:458)
	at org.apache.catalina.filters.CorsFilter.doFilter(CorsFilter.java:177)
	at org.apache.catalina.core.ApplicationFilterChain.internalDoFilter(ApplicationFilterChain.java:240)
	at org.apache.catalina.core.ApplicationFilterChain.doFilter(ApplicationFilterChain.java:207)
	at org.apache.catalina.core.StandardWrapperValve.invoke(StandardWrapperValve.java:212)
	at org.apache.catalina.core.StandardContextValve.invoke(StandardContextValve.java:94)
	at org.apache.catalina.authenticator.AuthenticatorBase.invoke(AuthenticatorBase.java:496)
	at org.apache.catalina.core.StandardHostValve.invoke(StandardHostValve.java:141)
	at org.apache.catalina.valves.ErrorReportValve.invoke(ErrorReportValve.java:79)
	at org.apache.catalina.valves.AbstractAccessLogValve.invoke(AbstractAccessLogValve.java:620)
	at org.apache.catalina.core.StandardEngineValve.invoke(StandardEngineValve.java:88)
	at org.apache.catalina.connector.CoyoteAdapter.service(CoyoteAdapter.java:502)
	at org.apache.coyote.http11.AbstractHttp11Processor.process(AbstractHttp11Processor.java:1156)
	at org.apache.coyote.AbstractProtocol$AbstractConnectionHandler.process(AbstractProtocol.java:684)
	at org.apache.tomcat.util.net.NioEndpoint$SocketProcessor.doRun(NioEndpoint.java:1539)
	at org.apache.tomcat.util.net.NioEndpoint$SocketProcessor.run(NioEndpoint.java:1495)
	at java.util.concurrent.ThreadPoolExecutor.runWorker(ThreadPoolExecutor.java:1149)
	at java.util.concurrent.ThreadPoolExecutor$Worker.run(ThreadPoolExecutor.java:624)
	at org.apache.tomcat.util.threads.TaskThread$WrappingRunnable.run(TaskThread.java:61)
	at java.lang.Thread.run(Thread.java:748)

12-Jun-2020 17:55:51.649 심각 [http-nio-80-exec-6] org.apache.catalina.core.StandardWrapperValve.invoke Servlet.service() for servlet [jsp] in context with path [] threw exception [Unable to compile class for JSP: 

An error occurred at line: 767 in the jsp file: /HSPF01/TOT/ch/m_charge_tot_hspf/sql/M_CHARGE_TOT_HSPF.jsp
Duplicate local variable anyObject
764: 			System.out.println("V_TEMP_GL_NO : " + V_TEMP_GL_NO);
765: 			if (V_TEMP_GL_NO.contains("TG")) {
766: 				/*애니링크 시작*/
767:  				JSONObject anyObject = new JSONObject();
768:  				JSONArray anyArray = new JSONArray();
769:  				JSONObject anySubObject = new JSONObject();
770: 


An error occurred at line: 768 in the jsp file: /HSPF01/TOT/ch/m_charge_tot_hspf/sql/M_CHARGE_TOT_HSPF.jsp
Duplicate local variable anyArray
765: 			if (V_TEMP_GL_NO.contains("TG")) {
766: 				/*애니링크 시작*/
767:  				JSONObject anyObject = new JSONObject();
768:  				JSONArray anyArray = new JSONArray();
769:  				JSONObject anySubObject = new JSONObject();
770: 
771:  				URL url = null;


Stacktrace:] with root cause
 org.apache.jasper.JasperException: Unable to compile class for JSP: 

An error occurred at line: 767 in the jsp file: /HSPF01/TOT/ch/m_charge_tot_hspf/sql/M_CHARGE_TOT_HSPF.jsp
Duplicate local variable anyObject
764: 			System.out.println("V_TEMP_GL_NO : " + V_TEMP_GL_NO);
765: 			if (V_TEMP_GL_NO.contains("TG")) {
766: 				/*애니링크 시작*/
767:  				JSONObject anyObject = new JSONObject();
768:  				JSONArray anyArray = new JSONArray();
769:  				JSONObject anySubObject = new JSONObject();
770: 


An error occurred at line: 768 in the jsp file: /HSPF01/TOT/ch/m_charge_tot_hspf/sql/M_CHARGE_TOT_HSPF.jsp
Duplicate local variable anyArray
765: 			if (V_TEMP_GL_NO.contains("TG")) {
766: 				/*애니링크 시작*/
767:  				JSONObject anyObject = new JSONObject();
768:  				JSONArray anyArray = new JSONArray();
769:  				JSONObject anySubObject = new JSONObject();
770: 
771:  				URL url = null;


Stacktrace:
	at org.apache.jasper.compiler.DefaultErrorHandler.javacError(DefaultErrorHandler.java:102)
	at org.apache.jasper.compiler.ErrorDispatcher.javacError(ErrorDispatcher.java:198)
	at org.apache.jasper.compiler.JDTCompiler.generateClass(JDTCompiler.java:495)
	at org.apache.jasper.compiler.Compiler.compile(Compiler.java:363)
	at org.apache.jasper.compiler.Compiler.compile(Compiler.java:338)
	at org.apache.jasper.compiler.Compiler.compile(Compiler.java:325)
	at org.apache.jasper.JspCompilationContext.compile(JspCompilationContext.java:580)
	at org.apache.jasper.servlet.JspServletWrapper.service(JspServletWrapper.java:363)
	at org.apache.jasper.servlet.JspServlet.serviceJspFile(JspServlet.java:396)
	at org.apache.jasper.servlet.JspServlet.service(JspServlet.java:340)
	at javax.servlet.http.HttpServlet.service(HttpServlet.java:729)
	at org.apache.catalina.core.ApplicationFilterChain.internalDoFilter(ApplicationFilterChain.java:292)
	at org.apache.catalina.core.ApplicationFilterChain.doFilter(ApplicationFilterChain.java:207)
	at org.apache.tomcat.websocket.server.WsFilter.doFilter(WsFilter.java:52)
	at org.apache.catalina.core.ApplicationFilterChain.internalDoFilter(ApplicationFilterChain.java:240)
	at org.apache.catalina.core.ApplicationFilterChain.doFilter(ApplicationFilterChain.java:207)
	at org.apache.catalina.filters.CorsFilter.handleNonCORS(CorsFilter.java:458)
	at org.apache.catalina.filters.CorsFilter.doFilter(CorsFilter.java:177)
	at org.apache.catalina.core.ApplicationFilterChain.internalDoFilter(ApplicationFilterChain.java:240)
	at org.apache.catalina.core.ApplicationFilterChain.doFilter(ApplicationFilterChain.java:207)
	at org.apache.catalina.core.StandardWrapperValve.invoke(StandardWrapperValve.java:212)
	at org.apache.catalina.core.StandardContextValve.invoke(StandardContextValve.java:94)
	at org.apache.catalina.authenticator.AuthenticatorBase.invoke(AuthenticatorBase.java:496)
	at org.apache.catalina.core.StandardHostValve.invoke(StandardHostValve.java:141)
	at org.apache.catalina.valves.ErrorReportValve.invoke(ErrorReportValve.java:79)
	at org.apache.catalina.valves.AbstractAccessLogValve.invoke(AbstractAccessLogValve.java:620)
	at org.apache.catalina.core.StandardEngineValve.invoke(StandardEngineValve.java:88)
	at org.apache.catalina.connector.CoyoteAdapter.service(CoyoteAdapter.java:502)
	at org.apache.coyote.http11.AbstractHttp11Processor.process(AbstractHttp11Processor.java:1156)
	at org.apache.coyote.AbstractProtocol$AbstractConnectionHandler.process(AbstractProtocol.java:684)
	at org.apache.tomcat.util.net.NioEndpoint$SocketProcessor.doRun(NioEndpoint.java:1539)
	at org.apache.tomcat.util.net.NioEndpoint$SocketProcessor.run(NioEndpoint.java:1495)
	at java.util.concurrent.ThreadPoolExecutor.runWorker(ThreadPoolExecutor.java:1149)
	at java.util.concurrent.ThreadPoolExecutor$Worker.run(ThreadPoolExecutor.java:624)
	at org.apache.tomcat.util.threads.TaskThread$WrappingRunnable.run(TaskThread.java:61)
	at java.lang.Thread.run(Thread.java:748)

12-Jun-2020 17:56:01.067 심각 [http-nio-80-exec-9] org.apache.catalina.core.StandardWrapperValve.invoke Servlet.service() for servlet [jsp] in context with path [] threw exception [Unable to compile class for JSP: 

An error occurred at line: 767 in the jsp file: /HSPF01/TOT/ch/m_charge_tot_hspf/sql/M_CHARGE_TOT_HSPF.jsp
Duplicate local variable anyObject
764: 			System.out.println("V_TEMP_GL_NO : " + V_TEMP_GL_NO);
765: 			if (V_TEMP_GL_NO.contains("TG")) {
766: 				/*애니링크 시작*/
767:  				JSONObject anyObject = new JSONObject();
768:  				JSONArray anyArray = new JSONArray();
769:  				JSONObject anySubObject = new JSONObject();
770: 


An error occurred at line: 768 in the jsp file: /HSPF01/TOT/ch/m_charge_tot_hspf/sql/M_CHARGE_TOT_HSPF.jsp
Duplicate local variable anyArray
765: 			if (V_TEMP_GL_NO.contains("TG")) {
766: 				/*애니링크 시작*/
767:  				JSONObject anyObject = new JSONObject();
768:  				JSONArray anyArray = new JSONArray();
769:  				JSONObject anySubObject = new JSONObject();
770: 
771:  				URL url = null;


Stacktrace:] with root cause
 org.apache.jasper.JasperException: Unable to compile class for JSP: 

An error occurred at line: 767 in the jsp file: /HSPF01/TOT/ch/m_charge_tot_hspf/sql/M_CHARGE_TOT_HSPF.jsp
Duplicate local variable anyObject
764: 			System.out.println("V_TEMP_GL_NO : " + V_TEMP_GL_NO);
765: 			if (V_TEMP_GL_NO.contains("TG")) {
766: 				/*애니링크 시작*/
767:  				JSONObject anyObject = new JSONObject();
768:  				JSONArray anyArray = new JSONArray();
769:  				JSONObject anySubObject = new JSONObject();
770: 


An error occurred at line: 768 in the jsp file: /HSPF01/TOT/ch/m_charge_tot_hspf/sql/M_CHARGE_TOT_HSPF.jsp
Duplicate local variable anyArray
765: 			if (V_TEMP_GL_NO.contains("TG")) {
766: 				/*애니링크 시작*/
767:  				JSONObject anyObject = new JSONObject();
768:  				JSONArray anyArray = new JSONArray();
769:  				JSONObject anySubObject = new JSONObject();
770: 
771:  				URL url = null;


Stacktrace:
	at org.apache.jasper.compiler.DefaultErrorHandler.javacError(DefaultErrorHandler.java:102)
	at org.apache.jasper.compiler.ErrorDispatcher.javacError(ErrorDispatcher.java:198)
	at org.apache.jasper.compiler.JDTCompiler.generateClass(JDTCompiler.java:495)
	at org.apache.jasper.compiler.Compiler.compile(Compiler.java:363)
	at org.apache.jasper.compiler.Compiler.compile(Compiler.java:338)
	at org.apache.jasper.compiler.Compiler.compile(Compiler.java:325)
	at org.apache.jasper.JspCompilationContext.compile(JspCompilationContext.java:580)
	at org.apache.jasper.servlet.JspServletWrapper.service(JspServletWrapper.java:363)
	at org.apache.jasper.servlet.JspServlet.serviceJspFile(JspServlet.java:396)
	at org.apache.jasper.servlet.JspServlet.service(JspServlet.java:340)
	at javax.servlet.http.HttpServlet.service(HttpServlet.java:729)
	at org.apache.catalina.core.ApplicationFilterChain.internalDoFilter(ApplicationFilterChain.java:292)
	at org.apache.catalina.core.ApplicationFilterChain.doFilter(ApplicationFilterChain.java:207)
	at org.apache.tomcat.websocket.server.WsFilter.doFilter(WsFilter.java:52)
	at org.apache.catalina.core.ApplicationFilterChain.internalDoFilter(ApplicationFilterChain.java:240)
	at org.apache.catalina.core.ApplicationFilterChain.doFilter(ApplicationFilterChain.java:207)
	at org.apache.catalina.filters.CorsFilter.handleNonCORS(CorsFilter.java:458)
	at org.apache.catalina.filters.CorsFilter.doFilter(CorsFilter.java:177)
	at org.apache.catalina.core.ApplicationFilterChain.internalDoFilter(ApplicationFilterChain.java:240)
	at org.apache.catalina.core.ApplicationFilterChain.doFilter(ApplicationFilterChain.java:207)
	at org.apache.catalina.core.StandardWrapperValve.invoke(StandardWrapperValve.java:212)
	at org.apache.catalina.core.StandardContextValve.invoke(StandardContextValve.java:94)
	at org.apache.catalina.authenticator.AuthenticatorBase.invoke(AuthenticatorBase.java:496)
	at org.apache.catalina.core.StandardHostValve.invoke(StandardHostValve.java:141)
	at org.apache.catalina.valves.ErrorReportValve.invoke(ErrorReportValve.java:79)
	at org.apache.catalina.valves.AbstractAccessLogValve.invoke(AbstractAccessLogValve.java:620)
	at org.apache.catalina.core.StandardEngineValve.invoke(StandardEngineValve.java:88)
	at org.apache.catalina.connector.CoyoteAdapter.service(CoyoteAdapter.java:502)
	at org.apache.coyote.http11.AbstractHttp11Processor.process(AbstractHttp11Processor.java:1156)
	at org.apache.coyote.AbstractProtocol$AbstractConnectionHandler.process(AbstractProtocol.java:684)
	at org.apache.tomcat.util.net.NioEndpoint$SocketProcessor.doRun(NioEndpoint.java:1539)
	at org.apache.tomcat.util.net.NioEndpoint$SocketProcessor.run(NioEndpoint.java:1495)
	at java.util.concurrent.ThreadPoolExecutor.runWorker(ThreadPoolExecutor.java:1149)
	at java.util.concurrent.ThreadPoolExecutor$Worker.run(ThreadPoolExecutor.java:624)
	at org.apache.tomcat.util.threads.TaskThread$WrappingRunnable.run(TaskThread.java:61)
	at java.lang.Thread.run(Thread.java:748)

12-Jun-2020 17:56:32.151 심각 [http-nio-80-exec-3] org.apache.catalina.core.StandardWrapperValve.invoke Servlet.service() for servlet [jsp] in context with path [] threw exception [Unable to compile class for JSP: 

An error occurred at line: 767 in the jsp file: /HSPF01/TOT/ch/m_charge_tot_hspf/sql/M_CHARGE_TOT_HSPF.jsp
Duplicate local variable anyObject
764: 			System.out.println("V_TEMP_GL_NO : " + V_TEMP_GL_NO);
765: 			if (V_TEMP_GL_NO.contains("TG")) {
766: 				/*애니링크 시작*/
767:  				JSONObject anyObject = new JSONObject();
768:  				JSONArray anyArray = new JSONArray();
769:  				JSONObject anySubObject = new JSONObject();
770: 


An error occurred at line: 768 in the jsp file: /HSPF01/TOT/ch/m_charge_tot_hspf/sql/M_CHARGE_TOT_HSPF.jsp
Duplicate local variable anyArray
765: 			if (V_TEMP_GL_NO.contains("TG")) {
766: 				/*애니링크 시작*/
767:  				JSONObject anyObject = new JSONObject();
768:  				JSONArray anyArray = new JSONArray();
769:  				JSONObject anySubObject = new JSONObject();
770: 
771:  				URL url = null;


Stacktrace:] with root cause
 org.apache.jasper.JasperException: Unable to compile class for JSP: 

An error occurred at line: 767 in the jsp file: /HSPF01/TOT/ch/m_charge_tot_hspf/sql/M_CHARGE_TOT_HSPF.jsp
Duplicate local variable anyObject
764: 			System.out.println("V_TEMP_GL_NO : " + V_TEMP_GL_NO);
765: 			if (V_TEMP_GL_NO.contains("TG")) {
766: 				/*애니링크 시작*/
767:  				JSONObject anyObject = new JSONObject();
768:  				JSONArray anyArray = new JSONArray();
769:  				JSONObject anySubObject = new JSONObject();
770: 


An error occurred at line: 768 in the jsp file: /HSPF01/TOT/ch/m_charge_tot_hspf/sql/M_CHARGE_TOT_HSPF.jsp
Duplicate local variable anyArray
765: 			if (V_TEMP_GL_NO.contains("TG")) {
766: 				/*애니링크 시작*/
767:  				JSONObject anyObject = new JSONObject();
768:  				JSONArray anyArray = new JSONArray();
769:  				JSONObject anySubObject = new JSONObject();
770: 
771:  				URL url = null;


Stacktrace:
	at org.apache.jasper.compiler.DefaultErrorHandler.javacError(DefaultErrorHandler.java:102)
	at org.apache.jasper.compiler.ErrorDispatcher.javacError(ErrorDispatcher.java:198)
	at org.apache.jasper.compiler.JDTCompiler.generateClass(JDTCompiler.java:495)
	at org.apache.jasper.compiler.Compiler.compile(Compiler.java:363)
	at org.apache.jasper.compiler.Compiler.compile(Compiler.java:338)
	at org.apache.jasper.compiler.Compiler.compile(Compiler.java:325)
	at org.apache.jasper.JspCompilationContext.compile(JspCompilationContext.java:580)
	at org.apache.jasper.servlet.JspServletWrapper.service(JspServletWrapper.java:363)
	at org.apache.jasper.servlet.JspServlet.serviceJspFile(JspServlet.java:396)
	at org.apache.jasper.servlet.JspServlet.service(JspServlet.java:340)
	at javax.servlet.http.HttpServlet.service(HttpServlet.java:729)
	at org.apache.catalina.core.ApplicationFilterChain.internalDoFilter(ApplicationFilterChain.java:292)
	at org.apache.catalina.core.ApplicationFilterChain.doFilter(ApplicationFilterChain.java:207)
	at org.apache.tomcat.websocket.server.WsFilter.doFilter(WsFilter.java:52)
	at org.apache.catalina.core.ApplicationFilterChain.internalDoFilter(ApplicationFilterChain.java:240)
	at org.apache.catalina.core.ApplicationFilterChain.doFilter(ApplicationFilterChain.java:207)
	at org.apache.catalina.filters.CorsFilter.handleNonCORS(CorsFilter.java:458)
	at org.apache.catalina.filters.CorsFilter.doFilter(CorsFilter.java:177)
	at org.apache.catalina.core.ApplicationFilterChain.internalDoFilter(ApplicationFilterChain.java:240)
	at org.apache.catalina.core.ApplicationFilterChain.doFilter(ApplicationFilterChain.java:207)
	at org.apache.catalina.core.StandardWrapperValve.invoke(StandardWrapperValve.java:212)
	at org.apache.catalina.core.StandardContextValve.invoke(StandardContextValve.java:94)
	at org.apache.catalina.authenticator.AuthenticatorBase.invoke(AuthenticatorBase.java:496)
	at org.apache.catalina.core.StandardHostValve.invoke(StandardHostValve.java:141)
	at org.apache.catalina.valves.ErrorReportValve.invoke(ErrorReportValve.java:79)
	at org.apache.catalina.valves.AbstractAccessLogValve.invoke(AbstractAccessLogValve.java:620)
	at org.apache.catalina.core.StandardEngineValve.invoke(StandardEngineValve.java:88)
	at org.apache.catalina.connector.CoyoteAdapter.service(CoyoteAdapter.java:502)
	at org.apache.coyote.http11.AbstractHttp11Processor.process(AbstractHttp11Processor.java:1156)
	at org.apache.coyote.AbstractProtocol$AbstractConnectionHandler.process(AbstractProtocol.java:684)
	at org.apache.tomcat.util.net.NioEndpoint$SocketProcessor.doRun(NioEndpoint.java:1539)
	at org.apache.tomcat.util.net.NioEndpoint$SocketProcessor.run(NioEndpoint.java:1495)
	at java.util.concurrent.ThreadPoolExecutor.runWorker(ThreadPoolExecutor.java:1149)
	at java.util.concurrent.ThreadPoolExecutor$Worker.run(ThreadPoolExecutor.java:624)
	at org.apache.tomcat.util.threads.TaskThread$WrappingRunnable.run(TaskThread.java:61)
	at java.lang.Thread.run(Thread.java:748)

12-Jun-2020 17:56:41.782 심각 [http-nio-80-exec-10] org.apache.catalina.core.StandardWrapperValve.invoke Servlet.service() for servlet [jsp] in context with path [] threw exception [Unable to compile class for JSP: 

An error occurred at line: 767 in the jsp file: /HSPF01/TOT/ch/m_charge_tot_hspf/sql/M_CHARGE_TOT_HSPF.jsp
Duplicate local variable anyObject
764: 			System.out.println("V_TEMP_GL_NO : " + V_TEMP_GL_NO);
765: 			if (V_TEMP_GL_NO.contains("TG")) {
766: 				/*애니링크 시작*/
767:  				JSONObject anyObject = new JSONObject();
768:  				JSONArray anyArray = new JSONArray();
769:  				JSONObject anySubObject = new JSONObject();
770: 


An error occurred at line: 768 in the jsp file: /HSPF01/TOT/ch/m_charge_tot_hspf/sql/M_CHARGE_TOT_HSPF.jsp
Duplicate local variable anyArray
765: 			if (V_TEMP_GL_NO.contains("TG")) {
766: 				/*애니링크 시작*/
767:  				JSONObject anyObject = new JSONObject();
768:  				JSONArray anyArray = new JSONArray();
769:  				JSONObject anySubObject = new JSONObject();
770: 
771:  				URL url = null;


Stacktrace:] with root cause
 org.apache.jasper.JasperException: Unable to compile class for JSP: 

An error occurred at line: 767 in the jsp file: /HSPF01/TOT/ch/m_charge_tot_hspf/sql/M_CHARGE_TOT_HSPF.jsp
Duplicate local variable anyObject
764: 			System.out.println("V_TEMP_GL_NO : " + V_TEMP_GL_NO);
765: 			if (V_TEMP_GL_NO.contains("TG")) {
766: 				/*애니링크 시작*/
767:  				JSONObject anyObject = new JSONObject();
768:  				JSONArray anyArray = new JSONArray();
769:  				JSONObject anySubObject = new JSONObject();
770: 


An error occurred at line: 768 in the jsp file: /HSPF01/TOT/ch/m_charge_tot_hspf/sql/M_CHARGE_TOT_HSPF.jsp
Duplicate local variable anyArray
765: 			if (V_TEMP_GL_NO.contains("TG")) {
766: 				/*애니링크 시작*/
767:  				JSONObject anyObject = new JSONObject();
768:  				JSONArray anyArray = new JSONArray();
769:  				JSONObject anySubObject = new JSONObject();
770: 
771:  				URL url = null;


Stacktrace:
	at org.apache.jasper.compiler.DefaultErrorHandler.javacError(DefaultErrorHandler.java:102)
	at org.apache.jasper.compiler.ErrorDispatcher.javacError(ErrorDispatcher.java:198)
	at org.apache.jasper.compiler.JDTCompiler.generateClass(JDTCompiler.java:495)
	at org.apache.jasper.compiler.Compiler.compile(Compiler.java:363)
	at org.apache.jasper.compiler.Compiler.compile(Compiler.java:338)
	at org.apache.jasper.compiler.Compiler.compile(Compiler.java:325)
	at org.apache.jasper.JspCompilationContext.compile(JspCompilationContext.java:580)
	at org.apache.jasper.servlet.JspServletWrapper.service(JspServletWrapper.java:363)
	at org.apache.jasper.servlet.JspServlet.serviceJspFile(JspServlet.java:396)
	at org.apache.jasper.servlet.JspServlet.service(JspServlet.java:340)
	at javax.servlet.http.HttpServlet.service(HttpServlet.java:729)
	at org.apache.catalina.core.ApplicationFilterChain.internalDoFilter(ApplicationFilterChain.java:292)
	at org.apache.catalina.core.ApplicationFilterChain.doFilter(ApplicationFilterChain.java:207)
	at org.apache.tomcat.websocket.server.WsFilter.doFilter(WsFilter.java:52)
	at org.apache.catalina.core.ApplicationFilterChain.internalDoFilter(ApplicationFilterChain.java:240)
	at org.apache.catalina.core.ApplicationFilterChain.doFilter(ApplicationFilterChain.java:207)
	at org.apache.catalina.filters.CorsFilter.handleNonCORS(CorsFilter.java:458)
	at org.apache.catalina.filters.CorsFilter.doFilter(CorsFilter.java:177)
	at org.apache.catalina.core.ApplicationFilterChain.internalDoFilter(ApplicationFilterChain.java:240)
	at org.apache.catalina.core.ApplicationFilterChain.doFilter(ApplicationFilterChain.java:207)
	at org.apache.catalina.core.StandardWrapperValve.invoke(StandardWrapperValve.java:212)
	at org.apache.catalina.core.StandardContextValve.invoke(StandardContextValve.java:94)
	at org.apache.catalina.authenticator.AuthenticatorBase.invoke(AuthenticatorBase.java:496)
	at org.apache.catalina.core.StandardHostValve.invoke(StandardHostValve.java:141)
	at org.apache.catalina.valves.ErrorReportValve.invoke(ErrorReportValve.java:79)
	at org.apache.catalina.valves.AbstractAccessLogValve.invoke(AbstractAccessLogValve.java:620)
	at org.apache.catalina.core.StandardEngineValve.invoke(StandardEngineValve.java:88)
	at org.apache.catalina.connector.CoyoteAdapter.service(CoyoteAdapter.java:502)
	at org.apache.coyote.http11.AbstractHttp11Processor.process(AbstractHttp11Processor.java:1156)
	at org.apache.coyote.AbstractProtocol$AbstractConnectionHandler.process(AbstractProtocol.java:684)
	at org.apache.tomcat.util.net.NioEndpoint$SocketProcessor.doRun(NioEndpoint.java:1539)
	at org.apache.tomcat.util.net.NioEndpoint$SocketProcessor.run(NioEndpoint.java:1495)
	at java.util.concurrent.ThreadPoolExecutor.runWorker(ThreadPoolExecutor.java:1149)
	at java.util.concurrent.ThreadPoolExecutor$Worker.run(ThreadPoolExecutor.java:624)
	at org.apache.tomcat.util.threads.TaskThread$WrappingRunnable.run(TaskThread.java:61)
	at java.lang.Thread.run(Thread.java:748)

12-Jun-2020 17:57:31.969 심각 [http-nio-80-exec-14] org.apache.catalina.core.StandardWrapperValve.invoke Servlet.service() for servlet [jsp] in context with path [] threw exception [Unable to compile class for JSP: 

An error occurred at line: 767 in the jsp file: /HSPF01/TOT/ch/m_charge_tot_hspf/sql/M_CHARGE_TOT_HSPF.jsp
Duplicate local variable anyObject
764: 			System.out.println("V_TEMP_GL_NO : " + V_TEMP_GL_NO);
765: 			if (V_TEMP_GL_NO.contains("TG")) {
766: 				/*애니링크 시작*/
767:  				JSONObject anyObject = new JSONObject();
768:  				JSONArray anyArray = new JSONArray();
769:  				JSONObject anySubObject = new JSONObject();
770: 


An error occurred at line: 768 in the jsp file: /HSPF01/TOT/ch/m_charge_tot_hspf/sql/M_CHARGE_TOT_HSPF.jsp
Duplicate local variable anyArray
765: 			if (V_TEMP_GL_NO.contains("TG")) {
766: 				/*애니링크 시작*/
767:  				JSONObject anyObject = new JSONObject();
768:  				JSONArray anyArray = new JSONArray();
769:  				JSONObject anySubObject = new JSONObject();
770: 
771:  				URL url = null;


Stacktrace:] with root cause
 org.apache.jasper.JasperException: Unable to compile class for JSP: 

An error occurred at line: 767 in the jsp file: /HSPF01/TOT/ch/m_charge_tot_hspf/sql/M_CHARGE_TOT_HSPF.jsp
Duplicate local variable anyObject
764: 			System.out.println("V_TEMP_GL_NO : " + V_TEMP_GL_NO);
765: 			if (V_TEMP_GL_NO.contains("TG")) {
766: 				/*애니링크 시작*/
767:  				JSONObject anyObject = new JSONObject();
768:  				JSONArray anyArray = new JSONArray();
769:  				JSONObject anySubObject = new JSONObject();
770: 


An error occurred at line: 768 in the jsp file: /HSPF01/TOT/ch/m_charge_tot_hspf/sql/M_CHARGE_TOT_HSPF.jsp
Duplicate local variable anyArray
765: 			if (V_TEMP_GL_NO.contains("TG")) {
766: 				/*애니링크 시작*/
767:  				JSONObject anyObject = new JSONObject();
768:  				JSONArray anyArray = new JSONArray();
769:  				JSONObject anySubObject = new JSONObject();
770: 
771:  				URL url = null;


Stacktrace:
	at org.apache.jasper.compiler.DefaultErrorHandler.javacError(DefaultErrorHandler.java:102)
	at org.apache.jasper.compiler.ErrorDispatcher.javacError(ErrorDispatcher.java:198)
	at org.apache.jasper.compiler.JDTCompiler.generateClass(JDTCompiler.java:495)
	at org.apache.jasper.compiler.Compiler.compile(Compiler.java:363)
	at org.apache.jasper.compiler.Compiler.compile(Compiler.java:338)
	at org.apache.jasper.compiler.Compiler.compile(Compiler.java:325)
	at org.apache.jasper.JspCompilationContext.compile(JspCompilationContext.java:580)
	at org.apache.jasper.servlet.JspServletWrapper.service(JspServletWrapper.java:363)
	at org.apache.jasper.servlet.JspServlet.serviceJspFile(JspServlet.java:396)
	at org.apache.jasper.servlet.JspServlet.service(JspServlet.java:340)
	at javax.servlet.http.HttpServlet.service(HttpServlet.java:729)
	at org.apache.catalina.core.ApplicationFilterChain.internalDoFilter(ApplicationFilterChain.java:292)
	at org.apache.catalina.core.ApplicationFilterChain.doFilter(ApplicationFilterChain.java:207)
	at org.apache.tomcat.websocket.server.WsFilter.doFilter(WsFilter.java:52)
	at org.apache.catalina.core.ApplicationFilterChain.internalDoFilter(ApplicationFilterChain.java:240)
	at org.apache.catalina.core.ApplicationFilterChain.doFilter(ApplicationFilterChain.java:207)
	at org.apache.catalina.filters.CorsFilter.handleNonCORS(CorsFilter.java:458)
	at org.apache.catalina.filters.CorsFilter.doFilter(CorsFilter.java:177)
	at org.apache.catalina.core.ApplicationFilterChain.internalDoFilter(ApplicationFilterChain.java:240)
	at org.apache.catalina.core.ApplicationFilterChain.doFilter(ApplicationFilterChain.java:207)
	at org.apache.catalina.core.StandardWrapperValve.invoke(StandardWrapperValve.java:212)
	at org.apache.catalina.core.StandardContextValve.invoke(StandardContextValve.java:94)
	at org.apache.catalina.authenticator.AuthenticatorBase.invoke(AuthenticatorBase.java:496)
	at org.apache.catalina.core.StandardHostValve.invoke(StandardHostValve.java:141)
	at org.apache.catalina.valves.ErrorReportValve.invoke(ErrorReportValve.java:79)
	at org.apache.catalina.valves.AbstractAccessLogValve.invoke(AbstractAccessLogValve.java:620)
	at org.apache.catalina.core.StandardEngineValve.invoke(StandardEngineValve.java:88)
	at org.apache.catalina.connector.CoyoteAdapter.service(CoyoteAdapter.java:502)
	at org.apache.coyote.http11.AbstractHttp11Processor.process(AbstractHttp11Processor.java:1156)
	at org.apache.coyote.AbstractProtocol$AbstractConnectionHandler.process(AbstractProtocol.java:684)
	at org.apache.tomcat.util.net.NioEndpoint$SocketProcessor.doRun(NioEndpoint.java:1539)
	at org.apache.tomcat.util.net.NioEndpoint$SocketProcessor.run(NioEndpoint.java:1495)
	at java.util.concurrent.ThreadPoolExecutor.runWorker(ThreadPoolExecutor.java:1149)
	at java.util.concurrent.ThreadPoolExecutor$Worker.run(ThreadPoolExecutor.java:624)
	at org.apache.tomcat.util.threads.TaskThread$WrappingRunnable.run(TaskThread.java:61)
	at java.lang.Thread.run(Thread.java:748)

12-Jun-2020 17:57:39.098 심각 [http-nio-80-exec-6] org.apache.catalina.core.StandardWrapperValve.invoke Servlet.service() for servlet [jsp] in context with path [] threw exception [Unable to compile class for JSP: 

An error occurred at line: 767 in the jsp file: /HSPF01/TOT/ch/m_charge_tot_hspf/sql/M_CHARGE_TOT_HSPF.jsp
Duplicate local variable anyObject
764: 			System.out.println("V_TEMP_GL_NO : " + V_TEMP_GL_NO);
765: 			if (V_TEMP_GL_NO.contains("TG")) {
766: 				/*애니링크 시작*/
767:  				JSONObject anyObject = new JSONObject();
768:  				JSONArray anyArray = new JSONArray();
769:  				JSONObject anySubObject = new JSONObject();
770: 


An error occurred at line: 768 in the jsp file: /HSPF01/TOT/ch/m_charge_tot_hspf/sql/M_CHARGE_TOT_HSPF.jsp
Duplicate local variable anyArray
765: 			if (V_TEMP_GL_NO.contains("TG")) {
766: 				/*애니링크 시작*/
767:  				JSONObject anyObject = new JSONObject();
768:  				JSONArray anyArray = new JSONArray();
769:  				JSONObject anySubObject = new JSONObject();
770: 
771:  				URL url = null;


Stacktrace:] with root cause
 org.apache.jasper.JasperException: Unable to compile class for JSP: 

An error occurred at line: 767 in the jsp file: /HSPF01/TOT/ch/m_charge_tot_hspf/sql/M_CHARGE_TOT_HSPF.jsp
Duplicate local variable anyObject
764: 			System.out.println("V_TEMP_GL_NO : " + V_TEMP_GL_NO);
765: 			if (V_TEMP_GL_NO.contains("TG")) {
766: 				/*애니링크 시작*/
767:  				JSONObject anyObject = new JSONObject();
768:  				JSONArray anyArray = new JSONArray();
769:  				JSONObject anySubObject = new JSONObject();
770: 


An error occurred at line: 768 in the jsp file: /HSPF01/TOT/ch/m_charge_tot_hspf/sql/M_CHARGE_TOT_HSPF.jsp
Duplicate local variable anyArray
765: 			if (V_TEMP_GL_NO.contains("TG")) {
766: 				/*애니링크 시작*/
767:  				JSONObject anyObject = new JSONObject();
768:  				JSONArray anyArray = new JSONArray();
769:  				JSONObject anySubObject = new JSONObject();
770: 
771:  				URL url = null;


Stacktrace:
	at org.apache.jasper.compiler.DefaultErrorHandler.javacError(DefaultErrorHandler.java:102)
	at org.apache.jasper.compiler.ErrorDispatcher.javacError(ErrorDispatcher.java:198)
	at org.apache.jasper.compiler.JDTCompiler.generateClass(JDTCompiler.java:495)
	at org.apache.jasper.compiler.Compiler.compile(Compiler.java:363)
	at org.apache.jasper.compiler.Compiler.compile(Compiler.java:338)
	at org.apache.jasper.compiler.Compiler.compile(Compiler.java:325)
	at org.apache.jasper.JspCompilationContext.compile(JspCompilationContext.java:580)
	at org.apache.jasper.servlet.JspServletWrapper.service(JspServletWrapper.java:363)
	at org.apache.jasper.servlet.JspServlet.serviceJspFile(JspServlet.java:396)
	at org.apache.jasper.servlet.JspServlet.service(JspServlet.java:340)
	at javax.servlet.http.HttpServlet.service(HttpServlet.java:729)
	at org.apache.catalina.core.ApplicationFilterChain.internalDoFilter(ApplicationFilterChain.java:292)
	at org.apache.catalina.core.ApplicationFilterChain.doFilter(ApplicationFilterChain.java:207)
	at org.apache.tomcat.websocket.server.WsFilter.doFilter(WsFilter.java:52)
	at org.apache.catalina.core.ApplicationFilterChain.internalDoFilter(ApplicationFilterChain.java:240)
	at org.apache.catalina.core.ApplicationFilterChain.doFilter(ApplicationFilterChain.java:207)
	at org.apache.catalina.filters.CorsFilter.handleNonCORS(CorsFilter.java:458)
	at org.apache.catalina.filters.CorsFilter.doFilter(CorsFilter.java:177)
	at org.apache.catalina.core.ApplicationFilterChain.internalDoFilter(ApplicationFilterChain.java:240)
	at org.apache.catalina.core.ApplicationFilterChain.doFilter(ApplicationFilterChain.java:207)
	at org.apache.catalina.core.StandardWrapperValve.invoke(StandardWrapperValve.java:212)
	at org.apache.catalina.core.StandardContextValve.invoke(StandardContextValve.java:94)
	at org.apache.catalina.authenticator.AuthenticatorBase.invoke(AuthenticatorBase.java:496)
	at org.apache.catalina.core.StandardHostValve.invoke(StandardHostValve.java:141)
	at org.apache.catalina.valves.ErrorReportValve.invoke(ErrorReportValve.java:79)
	at org.apache.catalina.valves.AbstractAccessLogValve.invoke(AbstractAccessLogValve.java:620)
	at org.apache.catalina.core.StandardEngineValve.invoke(StandardEngineValve.java:88)
	at org.apache.catalina.connector.CoyoteAdapter.service(CoyoteAdapter.java:502)
	at org.apache.coyote.http11.AbstractHttp11Processor.process(AbstractHttp11Processor.java:1156)
	at org.apache.coyote.AbstractProtocol$AbstractConnectionHandler.process(AbstractProtocol.java:684)
	at org.apache.tomcat.util.net.NioEndpoint$SocketProcessor.doRun(NioEndpoint.java:1539)
	at org.apache.tomcat.util.net.NioEndpoint$SocketProcessor.run(NioEndpoint.java:1495)
	at java.util.concurrent.ThreadPoolExecutor.runWorker(ThreadPoolExecutor.java:1149)
	at java.util.concurrent.ThreadPoolExecutor$Worker.run(ThreadPoolExecutor.java:624)
	at org.apache.tomcat.util.threads.TaskThread$WrappingRunnable.run(TaskThread.java:61)
	at java.lang.Thread.run(Thread.java:748)

