05-Mar-2021 08:50:27.733 심각 [http-nio-80-exec-31] org.apache.catalina.core.StandardWrapperValve.invoke Servlet.service() for servlet [jsp] in context with path [] threw exception [javax.servlet.ServletException: java.sql.SQLException: JDBC-90603:Invalid operation: disconnected from the server.] with root cause
 java.sql.SQLException: JDBC-90603:Invalid operation: disconnected from the server.
	at com.tmax.tibero.jdbc.err.TbError.makeSQLException(Unknown Source)
	at com.tmax.tibero.jdbc.err.TbError.newSQLException(Unknown Source)
	at com.tmax.tibero.jdbc.err.TbError.newSQLException(Unknown Source)
	at com.tmax.tibero.jdbc.driver.TbConnection.createStatement(Unknown Source)
	at com.tmax.tibero.jdbc.driver.TbConnection.createStatement(Unknown Source)
	at sun.reflect.GeneratedMethodAccessor51.invoke(Unknown Source)
	at sun.reflect.DelegatingMethodAccessorImpl.invoke(DelegatingMethodAccessorImpl.java:43)
	at java.lang.reflect.Method.invoke(Method.java:498)
	at org.apache.tomcat.jdbc.pool.ProxyConnection.invoke(ProxyConnection.java:126)
	at org.apache.tomcat.jdbc.pool.JdbcInterceptor.invoke(JdbcInterceptor.java:108)
	at org.apache.tomcat.jdbc.pool.interceptor.AbstractCreateStatementInterceptor.invoke(AbstractCreateStatementInterceptor.java:75)
	at org.apache.tomcat.jdbc.pool.JdbcInterceptor.invoke(JdbcInterceptor.java:108)
	at org.apache.tomcat.jdbc.pool.DisposableConnectionFacade.invoke(DisposableConnectionFacade.java:81)
	at com.sun.proxy.$Proxy9.createStatement(Unknown Source)
	at org.apache.jsp.HSPF01.supp.scm.scm_005fdlv_005fhspf.sql.SCM_005fDLVY_005fHSPF_005fH_jsp._jspService(SCM_005fDLVY_005fHSPF_005fH_jsp.java:167)
	at org.apache.jasper.runtime.HttpJspBase.service(HttpJspBase.java:70)
	at javax.servlet.http.HttpServlet.service(HttpServlet.java:729)
	at org.apache.jasper.servlet.JspServletWrapper.service(JspServletWrapper.java:438)
	at org.apache.jasper.servlet.JspServlet.serviceJspFile(JspServlet.java:396)
	at org.apache.jasper.servlet.JspServlet.service(JspServlet.java:340)
	at javax.servlet.http.HttpServlet.service(HttpServlet.java:729)
	at org.apache.catalina.core.ApplicationFilterChain.internalDoFilter(ApplicationFilterChain.java:292)
	at org.apache.catalina.core.ApplicationFilterChain.doFilter(ApplicationFilterChain.java:207)
	at org.apache.tomcat.websocket.server.WsFilter.doFilter(WsFilter.java:52)
	at org.apache.catalina.core.ApplicationFilterChain.internalDoFilter(ApplicationFilterChain.java:240)
	at org.apache.catalina.core.ApplicationFilterChain.doFilter(ApplicationFilterChain.java:207)
	at org.apache.catalina.filters.CorsFilter.handleNonCORS(CorsFilter.java:458)
	at org.apache.catalina.filters.CorsFilter.doFilter(CorsFilter.java:177)
	at org.apache.catalina.core.ApplicationFilterChain.internalDoFilter(ApplicationFilterChain.java:240)
	at org.apache.catalina.core.ApplicationFilterChain.doFilter(ApplicationFilterChain.java:207)
	at org.apache.catalina.core.StandardWrapperValve.invoke(StandardWrapperValve.java:212)
	at org.apache.catalina.core.StandardContextValve.invoke(StandardContextValve.java:94)
	at org.apache.catalina.authenticator.AuthenticatorBase.invoke(AuthenticatorBase.java:496)
	at org.apache.catalina.core.StandardHostValve.invoke(StandardHostValve.java:141)
	at org.apache.catalina.valves.ErrorReportValve.invoke(ErrorReportValve.java:79)
	at org.apache.catalina.valves.AbstractAccessLogValve.invoke(AbstractAccessLogValve.java:620)
	at org.apache.catalina.core.StandardEngineValve.invoke(StandardEngineValve.java:88)
	at org.apache.catalina.connector.CoyoteAdapter.service(CoyoteAdapter.java:502)
	at org.apache.coyote.http11.AbstractHttp11Processor.process(AbstractHttp11Processor.java:1156)
	at org.apache.coyote.AbstractProtocol$AbstractConnectionHandler.process(AbstractProtocol.java:684)
	at org.apache.tomcat.util.net.NioEndpoint$SocketProcessor.doRun(NioEndpoint.java:1539)
	at org.apache.tomcat.util.net.NioEndpoint$SocketProcessor.run(NioEndpoint.java:1495)
	at java.util.concurrent.ThreadPoolExecutor.runWorker(ThreadPoolExecutor.java:1149)
	at java.util.concurrent.ThreadPoolExecutor$Worker.run(ThreadPoolExecutor.java:624)
	at org.apache.tomcat.util.threads.TaskThread$WrappingRunnable.run(TaskThread.java:61)
	at java.lang.Thread.run(Thread.java:748)

05-Mar-2021 08:50:57.568 심각 [http-nio-80-exec-28] org.apache.catalina.core.StandardWrapperValve.invoke Servlet.service() for servlet [jsp] in context with path [] threw exception [javax.servlet.ServletException: java.sql.SQLException: JDBC-90603:Invalid operation: disconnected from the server.] with root cause
 java.sql.SQLException: JDBC-90603:Invalid operation: disconnected from the server.
	at com.tmax.tibero.jdbc.err.TbError.makeSQLException(Unknown Source)
	at com.tmax.tibero.jdbc.err.TbError.newSQLException(Unknown Source)
	at com.tmax.tibero.jdbc.err.TbError.newSQLException(Unknown Source)
	at com.tmax.tibero.jdbc.driver.TbConnection.createStatement(Unknown Source)
	at com.tmax.tibero.jdbc.driver.TbConnection.createStatement(Unknown Source)
	at sun.reflect.GeneratedMethodAccessor51.invoke(Unknown Source)
	at sun.reflect.DelegatingMethodAccessorImpl.invoke(DelegatingMethodAccessorImpl.java:43)
	at java.lang.reflect.Method.invoke(Method.java:498)
	at org.apache.tomcat.jdbc.pool.ProxyConnection.invoke(ProxyConnection.java:126)
	at org.apache.tomcat.jdbc.pool.JdbcInterceptor.invoke(JdbcInterceptor.java:108)
	at org.apache.tomcat.jdbc.pool.interceptor.AbstractCreateStatementInterceptor.invoke(AbstractCreateStatementInterceptor.java:75)
	at org.apache.tomcat.jdbc.pool.JdbcInterceptor.invoke(JdbcInterceptor.java:108)
	at org.apache.tomcat.jdbc.pool.DisposableConnectionFacade.invoke(DisposableConnectionFacade.java:81)
	at com.sun.proxy.$Proxy9.createStatement(Unknown Source)
	at org.apache.jsp.HSPF01.supp.scm.scm_005fdlv_005fhspf.sql.SCM_005fDLVY_005fHSPF_005fH_jsp._jspService(SCM_005fDLVY_005fHSPF_005fH_jsp.java:167)
	at org.apache.jasper.runtime.HttpJspBase.service(HttpJspBase.java:70)
	at javax.servlet.http.HttpServlet.service(HttpServlet.java:729)
	at org.apache.jasper.servlet.JspServletWrapper.service(JspServletWrapper.java:438)
	at org.apache.jasper.servlet.JspServlet.serviceJspFile(JspServlet.java:396)
	at org.apache.jasper.servlet.JspServlet.service(JspServlet.java:340)
	at javax.servlet.http.HttpServlet.service(HttpServlet.java:729)
	at org.apache.catalina.core.ApplicationFilterChain.internalDoFilter(ApplicationFilterChain.java:292)
	at org.apache.catalina.core.ApplicationFilterChain.doFilter(ApplicationFilterChain.java:207)
	at org.apache.tomcat.websocket.server.WsFilter.doFilter(WsFilter.java:52)
	at org.apache.catalina.core.ApplicationFilterChain.internalDoFilter(ApplicationFilterChain.java:240)
	at org.apache.catalina.core.ApplicationFilterChain.doFilter(ApplicationFilterChain.java:207)
	at org.apache.catalina.filters.CorsFilter.handleNonCORS(CorsFilter.java:458)
	at org.apache.catalina.filters.CorsFilter.doFilter(CorsFilter.java:177)
	at org.apache.catalina.core.ApplicationFilterChain.internalDoFilter(ApplicationFilterChain.java:240)
	at org.apache.catalina.core.ApplicationFilterChain.doFilter(ApplicationFilterChain.java:207)
	at org.apache.catalina.core.StandardWrapperValve.invoke(StandardWrapperValve.java:212)
	at org.apache.catalina.core.StandardContextValve.invoke(StandardContextValve.java:94)
	at org.apache.catalina.authenticator.AuthenticatorBase.invoke(AuthenticatorBase.java:496)
	at org.apache.catalina.core.StandardHostValve.invoke(StandardHostValve.java:141)
	at org.apache.catalina.valves.ErrorReportValve.invoke(ErrorReportValve.java:79)
	at org.apache.catalina.valves.AbstractAccessLogValve.invoke(AbstractAccessLogValve.java:620)
	at org.apache.catalina.core.StandardEngineValve.invoke(StandardEngineValve.java:88)
	at org.apache.catalina.connector.CoyoteAdapter.service(CoyoteAdapter.java:502)
	at org.apache.coyote.http11.AbstractHttp11Processor.process(AbstractHttp11Processor.java:1156)
	at org.apache.coyote.AbstractProtocol$AbstractConnectionHandler.process(AbstractProtocol.java:684)
	at org.apache.tomcat.util.net.NioEndpoint$SocketProcessor.doRun(NioEndpoint.java:1539)
	at org.apache.tomcat.util.net.NioEndpoint$SocketProcessor.run(NioEndpoint.java:1495)
	at java.util.concurrent.ThreadPoolExecutor.runWorker(ThreadPoolExecutor.java:1149)
	at java.util.concurrent.ThreadPoolExecutor$Worker.run(ThreadPoolExecutor.java:624)
	at org.apache.tomcat.util.threads.TaskThread$WrappingRunnable.run(TaskThread.java:61)
	at java.lang.Thread.run(Thread.java:748)

05-Mar-2021 08:51:00.486 심각 [http-nio-80-exec-20] org.apache.catalina.core.StandardWrapperValve.invoke Servlet.service() for servlet [jsp] in context with path [] threw exception [javax.servlet.ServletException: java.sql.SQLException: JDBC-90603:Invalid operation: disconnected from the server.] with root cause
 java.sql.SQLException: JDBC-90603:Invalid operation: disconnected from the server.
	at com.tmax.tibero.jdbc.err.TbError.makeSQLException(Unknown Source)
	at com.tmax.tibero.jdbc.err.TbError.newSQLException(Unknown Source)
	at com.tmax.tibero.jdbc.err.TbError.newSQLException(Unknown Source)
	at com.tmax.tibero.jdbc.driver.TbConnection.createStatement(Unknown Source)
	at com.tmax.tibero.jdbc.driver.TbConnection.createStatement(Unknown Source)
	at sun.reflect.GeneratedMethodAccessor51.invoke(Unknown Source)
	at sun.reflect.DelegatingMethodAccessorImpl.invoke(DelegatingMethodAccessorImpl.java:43)
	at java.lang.reflect.Method.invoke(Method.java:498)
	at org.apache.tomcat.jdbc.pool.ProxyConnection.invoke(ProxyConnection.java:126)
	at org.apache.tomcat.jdbc.pool.JdbcInterceptor.invoke(JdbcInterceptor.java:108)
	at org.apache.tomcat.jdbc.pool.interceptor.AbstractCreateStatementInterceptor.invoke(AbstractCreateStatementInterceptor.java:75)
	at org.apache.tomcat.jdbc.pool.JdbcInterceptor.invoke(JdbcInterceptor.java:108)
	at org.apache.tomcat.jdbc.pool.DisposableConnectionFacade.invoke(DisposableConnectionFacade.java:81)
	at com.sun.proxy.$Proxy9.createStatement(Unknown Source)
	at org.apache.jsp.HSPF01.supp.scm.scm_005fdlv_005fhspf.sql.SCM_005fDLVY_005fHSPF_005fH_jsp._jspService(SCM_005fDLVY_005fHSPF_005fH_jsp.java:167)
	at org.apache.jasper.runtime.HttpJspBase.service(HttpJspBase.java:70)
	at javax.servlet.http.HttpServlet.service(HttpServlet.java:729)
	at org.apache.jasper.servlet.JspServletWrapper.service(JspServletWrapper.java:438)
	at org.apache.jasper.servlet.JspServlet.serviceJspFile(JspServlet.java:396)
	at org.apache.jasper.servlet.JspServlet.service(JspServlet.java:340)
	at javax.servlet.http.HttpServlet.service(HttpServlet.java:729)
	at org.apache.catalina.core.ApplicationFilterChain.internalDoFilter(ApplicationFilterChain.java:292)
	at org.apache.catalina.core.ApplicationFilterChain.doFilter(ApplicationFilterChain.java:207)
	at org.apache.tomcat.websocket.server.WsFilter.doFilter(WsFilter.java:52)
	at org.apache.catalina.core.ApplicationFilterChain.internalDoFilter(ApplicationFilterChain.java:240)
	at org.apache.catalina.core.ApplicationFilterChain.doFilter(ApplicationFilterChain.java:207)
	at org.apache.catalina.filters.CorsFilter.handleNonCORS(CorsFilter.java:458)
	at org.apache.catalina.filters.CorsFilter.doFilter(CorsFilter.java:177)
	at org.apache.catalina.core.ApplicationFilterChain.internalDoFilter(ApplicationFilterChain.java:240)
	at org.apache.catalina.core.ApplicationFilterChain.doFilter(ApplicationFilterChain.java:207)
	at org.apache.catalina.core.StandardWrapperValve.invoke(StandardWrapperValve.java:212)
	at org.apache.catalina.core.StandardContextValve.invoke(StandardContextValve.java:94)
	at org.apache.catalina.authenticator.AuthenticatorBase.invoke(AuthenticatorBase.java:496)
	at org.apache.catalina.core.StandardHostValve.invoke(StandardHostValve.java:141)
	at org.apache.catalina.valves.ErrorReportValve.invoke(ErrorReportValve.java:79)
	at org.apache.catalina.valves.AbstractAccessLogValve.invoke(AbstractAccessLogValve.java:620)
	at org.apache.catalina.core.StandardEngineValve.invoke(StandardEngineValve.java:88)
	at org.apache.catalina.connector.CoyoteAdapter.service(CoyoteAdapter.java:502)
	at org.apache.coyote.http11.AbstractHttp11Processor.process(AbstractHttp11Processor.java:1156)
	at org.apache.coyote.AbstractProtocol$AbstractConnectionHandler.process(AbstractProtocol.java:684)
	at org.apache.tomcat.util.net.NioEndpoint$SocketProcessor.doRun(NioEndpoint.java:1539)
	at org.apache.tomcat.util.net.NioEndpoint$SocketProcessor.run(NioEndpoint.java:1495)
	at java.util.concurrent.ThreadPoolExecutor.runWorker(ThreadPoolExecutor.java:1149)
	at java.util.concurrent.ThreadPoolExecutor$Worker.run(ThreadPoolExecutor.java:624)
	at org.apache.tomcat.util.threads.TaskThread$WrappingRunnable.run(TaskThread.java:61)
	at java.lang.Thread.run(Thread.java:748)

