11-Sep-2020 06:09:14.622 심각 [http-nio-80-exec-30] org.apache.catalina.core.StandardWrapperValve.invoke Servlet.service() for servlet [jsp] in context with path [] threw exception [javax.servlet.ServletException: java.security.InvalidKeyException: No installed provider supports this key: (null)] with root cause
 java.security.InvalidKeyException: No installed provider supports this key: (null)
	at javax.crypto.Cipher.chooseProvider(Cipher.java:893)
	at javax.crypto.Cipher.init(Cipher.java:1249)
	at javax.crypto.Cipher.init(Cipher.java:1186)
	at org.apache.jsp.HSPF01.common.login.sql.loginproc_jsp.decryptRsa(loginproc_jsp.java:46)
	at org.apache.jsp.HSPF01.common.login.sql.loginproc_jsp._jspService(loginproc_jsp.java:245)
	at org.apache.jasper.runtime.HttpJspBase.service(HttpJspBase.java:70)
	at javax.servlet.http.HttpServlet.service(HttpServlet.java:729)
	at org.apache.jasper.servlet.JspServletWrapper.service(JspServletWrapper.java:438)
	at org.apache.jasper.servlet.JspServlet.serviceJspFile(JspServlet.java:396)
	at org.apache.jasper.servlet.JspServlet.service(JspServlet.java:340)
	at javax.servlet.http.HttpServlet.service(HttpServlet.java:729)
	at org.apache.catalina.core.ApplicationFilterChain.internalDoFilter(ApplicationFilterChain.java:292)
	at org.apache.catalina.core.ApplicationFilterChain.doFilter(ApplicationFilterChain.java:207)
	at org.apache.tomcat.websocket.server.WsFilter.doFilter(WsFilter.java:52)
	at org.apache.catalina.core.ApplicationFilterChain.internalDoFilter(ApplicationFilterChain.java:240)
	at org.apache.catalina.core.ApplicationFilterChain.doFilter(ApplicationFilterChain.java:207)
	at org.apache.catalina.filters.CorsFilter.handleNonCORS(CorsFilter.java:458)
	at org.apache.catalina.filters.CorsFilter.doFilter(CorsFilter.java:177)
	at org.apache.catalina.core.ApplicationFilterChain.internalDoFilter(ApplicationFilterChain.java:240)
	at org.apache.catalina.core.ApplicationFilterChain.doFilter(ApplicationFilterChain.java:207)
	at org.apache.catalina.core.StandardWrapperValve.invoke(StandardWrapperValve.java:212)
	at org.apache.catalina.core.StandardContextValve.invoke(StandardContextValve.java:94)
	at org.apache.catalina.authenticator.AuthenticatorBase.invoke(AuthenticatorBase.java:496)
	at org.apache.catalina.core.StandardHostValve.invoke(StandardHostValve.java:141)
	at org.apache.catalina.valves.ErrorReportValve.invoke(ErrorReportValve.java:79)
	at org.apache.catalina.valves.AbstractAccessLogValve.invoke(AbstractAccessLogValve.java:620)
	at org.apache.catalina.core.StandardEngineValve.invoke(StandardEngineValve.java:88)
	at org.apache.catalina.connector.CoyoteAdapter.service(CoyoteAdapter.java:502)
	at org.apache.coyote.http11.AbstractHttp11Processor.process(AbstractHttp11Processor.java:1156)
	at org.apache.coyote.AbstractProtocol$AbstractConnectionHandler.process(AbstractProtocol.java:684)
	at org.apache.tomcat.util.net.NioEndpoint$SocketProcessor.doRun(NioEndpoint.java:1539)
	at org.apache.tomcat.util.net.NioEndpoint$SocketProcessor.run(NioEndpoint.java:1495)
	at java.util.concurrent.ThreadPoolExecutor.runWorker(ThreadPoolExecutor.java:1149)
	at java.util.concurrent.ThreadPoolExecutor$Worker.run(ThreadPoolExecutor.java:624)
	at org.apache.tomcat.util.threads.TaskThread$WrappingRunnable.run(TaskThread.java:61)
	at java.lang.Thread.run(Thread.java:748)

11-Sep-2020 08:41:51.207 심각 [http-nio-80-exec-31] org.apache.catalina.core.StandardWrapperValve.invoke Servlet.service() for servlet [jsp] in context with path [] threw exception [Unable to compile class for JSP: 

An error occurred at line: 34 in the jsp file: /HSPF01/cont_jsp/cont_file_down.jsp
sql cannot be resolved to a variable
31: 		String V_CONT_NO = request.getParameter("V_CONT_NO") == null ? "" : request.getParameter("V_CONT_NO");
32: 		System.out.println("컨테이너 첨부파일 테스트");
33: 		
34: 		sql = " select B.FILE_NM, B.FILE_SYS_NM from S_CONTAINER_MST A ";
35: 		sql = " LEFT OUTER jOIN S_CONTAINER_FILE B ON A.CONT_MGM_NO = B.CONT_MGM_NO ";
36: 		sql += " WHERE  B.TYPE = 'R' AND A.CONT_NO = '"  + V_CONT_NO  + "'  ";
37: 		


An error occurred at line: 35 in the jsp file: /HSPF01/cont_jsp/cont_file_down.jsp
sql cannot be resolved to a variable
32: 		System.out.println("컨테이너 첨부파일 테스트");
33: 		
34: 		sql = " select B.FILE_NM, B.FILE_SYS_NM from S_CONTAINER_MST A ";
35: 		sql = " LEFT OUTER jOIN S_CONTAINER_FILE B ON A.CONT_MGM_NO = B.CONT_MGM_NO ";
36: 		sql += " WHERE  B.TYPE = 'R' AND A.CONT_NO = '"  + V_CONT_NO  + "'  ";
37: 		
38: 		rs = stmt.executeQuery(sql);


An error occurred at line: 36 in the jsp file: /HSPF01/cont_jsp/cont_file_down.jsp
sql cannot be resolved to a variable
33: 		
34: 		sql = " select B.FILE_NM, B.FILE_SYS_NM from S_CONTAINER_MST A ";
35: 		sql = " LEFT OUTER jOIN S_CONTAINER_FILE B ON A.CONT_MGM_NO = B.CONT_MGM_NO ";
36: 		sql += " WHERE  B.TYPE = 'R' AND A.CONT_NO = '"  + V_CONT_NO  + "'  ";
37: 		
38: 		rs = stmt.executeQuery(sql);
39: 


An error occurred at line: 38 in the jsp file: /HSPF01/cont_jsp/cont_file_down.jsp
sql cannot be resolved to a variable
35: 		sql = " LEFT OUTER jOIN S_CONTAINER_FILE B ON A.CONT_MGM_NO = B.CONT_MGM_NO ";
36: 		sql += " WHERE  B.TYPE = 'R' AND A.CONT_NO = '"  + V_CONT_NO  + "'  ";
37: 		
38: 		rs = stmt.executeQuery(sql);
39: 
40: 		while (rs.next()) {
41: 			subObject = new JSONObject();


An error occurred at line: 45 in the jsp file: /HSPF01/cont_jsp/cont_file_down.jsp
filename cannot be resolved to a variable
42: 			subObject.put("DTL_CD", rs.getString("DTL_CD"));
43: 			subObject.put("DTL_NM", rs.getString("DTL_NM"));
44: 			
45: 			filename = rs.getString("FILE_SYS_NM");
46: 			orgfilename = rs.getString("FILE_NM");
47: 			
48: 			jsonArray.add(subObject);


An error occurred at line: 46 in the jsp file: /HSPF01/cont_jsp/cont_file_down.jsp
orgfilename cannot be resolved to a variable
43: 			subObject.put("DTL_NM", rs.getString("DTL_NM"));
44: 			
45: 			filename = rs.getString("FILE_SYS_NM");
46: 			orgfilename = rs.getString("FILE_NM");
47: 			
48: 			jsonArray.add(subObject);
49: 		}


An error occurred at line: 75 in the jsp file: /HSPF01/cont_jsp/cont_file_down.jsp
filename cannot be resolved to a variable
72: 
73: 				// 파일을 읽어 스트림에 담기
74: 				try {
75: 					file = new File(savePath, filename);
76: 					in = new FileInputStream(file);
77: 				} catch (FileNotFoundException fe) {
78: 					skip = true;


An error occurred at line: 92 in the jsp file: /HSPF01/cont_jsp/cont_file_down.jsp
orgfilename cannot be resolved
89: 
90: 					// IE
91: 					if (client.indexOf("MSIE") != -1) {
92: 						response.setHeader("Content-Disposition", "attachment; filename=" + new String(orgfilename.getBytes("KSC5601"), "ISO8859_1"));
93: 
94: 					} else {
95: 						// 한글 파일명 처리


An error occurred at line: 96 in the jsp file: /HSPF01/cont_jsp/cont_file_down.jsp
orgfilename cannot be resolved to a variable
93: 
94: 					} else {
95: 						// 한글 파일명 처리
96: 						orgfilename = new String(orgfilename.getBytes("utf-8"), "iso-8859-1");
97: 
98: 						response.setHeader("Content-Disposition", "attachment; filename=\"" + orgfilename + "\"");
99: 						response.setHeader("Content-Type", "application/octet-stream; charset=utf-8");


An error occurred at line: 96 in the jsp file: /HSPF01/cont_jsp/cont_file_down.jsp
orgfilename cannot be resolved
93: 
94: 					} else {
95: 						// 한글 파일명 처리
96: 						orgfilename = new String(orgfilename.getBytes("utf-8"), "iso-8859-1");
97: 
98: 						response.setHeader("Content-Disposition", "attachment; filename=\"" + orgfilename + "\"");
99: 						response.setHeader("Content-Type", "application/octet-stream; charset=utf-8");


An error occurred at line: 98 in the jsp file: /HSPF01/cont_jsp/cont_file_down.jsp
orgfilename cannot be resolved to a variable
95: 						// 한글 파일명 처리
96: 						orgfilename = new String(orgfilename.getBytes("utf-8"), "iso-8859-1");
97: 
98: 						response.setHeader("Content-Disposition", "attachment; filename=\"" + orgfilename + "\"");
99: 						response.setHeader("Content-Type", "application/octet-stream; charset=utf-8");
100: 					}
101: 


Stacktrace:] with root cause
 org.apache.jasper.JasperException: Unable to compile class for JSP: 

An error occurred at line: 34 in the jsp file: /HSPF01/cont_jsp/cont_file_down.jsp
sql cannot be resolved to a variable
31: 		String V_CONT_NO = request.getParameter("V_CONT_NO") == null ? "" : request.getParameter("V_CONT_NO");
32: 		System.out.println("컨테이너 첨부파일 테스트");
33: 		
34: 		sql = " select B.FILE_NM, B.FILE_SYS_NM from S_CONTAINER_MST A ";
35: 		sql = " LEFT OUTER jOIN S_CONTAINER_FILE B ON A.CONT_MGM_NO = B.CONT_MGM_NO ";
36: 		sql += " WHERE  B.TYPE = 'R' AND A.CONT_NO = '"  + V_CONT_NO  + "'  ";
37: 		


An error occurred at line: 35 in the jsp file: /HSPF01/cont_jsp/cont_file_down.jsp
sql cannot be resolved to a variable
32: 		System.out.println("컨테이너 첨부파일 테스트");
33: 		
34: 		sql = " select B.FILE_NM, B.FILE_SYS_NM from S_CONTAINER_MST A ";
35: 		sql = " LEFT OUTER jOIN S_CONTAINER_FILE B ON A.CONT_MGM_NO = B.CONT_MGM_NO ";
36: 		sql += " WHERE  B.TYPE = 'R' AND A.CONT_NO = '"  + V_CONT_NO  + "'  ";
37: 		
38: 		rs = stmt.executeQuery(sql);


An error occurred at line: 36 in the jsp file: /HSPF01/cont_jsp/cont_file_down.jsp
sql cannot be resolved to a variable
33: 		
34: 		sql = " select B.FILE_NM, B.FILE_SYS_NM from S_CONTAINER_MST A ";
35: 		sql = " LEFT OUTER jOIN S_CONTAINER_FILE B ON A.CONT_MGM_NO = B.CONT_MGM_NO ";
36: 		sql += " WHERE  B.TYPE = 'R' AND A.CONT_NO = '"  + V_CONT_NO  + "'  ";
37: 		
38: 		rs = stmt.executeQuery(sql);
39: 


An error occurred at line: 38 in the jsp file: /HSPF01/cont_jsp/cont_file_down.jsp
sql cannot be resolved to a variable
35: 		sql = " LEFT OUTER jOIN S_CONTAINER_FILE B ON A.CONT_MGM_NO = B.CONT_MGM_NO ";
36: 		sql += " WHERE  B.TYPE = 'R' AND A.CONT_NO = '"  + V_CONT_NO  + "'  ";
37: 		
38: 		rs = stmt.executeQuery(sql);
39: 
40: 		while (rs.next()) {
41: 			subObject = new JSONObject();


An error occurred at line: 45 in the jsp file: /HSPF01/cont_jsp/cont_file_down.jsp
filename cannot be resolved to a variable
42: 			subObject.put("DTL_CD", rs.getString("DTL_CD"));
43: 			subObject.put("DTL_NM", rs.getString("DTL_NM"));
44: 			
45: 			filename = rs.getString("FILE_SYS_NM");
46: 			orgfilename = rs.getString("FILE_NM");
47: 			
48: 			jsonArray.add(subObject);


An error occurred at line: 46 in the jsp file: /HSPF01/cont_jsp/cont_file_down.jsp
orgfilename cannot be resolved to a variable
43: 			subObject.put("DTL_NM", rs.getString("DTL_NM"));
44: 			
45: 			filename = rs.getString("FILE_SYS_NM");
46: 			orgfilename = rs.getString("FILE_NM");
47: 			
48: 			jsonArray.add(subObject);
49: 		}


An error occurred at line: 75 in the jsp file: /HSPF01/cont_jsp/cont_file_down.jsp
filename cannot be resolved to a variable
72: 
73: 				// 파일을 읽어 스트림에 담기
74: 				try {
75: 					file = new File(savePath, filename);
76: 					in = new FileInputStream(file);
77: 				} catch (FileNotFoundException fe) {
78: 					skip = true;


An error occurred at line: 92 in the jsp file: /HSPF01/cont_jsp/cont_file_down.jsp
orgfilename cannot be resolved
89: 
90: 					// IE
91: 					if (client.indexOf("MSIE") != -1) {
92: 						response.setHeader("Content-Disposition", "attachment; filename=" + new String(orgfilename.getBytes("KSC5601"), "ISO8859_1"));
93: 
94: 					} else {
95: 						// 한글 파일명 처리


An error occurred at line: 96 in the jsp file: /HSPF01/cont_jsp/cont_file_down.jsp
orgfilename cannot be resolved to a variable
93: 
94: 					} else {
95: 						// 한글 파일명 처리
96: 						orgfilename = new String(orgfilename.getBytes("utf-8"), "iso-8859-1");
97: 
98: 						response.setHeader("Content-Disposition", "attachment; filename=\"" + orgfilename + "\"");
99: 						response.setHeader("Content-Type", "application/octet-stream; charset=utf-8");


An error occurred at line: 96 in the jsp file: /HSPF01/cont_jsp/cont_file_down.jsp
orgfilename cannot be resolved
93: 
94: 					} else {
95: 						// 한글 파일명 처리
96: 						orgfilename = new String(orgfilename.getBytes("utf-8"), "iso-8859-1");
97: 
98: 						response.setHeader("Content-Disposition", "attachment; filename=\"" + orgfilename + "\"");
99: 						response.setHeader("Content-Type", "application/octet-stream; charset=utf-8");


An error occurred at line: 98 in the jsp file: /HSPF01/cont_jsp/cont_file_down.jsp
orgfilename cannot be resolved to a variable
95: 						// 한글 파일명 처리
96: 						orgfilename = new String(orgfilename.getBytes("utf-8"), "iso-8859-1");
97: 
98: 						response.setHeader("Content-Disposition", "attachment; filename=\"" + orgfilename + "\"");
99: 						response.setHeader("Content-Type", "application/octet-stream; charset=utf-8");
100: 					}
101: 


Stacktrace:
	at org.apache.jasper.compiler.DefaultErrorHandler.javacError(DefaultErrorHandler.java:102)
	at org.apache.jasper.compiler.ErrorDispatcher.javacError(ErrorDispatcher.java:198)
	at org.apache.jasper.compiler.JDTCompiler.generateClass(JDTCompiler.java:495)
	at org.apache.jasper.compiler.Compiler.compile(Compiler.java:363)
	at org.apache.jasper.compiler.Compiler.compile(Compiler.java:338)
	at org.apache.jasper.compiler.Compiler.compile(Compiler.java:325)
	at org.apache.jasper.JspCompilationContext.compile(JspCompilationContext.java:580)
	at org.apache.jasper.servlet.JspServletWrapper.service(JspServletWrapper.java:363)
	at org.apache.jasper.servlet.JspServlet.serviceJspFile(JspServlet.java:396)
	at org.apache.jasper.servlet.JspServlet.service(JspServlet.java:340)
	at javax.servlet.http.HttpServlet.service(HttpServlet.java:729)
	at org.apache.catalina.core.ApplicationFilterChain.internalDoFilter(ApplicationFilterChain.java:292)
	at org.apache.catalina.core.ApplicationFilterChain.doFilter(ApplicationFilterChain.java:207)
	at org.apache.tomcat.websocket.server.WsFilter.doFilter(WsFilter.java:52)
	at org.apache.catalina.core.ApplicationFilterChain.internalDoFilter(ApplicationFilterChain.java:240)
	at org.apache.catalina.core.ApplicationFilterChain.doFilter(ApplicationFilterChain.java:207)
	at org.apache.catalina.filters.CorsFilter.handleNonCORS(CorsFilter.java:458)
	at org.apache.catalina.filters.CorsFilter.doFilter(CorsFilter.java:177)
	at org.apache.catalina.core.ApplicationFilterChain.internalDoFilter(ApplicationFilterChain.java:240)
	at org.apache.catalina.core.ApplicationFilterChain.doFilter(ApplicationFilterChain.java:207)
	at org.apache.catalina.core.StandardWrapperValve.invoke(StandardWrapperValve.java:212)
	at org.apache.catalina.core.StandardContextValve.invoke(StandardContextValve.java:94)
	at org.apache.catalina.authenticator.AuthenticatorBase.invoke(AuthenticatorBase.java:496)
	at org.apache.catalina.core.StandardHostValve.invoke(StandardHostValve.java:141)
	at org.apache.catalina.valves.ErrorReportValve.invoke(ErrorReportValve.java:79)
	at org.apache.catalina.valves.AbstractAccessLogValve.invoke(AbstractAccessLogValve.java:620)
	at org.apache.catalina.core.StandardEngineValve.invoke(StandardEngineValve.java:88)
	at org.apache.catalina.connector.CoyoteAdapter.service(CoyoteAdapter.java:502)
	at org.apache.coyote.http11.AbstractHttp11Processor.process(AbstractHttp11Processor.java:1156)
	at org.apache.coyote.AbstractProtocol$AbstractConnectionHandler.process(AbstractProtocol.java:684)
	at org.apache.tomcat.util.net.NioEndpoint$SocketProcessor.doRun(NioEndpoint.java:1539)
	at org.apache.tomcat.util.net.NioEndpoint$SocketProcessor.run(NioEndpoint.java:1495)
	at java.util.concurrent.ThreadPoolExecutor.runWorker(ThreadPoolExecutor.java:1149)
	at java.util.concurrent.ThreadPoolExecutor$Worker.run(ThreadPoolExecutor.java:624)
	at org.apache.tomcat.util.threads.TaskThread$WrappingRunnable.run(TaskThread.java:61)
	at java.lang.Thread.run(Thread.java:748)

11-Sep-2020 08:42:12.429 심각 [http-nio-80-exec-30] org.apache.catalina.core.StandardWrapperValve.invoke Servlet.service() for servlet [jsp] in context with path [] threw exception [Unable to compile class for JSP: 

An error occurred at line: 34 in the jsp file: /HSPF01/cont_jsp/cont_file_down.jsp
sql cannot be resolved to a variable
31: 		String V_CONT_NO = request.getParameter("V_CONT_NO") == null ? "" : request.getParameter("V_CONT_NO");
32: 		System.out.println("컨테이너 첨부파일 테스트");
33: 		
34: 		sql = " select B.FILE_NM, B.FILE_SYS_NM from S_CONTAINER_MST A ";
35: 		sql = " LEFT OUTER jOIN S_CONTAINER_FILE B ON A.CONT_MGM_NO = B.CONT_MGM_NO ";
36: 		sql += " WHERE  B.TYPE = 'R' AND A.CONT_NO = '"  + V_CONT_NO  + "'  ";
37: 		


An error occurred at line: 35 in the jsp file: /HSPF01/cont_jsp/cont_file_down.jsp
sql cannot be resolved to a variable
32: 		System.out.println("컨테이너 첨부파일 테스트");
33: 		
34: 		sql = " select B.FILE_NM, B.FILE_SYS_NM from S_CONTAINER_MST A ";
35: 		sql = " LEFT OUTER jOIN S_CONTAINER_FILE B ON A.CONT_MGM_NO = B.CONT_MGM_NO ";
36: 		sql += " WHERE  B.TYPE = 'R' AND A.CONT_NO = '"  + V_CONT_NO  + "'  ";
37: 		
38: 		rs = stmt.executeQuery(sql);


An error occurred at line: 36 in the jsp file: /HSPF01/cont_jsp/cont_file_down.jsp
sql cannot be resolved to a variable
33: 		
34: 		sql = " select B.FILE_NM, B.FILE_SYS_NM from S_CONTAINER_MST A ";
35: 		sql = " LEFT OUTER jOIN S_CONTAINER_FILE B ON A.CONT_MGM_NO = B.CONT_MGM_NO ";
36: 		sql += " WHERE  B.TYPE = 'R' AND A.CONT_NO = '"  + V_CONT_NO  + "'  ";
37: 		
38: 		rs = stmt.executeQuery(sql);
39: 


An error occurred at line: 38 in the jsp file: /HSPF01/cont_jsp/cont_file_down.jsp
sql cannot be resolved to a variable
35: 		sql = " LEFT OUTER jOIN S_CONTAINER_FILE B ON A.CONT_MGM_NO = B.CONT_MGM_NO ";
36: 		sql += " WHERE  B.TYPE = 'R' AND A.CONT_NO = '"  + V_CONT_NO  + "'  ";
37: 		
38: 		rs = stmt.executeQuery(sql);
39: 
40: 		while (rs.next()) {
41: 			subObject = new JSONObject();


An error occurred at line: 45 in the jsp file: /HSPF01/cont_jsp/cont_file_down.jsp
filename cannot be resolved to a variable
42: 			subObject.put("DTL_CD", rs.getString("DTL_CD"));
43: 			subObject.put("DTL_NM", rs.getString("DTL_NM"));
44: 			
45: 			filename = rs.getString("FILE_SYS_NM");
46: 			orgfilename = rs.getString("FILE_NM");
47: 			
48: 			jsonArray.add(subObject);


An error occurred at line: 46 in the jsp file: /HSPF01/cont_jsp/cont_file_down.jsp
orgfilename cannot be resolved to a variable
43: 			subObject.put("DTL_NM", rs.getString("DTL_NM"));
44: 			
45: 			filename = rs.getString("FILE_SYS_NM");
46: 			orgfilename = rs.getString("FILE_NM");
47: 			
48: 			jsonArray.add(subObject);
49: 		}


An error occurred at line: 75 in the jsp file: /HSPF01/cont_jsp/cont_file_down.jsp
filename cannot be resolved to a variable
72: 
73: 				// 파일을 읽어 스트림에 담기
74: 				try {
75: 					file = new File(savePath, filename);
76: 					in = new FileInputStream(file);
77: 				} catch (FileNotFoundException fe) {
78: 					skip = true;


An error occurred at line: 92 in the jsp file: /HSPF01/cont_jsp/cont_file_down.jsp
orgfilename cannot be resolved
89: 
90: 					// IE
91: 					if (client.indexOf("MSIE") != -1) {
92: 						response.setHeader("Content-Disposition", "attachment; filename=" + new String(orgfilename.getBytes("KSC5601"), "ISO8859_1"));
93: 
94: 					} else {
95: 						// 한글 파일명 처리


An error occurred at line: 96 in the jsp file: /HSPF01/cont_jsp/cont_file_down.jsp
orgfilename cannot be resolved to a variable
93: 
94: 					} else {
95: 						// 한글 파일명 처리
96: 						orgfilename = new String(orgfilename.getBytes("utf-8"), "iso-8859-1");
97: 
98: 						response.setHeader("Content-Disposition", "attachment; filename=\"" + orgfilename + "\"");
99: 						response.setHeader("Content-Type", "application/octet-stream; charset=utf-8");


An error occurred at line: 96 in the jsp file: /HSPF01/cont_jsp/cont_file_down.jsp
orgfilename cannot be resolved
93: 
94: 					} else {
95: 						// 한글 파일명 처리
96: 						orgfilename = new String(orgfilename.getBytes("utf-8"), "iso-8859-1");
97: 
98: 						response.setHeader("Content-Disposition", "attachment; filename=\"" + orgfilename + "\"");
99: 						response.setHeader("Content-Type", "application/octet-stream; charset=utf-8");


An error occurred at line: 98 in the jsp file: /HSPF01/cont_jsp/cont_file_down.jsp
orgfilename cannot be resolved to a variable
95: 						// 한글 파일명 처리
96: 						orgfilename = new String(orgfilename.getBytes("utf-8"), "iso-8859-1");
97: 
98: 						response.setHeader("Content-Disposition", "attachment; filename=\"" + orgfilename + "\"");
99: 						response.setHeader("Content-Type", "application/octet-stream; charset=utf-8");
100: 					}
101: 


Stacktrace:] with root cause
 org.apache.jasper.JasperException: Unable to compile class for JSP: 

An error occurred at line: 34 in the jsp file: /HSPF01/cont_jsp/cont_file_down.jsp
sql cannot be resolved to a variable
31: 		String V_CONT_NO = request.getParameter("V_CONT_NO") == null ? "" : request.getParameter("V_CONT_NO");
32: 		System.out.println("컨테이너 첨부파일 테스트");
33: 		
34: 		sql = " select B.FILE_NM, B.FILE_SYS_NM from S_CONTAINER_MST A ";
35: 		sql = " LEFT OUTER jOIN S_CONTAINER_FILE B ON A.CONT_MGM_NO = B.CONT_MGM_NO ";
36: 		sql += " WHERE  B.TYPE = 'R' AND A.CONT_NO = '"  + V_CONT_NO  + "'  ";
37: 		


An error occurred at line: 35 in the jsp file: /HSPF01/cont_jsp/cont_file_down.jsp
sql cannot be resolved to a variable
32: 		System.out.println("컨테이너 첨부파일 테스트");
33: 		
34: 		sql = " select B.FILE_NM, B.FILE_SYS_NM from S_CONTAINER_MST A ";
35: 		sql = " LEFT OUTER jOIN S_CONTAINER_FILE B ON A.CONT_MGM_NO = B.CONT_MGM_NO ";
36: 		sql += " WHERE  B.TYPE = 'R' AND A.CONT_NO = '"  + V_CONT_NO  + "'  ";
37: 		
38: 		rs = stmt.executeQuery(sql);


An error occurred at line: 36 in the jsp file: /HSPF01/cont_jsp/cont_file_down.jsp
sql cannot be resolved to a variable
33: 		
34: 		sql = " select B.FILE_NM, B.FILE_SYS_NM from S_CONTAINER_MST A ";
35: 		sql = " LEFT OUTER jOIN S_CONTAINER_FILE B ON A.CONT_MGM_NO = B.CONT_MGM_NO ";
36: 		sql += " WHERE  B.TYPE = 'R' AND A.CONT_NO = '"  + V_CONT_NO  + "'  ";
37: 		
38: 		rs = stmt.executeQuery(sql);
39: 


An error occurred at line: 38 in the jsp file: /HSPF01/cont_jsp/cont_file_down.jsp
sql cannot be resolved to a variable
35: 		sql = " LEFT OUTER jOIN S_CONTAINER_FILE B ON A.CONT_MGM_NO = B.CONT_MGM_NO ";
36: 		sql += " WHERE  B.TYPE = 'R' AND A.CONT_NO = '"  + V_CONT_NO  + "'  ";
37: 		
38: 		rs = stmt.executeQuery(sql);
39: 
40: 		while (rs.next()) {
41: 			subObject = new JSONObject();


An error occurred at line: 45 in the jsp file: /HSPF01/cont_jsp/cont_file_down.jsp
filename cannot be resolved to a variable
42: 			subObject.put("DTL_CD", rs.getString("DTL_CD"));
43: 			subObject.put("DTL_NM", rs.getString("DTL_NM"));
44: 			
45: 			filename = rs.getString("FILE_SYS_NM");
46: 			orgfilename = rs.getString("FILE_NM");
47: 			
48: 			jsonArray.add(subObject);


An error occurred at line: 46 in the jsp file: /HSPF01/cont_jsp/cont_file_down.jsp
orgfilename cannot be resolved to a variable
43: 			subObject.put("DTL_NM", rs.getString("DTL_NM"));
44: 			
45: 			filename = rs.getString("FILE_SYS_NM");
46: 			orgfilename = rs.getString("FILE_NM");
47: 			
48: 			jsonArray.add(subObject);
49: 		}


An error occurred at line: 75 in the jsp file: /HSPF01/cont_jsp/cont_file_down.jsp
filename cannot be resolved to a variable
72: 
73: 				// 파일을 읽어 스트림에 담기
74: 				try {
75: 					file = new File(savePath, filename);
76: 					in = new FileInputStream(file);
77: 				} catch (FileNotFoundException fe) {
78: 					skip = true;


An error occurred at line: 92 in the jsp file: /HSPF01/cont_jsp/cont_file_down.jsp
orgfilename cannot be resolved
89: 
90: 					// IE
91: 					if (client.indexOf("MSIE") != -1) {
92: 						response.setHeader("Content-Disposition", "attachment; filename=" + new String(orgfilename.getBytes("KSC5601"), "ISO8859_1"));
93: 
94: 					} else {
95: 						// 한글 파일명 처리


An error occurred at line: 96 in the jsp file: /HSPF01/cont_jsp/cont_file_down.jsp
orgfilename cannot be resolved to a variable
93: 
94: 					} else {
95: 						// 한글 파일명 처리
96: 						orgfilename = new String(orgfilename.getBytes("utf-8"), "iso-8859-1");
97: 
98: 						response.setHeader("Content-Disposition", "attachment; filename=\"" + orgfilename + "\"");
99: 						response.setHeader("Content-Type", "application/octet-stream; charset=utf-8");


An error occurred at line: 96 in the jsp file: /HSPF01/cont_jsp/cont_file_down.jsp
orgfilename cannot be resolved
93: 
94: 					} else {
95: 						// 한글 파일명 처리
96: 						orgfilename = new String(orgfilename.getBytes("utf-8"), "iso-8859-1");
97: 
98: 						response.setHeader("Content-Disposition", "attachment; filename=\"" + orgfilename + "\"");
99: 						response.setHeader("Content-Type", "application/octet-stream; charset=utf-8");


An error occurred at line: 98 in the jsp file: /HSPF01/cont_jsp/cont_file_down.jsp
orgfilename cannot be resolved to a variable
95: 						// 한글 파일명 처리
96: 						orgfilename = new String(orgfilename.getBytes("utf-8"), "iso-8859-1");
97: 
98: 						response.setHeader("Content-Disposition", "attachment; filename=\"" + orgfilename + "\"");
99: 						response.setHeader("Content-Type", "application/octet-stream; charset=utf-8");
100: 					}
101: 


Stacktrace:
	at org.apache.jasper.compiler.DefaultErrorHandler.javacError(DefaultErrorHandler.java:102)
	at org.apache.jasper.compiler.ErrorDispatcher.javacError(ErrorDispatcher.java:198)
	at org.apache.jasper.compiler.JDTCompiler.generateClass(JDTCompiler.java:495)
	at org.apache.jasper.compiler.Compiler.compile(Compiler.java:363)
	at org.apache.jasper.compiler.Compiler.compile(Compiler.java:338)
	at org.apache.jasper.compiler.Compiler.compile(Compiler.java:325)
	at org.apache.jasper.JspCompilationContext.compile(JspCompilationContext.java:580)
	at org.apache.jasper.servlet.JspServletWrapper.service(JspServletWrapper.java:363)
	at org.apache.jasper.servlet.JspServlet.serviceJspFile(JspServlet.java:396)
	at org.apache.jasper.servlet.JspServlet.service(JspServlet.java:340)
	at javax.servlet.http.HttpServlet.service(HttpServlet.java:729)
	at org.apache.catalina.core.ApplicationFilterChain.internalDoFilter(ApplicationFilterChain.java:292)
	at org.apache.catalina.core.ApplicationFilterChain.doFilter(ApplicationFilterChain.java:207)
	at org.apache.tomcat.websocket.server.WsFilter.doFilter(WsFilter.java:52)
	at org.apache.catalina.core.ApplicationFilterChain.internalDoFilter(ApplicationFilterChain.java:240)
	at org.apache.catalina.core.ApplicationFilterChain.doFilter(ApplicationFilterChain.java:207)
	at org.apache.catalina.filters.CorsFilter.handleNonCORS(CorsFilter.java:458)
	at org.apache.catalina.filters.CorsFilter.doFilter(CorsFilter.java:177)
	at org.apache.catalina.core.ApplicationFilterChain.internalDoFilter(ApplicationFilterChain.java:240)
	at org.apache.catalina.core.ApplicationFilterChain.doFilter(ApplicationFilterChain.java:207)
	at org.apache.catalina.core.StandardWrapperValve.invoke(StandardWrapperValve.java:212)
	at org.apache.catalina.core.StandardContextValve.invoke(StandardContextValve.java:94)
	at org.apache.catalina.authenticator.AuthenticatorBase.invoke(AuthenticatorBase.java:496)
	at org.apache.catalina.core.StandardHostValve.invoke(StandardHostValve.java:141)
	at org.apache.catalina.valves.ErrorReportValve.invoke(ErrorReportValve.java:79)
	at org.apache.catalina.valves.AbstractAccessLogValve.invoke(AbstractAccessLogValve.java:620)
	at org.apache.catalina.core.StandardEngineValve.invoke(StandardEngineValve.java:88)
	at org.apache.catalina.connector.CoyoteAdapter.service(CoyoteAdapter.java:502)
	at org.apache.coyote.http11.AbstractHttp11Processor.process(AbstractHttp11Processor.java:1156)
	at org.apache.coyote.AbstractProtocol$AbstractConnectionHandler.process(AbstractProtocol.java:684)
	at org.apache.tomcat.util.net.NioEndpoint$SocketProcessor.doRun(NioEndpoint.java:1539)
	at org.apache.tomcat.util.net.NioEndpoint$SocketProcessor.run(NioEndpoint.java:1495)
	at java.util.concurrent.ThreadPoolExecutor.runWorker(ThreadPoolExecutor.java:1149)
	at java.util.concurrent.ThreadPoolExecutor$Worker.run(ThreadPoolExecutor.java:624)
	at org.apache.tomcat.util.threads.TaskThread$WrappingRunnable.run(TaskThread.java:61)
	at java.lang.Thread.run(Thread.java:748)

