02-Jul-2020 08:58:31.117 심각 [http-nio-80-exec-56] org.apache.catalina.core.StandardWrapperValve.invoke Servlet.service() for servlet [jsp] in context with path [] threw exception [javax.servlet.ServletException: java.security.InvalidKeyException: No installed provider supports this key: (null)] with root cause
 java.security.InvalidKeyException: No installed provider supports this key: (null)
	at javax.crypto.Cipher.chooseProvider(Cipher.java:893)
	at javax.crypto.Cipher.init(Cipher.java:1249)
	at javax.crypto.Cipher.init(Cipher.java:1186)
	at org.apache.jsp.HSPF01.common.login.sql.loginproc_jsp.decryptRsa(loginproc_jsp.java:46)
	at org.apache.jsp.HSPF01.common.login.sql.loginproc_jsp._jspService(loginproc_jsp.java:245)
	at org.apache.jasper.runtime.HttpJspBase.service(HttpJspBase.java:70)
	at javax.servlet.http.HttpServlet.service(HttpServlet.java:729)
	at org.apache.jasper.servlet.JspServletWrapper.service(JspServletWrapper.java:438)
	at org.apache.jasper.servlet.JspServlet.serviceJspFile(JspServlet.java:396)
	at org.apache.jasper.servlet.JspServlet.service(JspServlet.java:340)
	at javax.servlet.http.HttpServlet.service(HttpServlet.java:729)
	at org.apache.catalina.core.ApplicationFilterChain.internalDoFilter(ApplicationFilterChain.java:292)
	at org.apache.catalina.core.ApplicationFilterChain.doFilter(ApplicationFilterChain.java:207)
	at org.apache.tomcat.websocket.server.WsFilter.doFilter(WsFilter.java:52)
	at org.apache.catalina.core.ApplicationFilterChain.internalDoFilter(ApplicationFilterChain.java:240)
	at org.apache.catalina.core.ApplicationFilterChain.doFilter(ApplicationFilterChain.java:207)
	at org.apache.catalina.filters.CorsFilter.handleNonCORS(CorsFilter.java:458)
	at org.apache.catalina.filters.CorsFilter.doFilter(CorsFilter.java:177)
	at org.apache.catalina.core.ApplicationFilterChain.internalDoFilter(ApplicationFilterChain.java:240)
	at org.apache.catalina.core.ApplicationFilterChain.doFilter(ApplicationFilterChain.java:207)
	at org.apache.catalina.core.StandardWrapperValve.invoke(StandardWrapperValve.java:212)
	at org.apache.catalina.core.StandardContextValve.invoke(StandardContextValve.java:94)
	at org.apache.catalina.authenticator.AuthenticatorBase.invoke(AuthenticatorBase.java:496)
	at org.apache.catalina.core.StandardHostValve.invoke(StandardHostValve.java:141)
	at org.apache.catalina.valves.ErrorReportValve.invoke(ErrorReportValve.java:79)
	at org.apache.catalina.valves.AbstractAccessLogValve.invoke(AbstractAccessLogValve.java:620)
	at org.apache.catalina.core.StandardEngineValve.invoke(StandardEngineValve.java:88)
	at org.apache.catalina.connector.CoyoteAdapter.service(CoyoteAdapter.java:502)
	at org.apache.coyote.http11.AbstractHttp11Processor.process(AbstractHttp11Processor.java:1156)
	at org.apache.coyote.AbstractProtocol$AbstractConnectionHandler.process(AbstractProtocol.java:684)
	at org.apache.tomcat.util.net.NioEndpoint$SocketProcessor.doRun(NioEndpoint.java:1539)
	at org.apache.tomcat.util.net.NioEndpoint$SocketProcessor.run(NioEndpoint.java:1495)
	at java.util.concurrent.ThreadPoolExecutor.runWorker(ThreadPoolExecutor.java:1149)
	at java.util.concurrent.ThreadPoolExecutor$Worker.run(ThreadPoolExecutor.java:624)
	at org.apache.tomcat.util.threads.TaskThread$WrappingRunnable.run(TaskThread.java:61)
	at java.lang.Thread.run(Thread.java:748)

02-Jul-2020 14:55:06.660 심각 [http-nio-80-exec-36] org.apache.catalina.core.StandardWrapperValve.invoke Servlet.service() for servlet [jsp] in context with path [] threw exception [Unable to compile class for JSP: 

An error occurred at line: 57 in the jsp file: /HSPF01/SWM/sale/sale1/conthsna/sql/ContPopSql.jsp
cs cannot be resolved to a variable
54: 	    }catch(Exception e){
55: 	 e.printStackTrace();
56: 	 }finally{
57:  	if (cs != null)
58: 			try {
59: 				cs.close();
60: 			} catch (SQLException ex) {


An error occurred at line: 59 in the jsp file: /HSPF01/SWM/sale/sale1/conthsna/sql/ContPopSql.jsp
cs cannot be resolved
56: 	 }finally{
57:  	if (cs != null)
58: 			try {
59: 				cs.close();
60: 			} catch (SQLException ex) {
61: 			}
62: 		if (rs != null)


Stacktrace:] with root cause
 org.apache.jasper.JasperException: Unable to compile class for JSP: 

An error occurred at line: 57 in the jsp file: /HSPF01/SWM/sale/sale1/conthsna/sql/ContPopSql.jsp
cs cannot be resolved to a variable
54: 	    }catch(Exception e){
55: 	 e.printStackTrace();
56: 	 }finally{
57:  	if (cs != null)
58: 			try {
59: 				cs.close();
60: 			} catch (SQLException ex) {


An error occurred at line: 59 in the jsp file: /HSPF01/SWM/sale/sale1/conthsna/sql/ContPopSql.jsp
cs cannot be resolved
56: 	 }finally{
57:  	if (cs != null)
58: 			try {
59: 				cs.close();
60: 			} catch (SQLException ex) {
61: 			}
62: 		if (rs != null)


Stacktrace:
	at org.apache.jasper.compiler.DefaultErrorHandler.javacError(DefaultErrorHandler.java:102)
	at org.apache.jasper.compiler.ErrorDispatcher.javacError(ErrorDispatcher.java:198)
	at org.apache.jasper.compiler.JDTCompiler.generateClass(JDTCompiler.java:495)
	at org.apache.jasper.compiler.Compiler.compile(Compiler.java:363)
	at org.apache.jasper.compiler.Compiler.compile(Compiler.java:338)
	at org.apache.jasper.compiler.Compiler.compile(Compiler.java:325)
	at org.apache.jasper.JspCompilationContext.compile(JspCompilationContext.java:580)
	at org.apache.jasper.servlet.JspServletWrapper.service(JspServletWrapper.java:363)
	at org.apache.jasper.servlet.JspServlet.serviceJspFile(JspServlet.java:396)
	at org.apache.jasper.servlet.JspServlet.service(JspServlet.java:340)
	at javax.servlet.http.HttpServlet.service(HttpServlet.java:729)
	at org.apache.catalina.core.ApplicationFilterChain.internalDoFilter(ApplicationFilterChain.java:292)
	at org.apache.catalina.core.ApplicationFilterChain.doFilter(ApplicationFilterChain.java:207)
	at org.apache.tomcat.websocket.server.WsFilter.doFilter(WsFilter.java:52)
	at org.apache.catalina.core.ApplicationFilterChain.internalDoFilter(ApplicationFilterChain.java:240)
	at org.apache.catalina.core.ApplicationFilterChain.doFilter(ApplicationFilterChain.java:207)
	at org.apache.catalina.filters.CorsFilter.handleNonCORS(CorsFilter.java:458)
	at org.apache.catalina.filters.CorsFilter.doFilter(CorsFilter.java:177)
	at org.apache.catalina.core.ApplicationFilterChain.internalDoFilter(ApplicationFilterChain.java:240)
	at org.apache.catalina.core.ApplicationFilterChain.doFilter(ApplicationFilterChain.java:207)
	at org.apache.catalina.core.StandardWrapperValve.invoke(StandardWrapperValve.java:212)
	at org.apache.catalina.core.StandardContextValve.invoke(StandardContextValve.java:94)
	at org.apache.catalina.authenticator.AuthenticatorBase.invoke(AuthenticatorBase.java:496)
	at org.apache.catalina.core.StandardHostValve.invoke(StandardHostValve.java:141)
	at org.apache.catalina.valves.ErrorReportValve.invoke(ErrorReportValve.java:79)
	at org.apache.catalina.valves.AbstractAccessLogValve.invoke(AbstractAccessLogValve.java:620)
	at org.apache.catalina.core.StandardEngineValve.invoke(StandardEngineValve.java:88)
	at org.apache.catalina.connector.CoyoteAdapter.service(CoyoteAdapter.java:502)
	at org.apache.coyote.http11.AbstractHttp11Processor.process(AbstractHttp11Processor.java:1156)
	at org.apache.coyote.AbstractProtocol$AbstractConnectionHandler.process(AbstractProtocol.java:684)
	at org.apache.tomcat.util.net.NioEndpoint$SocketProcessor.doRun(NioEndpoint.java:1539)
	at org.apache.tomcat.util.net.NioEndpoint$SocketProcessor.run(NioEndpoint.java:1495)
	at java.util.concurrent.ThreadPoolExecutor.runWorker(ThreadPoolExecutor.java:1149)
	at java.util.concurrent.ThreadPoolExecutor$Worker.run(ThreadPoolExecutor.java:624)
	at org.apache.tomcat.util.threads.TaskThread$WrappingRunnable.run(TaskThread.java:61)
	at java.lang.Thread.run(Thread.java:748)

02-Jul-2020 14:55:09.236 심각 [http-nio-80-exec-39] org.apache.catalina.core.StandardWrapperValve.invoke Servlet.service() for servlet [jsp] in context with path [] threw exception [java.lang.ClassNotFoundException: org.apache.jsp.HSPF01.SWM.sale.sale1.conthsna.sql.ContPopSql_jsp] with root cause
 java.lang.ClassNotFoundException: org.apache.jsp.HSPF01.SWM.sale.sale1.conthsna.sql.ContPopSql_jsp
	at java.net.URLClassLoader.findClass(URLClassLoader.java:381)
	at org.apache.jasper.servlet.JasperLoader.loadClass(JasperLoader.java:131)
	at org.apache.jasper.servlet.JasperLoader.loadClass(JasperLoader.java:62)
	at org.apache.catalina.core.DefaultInstanceManager.newInstance(DefaultInstanceManager.java:159)
	at org.apache.jasper.servlet.JspServletWrapper.getServlet(JspServletWrapper.java:171)
	at org.apache.jasper.servlet.JspServletWrapper.service(JspServletWrapper.java:375)
	at org.apache.jasper.servlet.JspServlet.serviceJspFile(JspServlet.java:396)
	at org.apache.jasper.servlet.JspServlet.service(JspServlet.java:340)
	at javax.servlet.http.HttpServlet.service(HttpServlet.java:729)
	at org.apache.catalina.core.ApplicationFilterChain.internalDoFilter(ApplicationFilterChain.java:292)
	at org.apache.catalina.core.ApplicationFilterChain.doFilter(ApplicationFilterChain.java:207)
	at org.apache.tomcat.websocket.server.WsFilter.doFilter(WsFilter.java:52)
	at org.apache.catalina.core.ApplicationFilterChain.internalDoFilter(ApplicationFilterChain.java:240)
	at org.apache.catalina.core.ApplicationFilterChain.doFilter(ApplicationFilterChain.java:207)
	at org.apache.catalina.filters.CorsFilter.handleNonCORS(CorsFilter.java:458)
	at org.apache.catalina.filters.CorsFilter.doFilter(CorsFilter.java:177)
	at org.apache.catalina.core.ApplicationFilterChain.internalDoFilter(ApplicationFilterChain.java:240)
	at org.apache.catalina.core.ApplicationFilterChain.doFilter(ApplicationFilterChain.java:207)
	at org.apache.catalina.core.StandardWrapperValve.invoke(StandardWrapperValve.java:212)
	at org.apache.catalina.core.StandardContextValve.invoke(StandardContextValve.java:94)
	at org.apache.catalina.authenticator.AuthenticatorBase.invoke(AuthenticatorBase.java:496)
	at org.apache.catalina.core.StandardHostValve.invoke(StandardHostValve.java:141)
	at org.apache.catalina.valves.ErrorReportValve.invoke(ErrorReportValve.java:79)
	at org.apache.catalina.valves.AbstractAccessLogValve.invoke(AbstractAccessLogValve.java:620)
	at org.apache.catalina.core.StandardEngineValve.invoke(StandardEngineValve.java:88)
	at org.apache.catalina.connector.CoyoteAdapter.service(CoyoteAdapter.java:502)
	at org.apache.coyote.http11.AbstractHttp11Processor.process(AbstractHttp11Processor.java:1156)
	at org.apache.coyote.AbstractProtocol$AbstractConnectionHandler.process(AbstractProtocol.java:684)
	at org.apache.tomcat.util.net.NioEndpoint$SocketProcessor.doRun(NioEndpoint.java:1539)
	at org.apache.tomcat.util.net.NioEndpoint$SocketProcessor.run(NioEndpoint.java:1495)
	at java.util.concurrent.ThreadPoolExecutor.runWorker(ThreadPoolExecutor.java:1149)
	at java.util.concurrent.ThreadPoolExecutor$Worker.run(ThreadPoolExecutor.java:624)
	at org.apache.tomcat.util.threads.TaskThread$WrappingRunnable.run(TaskThread.java:61)
	at java.lang.Thread.run(Thread.java:748)

02-Jul-2020 14:55:16.199 심각 [http-nio-80-exec-36] org.apache.catalina.core.StandardWrapperValve.invoke Servlet.service() for servlet [jsp] in context with path [] threw exception [Unable to compile class for JSP: 

An error occurred at line: 57 in the jsp file: /HSPF01/SWM/sale/sale1/conthsna/sql/ContPopSql.jsp
cs cannot be resolved to a variable
54: 	    }catch(Exception e){
55: 	 e.printStackTrace();
56: 	 }finally{
57:  	if (cs != null)
58: 			try {
59: 				cs.close();
60: 			} catch (SQLException ex) {


An error occurred at line: 59 in the jsp file: /HSPF01/SWM/sale/sale1/conthsna/sql/ContPopSql.jsp
cs cannot be resolved
56: 	 }finally{
57:  	if (cs != null)
58: 			try {
59: 				cs.close();
60: 			} catch (SQLException ex) {
61: 			}
62: 		if (rs != null)


Stacktrace:] with root cause
 org.apache.jasper.JasperException: Unable to compile class for JSP: 

An error occurred at line: 57 in the jsp file: /HSPF01/SWM/sale/sale1/conthsna/sql/ContPopSql.jsp
cs cannot be resolved to a variable
54: 	    }catch(Exception e){
55: 	 e.printStackTrace();
56: 	 }finally{
57:  	if (cs != null)
58: 			try {
59: 				cs.close();
60: 			} catch (SQLException ex) {


An error occurred at line: 59 in the jsp file: /HSPF01/SWM/sale/sale1/conthsna/sql/ContPopSql.jsp
cs cannot be resolved
56: 	 }finally{
57:  	if (cs != null)
58: 			try {
59: 				cs.close();
60: 			} catch (SQLException ex) {
61: 			}
62: 		if (rs != null)


Stacktrace:
	at org.apache.jasper.compiler.DefaultErrorHandler.javacError(DefaultErrorHandler.java:102)
	at org.apache.jasper.compiler.ErrorDispatcher.javacError(ErrorDispatcher.java:198)
	at org.apache.jasper.compiler.JDTCompiler.generateClass(JDTCompiler.java:495)
	at org.apache.jasper.compiler.Compiler.compile(Compiler.java:363)
	at org.apache.jasper.compiler.Compiler.compile(Compiler.java:338)
	at org.apache.jasper.compiler.Compiler.compile(Compiler.java:325)
	at org.apache.jasper.JspCompilationContext.compile(JspCompilationContext.java:580)
	at org.apache.jasper.servlet.JspServletWrapper.service(JspServletWrapper.java:363)
	at org.apache.jasper.servlet.JspServlet.serviceJspFile(JspServlet.java:396)
	at org.apache.jasper.servlet.JspServlet.service(JspServlet.java:340)
	at javax.servlet.http.HttpServlet.service(HttpServlet.java:729)
	at org.apache.catalina.core.ApplicationFilterChain.internalDoFilter(ApplicationFilterChain.java:292)
	at org.apache.catalina.core.ApplicationFilterChain.doFilter(ApplicationFilterChain.java:207)
	at org.apache.tomcat.websocket.server.WsFilter.doFilter(WsFilter.java:52)
	at org.apache.catalina.core.ApplicationFilterChain.internalDoFilter(ApplicationFilterChain.java:240)
	at org.apache.catalina.core.ApplicationFilterChain.doFilter(ApplicationFilterChain.java:207)
	at org.apache.catalina.filters.CorsFilter.handleNonCORS(CorsFilter.java:458)
	at org.apache.catalina.filters.CorsFilter.doFilter(CorsFilter.java:177)
	at org.apache.catalina.core.ApplicationFilterChain.internalDoFilter(ApplicationFilterChain.java:240)
	at org.apache.catalina.core.ApplicationFilterChain.doFilter(ApplicationFilterChain.java:207)
	at org.apache.catalina.core.StandardWrapperValve.invoke(StandardWrapperValve.java:212)
	at org.apache.catalina.core.StandardContextValve.invoke(StandardContextValve.java:94)
	at org.apache.catalina.authenticator.AuthenticatorBase.invoke(AuthenticatorBase.java:496)
	at org.apache.catalina.core.StandardHostValve.invoke(StandardHostValve.java:141)
	at org.apache.catalina.valves.ErrorReportValve.invoke(ErrorReportValve.java:79)
	at org.apache.catalina.valves.AbstractAccessLogValve.invoke(AbstractAccessLogValve.java:620)
	at org.apache.catalina.core.StandardEngineValve.invoke(StandardEngineValve.java:88)
	at org.apache.catalina.connector.CoyoteAdapter.service(CoyoteAdapter.java:502)
	at org.apache.coyote.http11.AbstractHttp11Processor.process(AbstractHttp11Processor.java:1156)
	at org.apache.coyote.AbstractProtocol$AbstractConnectionHandler.process(AbstractProtocol.java:684)
	at org.apache.tomcat.util.net.NioEndpoint$SocketProcessor.doRun(NioEndpoint.java:1539)
	at org.apache.tomcat.util.net.NioEndpoint$SocketProcessor.run(NioEndpoint.java:1495)
	at java.util.concurrent.ThreadPoolExecutor.runWorker(ThreadPoolExecutor.java:1149)
	at java.util.concurrent.ThreadPoolExecutor$Worker.run(ThreadPoolExecutor.java:624)
	at org.apache.tomcat.util.threads.TaskThread$WrappingRunnable.run(TaskThread.java:61)
	at java.lang.Thread.run(Thread.java:748)

02-Jul-2020 18:22:24.730 심각 [http-nio-80-exec-56] org.apache.catalina.core.StandardWrapperValve.invoke Servlet.service() for servlet [jsp] in context with path [] threw exception [Unable to compile class for JSP: 

An error occurred at line: 65 in the jsp file: /HSPF01/SWM/sale/sale1/conthsna/sql/cont_file.jsp
V_ASN_NO cannot be resolved to a variable
62: 						SimpleDateFormat sdf2 = new SimpleDateFormat("yyyyMMdd_HHmmssSSS");
63: 						String time = sdf2.format(new Date(curr));
64: 						V_FILE_NM = item.getName();
65: 						V_FILE_IN_SYSTEM_NM = V_ASN_NO + '_' + time + ext;
66: 
67: 						// 						System.out.println(V_FILE_IN_SYSTEM_NM);
68: 


An error occurred at line: 231 in the jsp file: /HSPF01/SWM/sale/sale1/conthsna/sql/cont_file.jsp
Duplicate local variable V_CONT_NO
228: 					HashMap hashMap = (HashMap) jsonAr.get(i);
229: 
230: 					V_TYPE = hashMap.get("V_TYPE") == null ? "" : hashMap.get("V_TYPE").toString();
231: 					String V_CONT_NO = hashMap.get("CONT_NO") == null ? "" : hashMap.get("CONT_NO").toString();
232: 					String V_FILE_TYPE = hashMap.get("FILE_TYPE") == null ? "" : hashMap.get("FILE_TYPE").toString();
233: 					V_FILE_NM = hashMap.get("FILE_NM") == null ? "" : hashMap.get("FILE_NM").toString();
234: 					V_FILE_IN_SYSTEM_NM = hashMap.get("FILE_IN_SYSTEM_NM") == null ? "" : hashMap.get("FILE_IN_SYSTEM_NM").toString();


An error occurred at line: 232 in the jsp file: /HSPF01/SWM/sale/sale1/conthsna/sql/cont_file.jsp
Duplicate local variable V_FILE_TYPE
229: 
230: 					V_TYPE = hashMap.get("V_TYPE") == null ? "" : hashMap.get("V_TYPE").toString();
231: 					String V_CONT_NO = hashMap.get("CONT_NO") == null ? "" : hashMap.get("CONT_NO").toString();
232: 					String V_FILE_TYPE = hashMap.get("FILE_TYPE") == null ? "" : hashMap.get("FILE_TYPE").toString();
233: 					V_FILE_NM = hashMap.get("FILE_NM") == null ? "" : hashMap.get("FILE_NM").toString();
234: 					V_FILE_IN_SYSTEM_NM = hashMap.get("FILE_IN_SYSTEM_NM") == null ? "" : hashMap.get("FILE_IN_SYSTEM_NM").toString();
235: 


An error occurred at line: 254 in the jsp file: /HSPF01/SWM/sale/sale1/conthsna/sql/cont_file.jsp
Duplicate local variable V_CONT_NO
251: 			} else {
252: 				JSONObject jsondata = JSONObject.fromObject(jsonData);
253: 
254: 				String V_CONT_NO = jsondata.get("CONT_NO") == null ? "" : jsondata.get("CONT_NO").toString();
255: 				String V_FILE_TYPE = jsondata.get("FILE_TYPE") == null ? "" : jsondata.get("FILE_TYPE").toString();
256: 				V_FILE_NM = jsondata.get("FILE_NM") == null ? "" : jsondata.get("FILE_NM").toString();
257: 				V_FILE_IN_SYSTEM_NM = jsondata.get("FILE_IN_SYSTEM_NM") == null ? "" : jsondata.get("FILE_IN_SYSTEM_NM").toString();


An error occurred at line: 255 in the jsp file: /HSPF01/SWM/sale/sale1/conthsna/sql/cont_file.jsp
Duplicate local variable V_FILE_TYPE
252: 				JSONObject jsondata = JSONObject.fromObject(jsonData);
253: 
254: 				String V_CONT_NO = jsondata.get("CONT_NO") == null ? "" : jsondata.get("CONT_NO").toString();
255: 				String V_FILE_TYPE = jsondata.get("FILE_TYPE") == null ? "" : jsondata.get("FILE_TYPE").toString();
256: 				V_FILE_NM = jsondata.get("FILE_NM") == null ? "" : jsondata.get("FILE_NM").toString();
257: 				V_FILE_IN_SYSTEM_NM = jsondata.get("FILE_IN_SYSTEM_NM") == null ? "" : jsondata.get("FILE_IN_SYSTEM_NM").toString();
258: 


Stacktrace:] with root cause
 org.apache.jasper.JasperException: Unable to compile class for JSP: 

An error occurred at line: 65 in the jsp file: /HSPF01/SWM/sale/sale1/conthsna/sql/cont_file.jsp
V_ASN_NO cannot be resolved to a variable
62: 						SimpleDateFormat sdf2 = new SimpleDateFormat("yyyyMMdd_HHmmssSSS");
63: 						String time = sdf2.format(new Date(curr));
64: 						V_FILE_NM = item.getName();
65: 						V_FILE_IN_SYSTEM_NM = V_ASN_NO + '_' + time + ext;
66: 
67: 						// 						System.out.println(V_FILE_IN_SYSTEM_NM);
68: 


An error occurred at line: 231 in the jsp file: /HSPF01/SWM/sale/sale1/conthsna/sql/cont_file.jsp
Duplicate local variable V_CONT_NO
228: 					HashMap hashMap = (HashMap) jsonAr.get(i);
229: 
230: 					V_TYPE = hashMap.get("V_TYPE") == null ? "" : hashMap.get("V_TYPE").toString();
231: 					String V_CONT_NO = hashMap.get("CONT_NO") == null ? "" : hashMap.get("CONT_NO").toString();
232: 					String V_FILE_TYPE = hashMap.get("FILE_TYPE") == null ? "" : hashMap.get("FILE_TYPE").toString();
233: 					V_FILE_NM = hashMap.get("FILE_NM") == null ? "" : hashMap.get("FILE_NM").toString();
234: 					V_FILE_IN_SYSTEM_NM = hashMap.get("FILE_IN_SYSTEM_NM") == null ? "" : hashMap.get("FILE_IN_SYSTEM_NM").toString();


An error occurred at line: 232 in the jsp file: /HSPF01/SWM/sale/sale1/conthsna/sql/cont_file.jsp
Duplicate local variable V_FILE_TYPE
229: 
230: 					V_TYPE = hashMap.get("V_TYPE") == null ? "" : hashMap.get("V_TYPE").toString();
231: 					String V_CONT_NO = hashMap.get("CONT_NO") == null ? "" : hashMap.get("CONT_NO").toString();
232: 					String V_FILE_TYPE = hashMap.get("FILE_TYPE") == null ? "" : hashMap.get("FILE_TYPE").toString();
233: 					V_FILE_NM = hashMap.get("FILE_NM") == null ? "" : hashMap.get("FILE_NM").toString();
234: 					V_FILE_IN_SYSTEM_NM = hashMap.get("FILE_IN_SYSTEM_NM") == null ? "" : hashMap.get("FILE_IN_SYSTEM_NM").toString();
235: 


An error occurred at line: 254 in the jsp file: /HSPF01/SWM/sale/sale1/conthsna/sql/cont_file.jsp
Duplicate local variable V_CONT_NO
251: 			} else {
252: 				JSONObject jsondata = JSONObject.fromObject(jsonData);
253: 
254: 				String V_CONT_NO = jsondata.get("CONT_NO") == null ? "" : jsondata.get("CONT_NO").toString();
255: 				String V_FILE_TYPE = jsondata.get("FILE_TYPE") == null ? "" : jsondata.get("FILE_TYPE").toString();
256: 				V_FILE_NM = jsondata.get("FILE_NM") == null ? "" : jsondata.get("FILE_NM").toString();
257: 				V_FILE_IN_SYSTEM_NM = jsondata.get("FILE_IN_SYSTEM_NM") == null ? "" : jsondata.get("FILE_IN_SYSTEM_NM").toString();


An error occurred at line: 255 in the jsp file: /HSPF01/SWM/sale/sale1/conthsna/sql/cont_file.jsp
Duplicate local variable V_FILE_TYPE
252: 				JSONObject jsondata = JSONObject.fromObject(jsonData);
253: 
254: 				String V_CONT_NO = jsondata.get("CONT_NO") == null ? "" : jsondata.get("CONT_NO").toString();
255: 				String V_FILE_TYPE = jsondata.get("FILE_TYPE") == null ? "" : jsondata.get("FILE_TYPE").toString();
256: 				V_FILE_NM = jsondata.get("FILE_NM") == null ? "" : jsondata.get("FILE_NM").toString();
257: 				V_FILE_IN_SYSTEM_NM = jsondata.get("FILE_IN_SYSTEM_NM") == null ? "" : jsondata.get("FILE_IN_SYSTEM_NM").toString();
258: 


Stacktrace:
	at org.apache.jasper.compiler.DefaultErrorHandler.javacError(DefaultErrorHandler.java:102)
	at org.apache.jasper.compiler.ErrorDispatcher.javacError(ErrorDispatcher.java:198)
	at org.apache.jasper.compiler.JDTCompiler.generateClass(JDTCompiler.java:495)
	at org.apache.jasper.compiler.Compiler.compile(Compiler.java:363)
	at org.apache.jasper.compiler.Compiler.compile(Compiler.java:338)
	at org.apache.jasper.compiler.Compiler.compile(Compiler.java:325)
	at org.apache.jasper.JspCompilationContext.compile(JspCompilationContext.java:580)
	at org.apache.jasper.servlet.JspServletWrapper.service(JspServletWrapper.java:363)
	at org.apache.jasper.servlet.JspServlet.serviceJspFile(JspServlet.java:396)
	at org.apache.jasper.servlet.JspServlet.service(JspServlet.java:340)
	at javax.servlet.http.HttpServlet.service(HttpServlet.java:729)
	at org.apache.catalina.core.ApplicationFilterChain.internalDoFilter(ApplicationFilterChain.java:292)
	at org.apache.catalina.core.ApplicationFilterChain.doFilter(ApplicationFilterChain.java:207)
	at org.apache.tomcat.websocket.server.WsFilter.doFilter(WsFilter.java:52)
	at org.apache.catalina.core.ApplicationFilterChain.internalDoFilter(ApplicationFilterChain.java:240)
	at org.apache.catalina.core.ApplicationFilterChain.doFilter(ApplicationFilterChain.java:207)
	at org.apache.catalina.filters.CorsFilter.handleNonCORS(CorsFilter.java:458)
	at org.apache.catalina.filters.CorsFilter.doFilter(CorsFilter.java:177)
	at org.apache.catalina.core.ApplicationFilterChain.internalDoFilter(ApplicationFilterChain.java:240)
	at org.apache.catalina.core.ApplicationFilterChain.doFilter(ApplicationFilterChain.java:207)
	at org.apache.catalina.core.StandardWrapperValve.invoke(StandardWrapperValve.java:212)
	at org.apache.catalina.core.StandardContextValve.invoke(StandardContextValve.java:94)
	at org.apache.catalina.authenticator.AuthenticatorBase.invoke(AuthenticatorBase.java:496)
	at org.apache.catalina.core.StandardHostValve.invoke(StandardHostValve.java:141)
	at org.apache.catalina.valves.ErrorReportValve.invoke(ErrorReportValve.java:79)
	at org.apache.catalina.valves.AbstractAccessLogValve.invoke(AbstractAccessLogValve.java:620)
	at org.apache.catalina.core.StandardEngineValve.invoke(StandardEngineValve.java:88)
	at org.apache.catalina.connector.CoyoteAdapter.service(CoyoteAdapter.java:502)
	at org.apache.coyote.http11.AbstractHttp11Processor.process(AbstractHttp11Processor.java:1156)
	at org.apache.coyote.AbstractProtocol$AbstractConnectionHandler.process(AbstractProtocol.java:684)
	at org.apache.tomcat.util.net.NioEndpoint$SocketProcessor.doRun(NioEndpoint.java:1539)
	at org.apache.tomcat.util.net.NioEndpoint$SocketProcessor.run(NioEndpoint.java:1495)
	at java.util.concurrent.ThreadPoolExecutor.runWorker(ThreadPoolExecutor.java:1149)
	at java.util.concurrent.ThreadPoolExecutor$Worker.run(ThreadPoolExecutor.java:624)
	at org.apache.tomcat.util.threads.TaskThread$WrappingRunnable.run(TaskThread.java:61)
	at java.lang.Thread.run(Thread.java:748)

02-Jul-2020 18:22:24.851 심각 [http-nio-80-exec-47] org.apache.catalina.core.StandardWrapperValve.invoke Servlet.service() for servlet [jsp] in context with path [] threw exception [java.lang.ClassNotFoundException: org.apache.jsp.HSPF01.SWM.sale.sale1.conthsna.sql.cont_005ffile_jsp] with root cause
 java.lang.ClassNotFoundException: org.apache.jsp.HSPF01.SWM.sale.sale1.conthsna.sql.cont_005ffile_jsp
	at java.net.URLClassLoader.findClass(URLClassLoader.java:381)
	at org.apache.jasper.servlet.JasperLoader.loadClass(JasperLoader.java:131)
	at org.apache.jasper.servlet.JasperLoader.loadClass(JasperLoader.java:62)
	at org.apache.catalina.core.DefaultInstanceManager.newInstance(DefaultInstanceManager.java:159)
	at org.apache.jasper.servlet.JspServletWrapper.getServlet(JspServletWrapper.java:171)
	at org.apache.jasper.servlet.JspServletWrapper.service(JspServletWrapper.java:375)
	at org.apache.jasper.servlet.JspServlet.serviceJspFile(JspServlet.java:396)
	at org.apache.jasper.servlet.JspServlet.service(JspServlet.java:340)
	at javax.servlet.http.HttpServlet.service(HttpServlet.java:729)
	at org.apache.catalina.core.ApplicationFilterChain.internalDoFilter(ApplicationFilterChain.java:292)
	at org.apache.catalina.core.ApplicationFilterChain.doFilter(ApplicationFilterChain.java:207)
	at org.apache.tomcat.websocket.server.WsFilter.doFilter(WsFilter.java:52)
	at org.apache.catalina.core.ApplicationFilterChain.internalDoFilter(ApplicationFilterChain.java:240)
	at org.apache.catalina.core.ApplicationFilterChain.doFilter(ApplicationFilterChain.java:207)
	at org.apache.catalina.filters.CorsFilter.handleNonCORS(CorsFilter.java:458)
	at org.apache.catalina.filters.CorsFilter.doFilter(CorsFilter.java:177)
	at org.apache.catalina.core.ApplicationFilterChain.internalDoFilter(ApplicationFilterChain.java:240)
	at org.apache.catalina.core.ApplicationFilterChain.doFilter(ApplicationFilterChain.java:207)
	at org.apache.catalina.core.StandardWrapperValve.invoke(StandardWrapperValve.java:212)
	at org.apache.catalina.core.StandardContextValve.invoke(StandardContextValve.java:94)
	at org.apache.catalina.authenticator.AuthenticatorBase.invoke(AuthenticatorBase.java:496)
	at org.apache.catalina.core.StandardHostValve.invoke(StandardHostValve.java:141)
	at org.apache.catalina.valves.ErrorReportValve.invoke(ErrorReportValve.java:79)
	at org.apache.catalina.valves.AbstractAccessLogValve.invoke(AbstractAccessLogValve.java:620)
	at org.apache.catalina.core.StandardEngineValve.invoke(StandardEngineValve.java:88)
	at org.apache.catalina.connector.CoyoteAdapter.service(CoyoteAdapter.java:502)
	at org.apache.coyote.http11.AbstractHttp11Processor.process(AbstractHttp11Processor.java:1156)
	at org.apache.coyote.AbstractProtocol$AbstractConnectionHandler.process(AbstractProtocol.java:684)
	at org.apache.tomcat.util.net.NioEndpoint$SocketProcessor.doRun(NioEndpoint.java:1539)
	at org.apache.tomcat.util.net.NioEndpoint$SocketProcessor.run(NioEndpoint.java:1495)
	at java.util.concurrent.ThreadPoolExecutor.runWorker(ThreadPoolExecutor.java:1149)
	at java.util.concurrent.ThreadPoolExecutor$Worker.run(ThreadPoolExecutor.java:624)
	at org.apache.tomcat.util.threads.TaskThread$WrappingRunnable.run(TaskThread.java:61)
	at java.lang.Thread.run(Thread.java:748)

02-Jul-2020 18:24:28.130 심각 [http-nio-80-exec-23] org.apache.catalina.core.StandardWrapperValve.invoke Servlet.service() for servlet [jsp] in context with path [] threw exception [Unable to compile class for JSP: 

An error occurred at line: 231 in the jsp file: /HSPF01/SWM/sale/sale1/conthsna/sql/cont_file.jsp
Duplicate local variable V_CONT_NO
228: 					HashMap hashMap = (HashMap) jsonAr.get(i);
229: 
230: 					V_TYPE = hashMap.get("V_TYPE") == null ? "" : hashMap.get("V_TYPE").toString();
231: 					String V_CONT_NO = hashMap.get("CONT_NO") == null ? "" : hashMap.get("CONT_NO").toString();
232: 					String V_FILE_TYPE = hashMap.get("FILE_TYPE") == null ? "" : hashMap.get("FILE_TYPE").toString();
233: 					V_FILE_NM = hashMap.get("FILE_NM") == null ? "" : hashMap.get("FILE_NM").toString();
234: 					V_FILE_IN_SYSTEM_NM = hashMap.get("FILE_IN_SYSTEM_NM") == null ? "" : hashMap.get("FILE_IN_SYSTEM_NM").toString();


An error occurred at line: 232 in the jsp file: /HSPF01/SWM/sale/sale1/conthsna/sql/cont_file.jsp
Duplicate local variable V_FILE_TYPE
229: 
230: 					V_TYPE = hashMap.get("V_TYPE") == null ? "" : hashMap.get("V_TYPE").toString();
231: 					String V_CONT_NO = hashMap.get("CONT_NO") == null ? "" : hashMap.get("CONT_NO").toString();
232: 					String V_FILE_TYPE = hashMap.get("FILE_TYPE") == null ? "" : hashMap.get("FILE_TYPE").toString();
233: 					V_FILE_NM = hashMap.get("FILE_NM") == null ? "" : hashMap.get("FILE_NM").toString();
234: 					V_FILE_IN_SYSTEM_NM = hashMap.get("FILE_IN_SYSTEM_NM") == null ? "" : hashMap.get("FILE_IN_SYSTEM_NM").toString();
235: 


An error occurred at line: 254 in the jsp file: /HSPF01/SWM/sale/sale1/conthsna/sql/cont_file.jsp
Duplicate local variable V_CONT_NO
251: 			} else {
252: 				JSONObject jsondata = JSONObject.fromObject(jsonData);
253: 
254: 				String V_CONT_NO = jsondata.get("CONT_NO") == null ? "" : jsondata.get("CONT_NO").toString();
255: 				String V_FILE_TYPE = jsondata.get("FILE_TYPE") == null ? "" : jsondata.get("FILE_TYPE").toString();
256: 				V_FILE_NM = jsondata.get("FILE_NM") == null ? "" : jsondata.get("FILE_NM").toString();
257: 				V_FILE_IN_SYSTEM_NM = jsondata.get("FILE_IN_SYSTEM_NM") == null ? "" : jsondata.get("FILE_IN_SYSTEM_NM").toString();


An error occurred at line: 255 in the jsp file: /HSPF01/SWM/sale/sale1/conthsna/sql/cont_file.jsp
Duplicate local variable V_FILE_TYPE
252: 				JSONObject jsondata = JSONObject.fromObject(jsonData);
253: 
254: 				String V_CONT_NO = jsondata.get("CONT_NO") == null ? "" : jsondata.get("CONT_NO").toString();
255: 				String V_FILE_TYPE = jsondata.get("FILE_TYPE") == null ? "" : jsondata.get("FILE_TYPE").toString();
256: 				V_FILE_NM = jsondata.get("FILE_NM") == null ? "" : jsondata.get("FILE_NM").toString();
257: 				V_FILE_IN_SYSTEM_NM = jsondata.get("FILE_IN_SYSTEM_NM") == null ? "" : jsondata.get("FILE_IN_SYSTEM_NM").toString();
258: 


Stacktrace:] with root cause
 org.apache.jasper.JasperException: Unable to compile class for JSP: 

An error occurred at line: 231 in the jsp file: /HSPF01/SWM/sale/sale1/conthsna/sql/cont_file.jsp
Duplicate local variable V_CONT_NO
228: 					HashMap hashMap = (HashMap) jsonAr.get(i);
229: 
230: 					V_TYPE = hashMap.get("V_TYPE") == null ? "" : hashMap.get("V_TYPE").toString();
231: 					String V_CONT_NO = hashMap.get("CONT_NO") == null ? "" : hashMap.get("CONT_NO").toString();
232: 					String V_FILE_TYPE = hashMap.get("FILE_TYPE") == null ? "" : hashMap.get("FILE_TYPE").toString();
233: 					V_FILE_NM = hashMap.get("FILE_NM") == null ? "" : hashMap.get("FILE_NM").toString();
234: 					V_FILE_IN_SYSTEM_NM = hashMap.get("FILE_IN_SYSTEM_NM") == null ? "" : hashMap.get("FILE_IN_SYSTEM_NM").toString();


An error occurred at line: 232 in the jsp file: /HSPF01/SWM/sale/sale1/conthsna/sql/cont_file.jsp
Duplicate local variable V_FILE_TYPE
229: 
230: 					V_TYPE = hashMap.get("V_TYPE") == null ? "" : hashMap.get("V_TYPE").toString();
231: 					String V_CONT_NO = hashMap.get("CONT_NO") == null ? "" : hashMap.get("CONT_NO").toString();
232: 					String V_FILE_TYPE = hashMap.get("FILE_TYPE") == null ? "" : hashMap.get("FILE_TYPE").toString();
233: 					V_FILE_NM = hashMap.get("FILE_NM") == null ? "" : hashMap.get("FILE_NM").toString();
234: 					V_FILE_IN_SYSTEM_NM = hashMap.get("FILE_IN_SYSTEM_NM") == null ? "" : hashMap.get("FILE_IN_SYSTEM_NM").toString();
235: 


An error occurred at line: 254 in the jsp file: /HSPF01/SWM/sale/sale1/conthsna/sql/cont_file.jsp
Duplicate local variable V_CONT_NO
251: 			} else {
252: 				JSONObject jsondata = JSONObject.fromObject(jsonData);
253: 
254: 				String V_CONT_NO = jsondata.get("CONT_NO") == null ? "" : jsondata.get("CONT_NO").toString();
255: 				String V_FILE_TYPE = jsondata.get("FILE_TYPE") == null ? "" : jsondata.get("FILE_TYPE").toString();
256: 				V_FILE_NM = jsondata.get("FILE_NM") == null ? "" : jsondata.get("FILE_NM").toString();
257: 				V_FILE_IN_SYSTEM_NM = jsondata.get("FILE_IN_SYSTEM_NM") == null ? "" : jsondata.get("FILE_IN_SYSTEM_NM").toString();


An error occurred at line: 255 in the jsp file: /HSPF01/SWM/sale/sale1/conthsna/sql/cont_file.jsp
Duplicate local variable V_FILE_TYPE
252: 				JSONObject jsondata = JSONObject.fromObject(jsonData);
253: 
254: 				String V_CONT_NO = jsondata.get("CONT_NO") == null ? "" : jsondata.get("CONT_NO").toString();
255: 				String V_FILE_TYPE = jsondata.get("FILE_TYPE") == null ? "" : jsondata.get("FILE_TYPE").toString();
256: 				V_FILE_NM = jsondata.get("FILE_NM") == null ? "" : jsondata.get("FILE_NM").toString();
257: 				V_FILE_IN_SYSTEM_NM = jsondata.get("FILE_IN_SYSTEM_NM") == null ? "" : jsondata.get("FILE_IN_SYSTEM_NM").toString();
258: 


Stacktrace:
	at org.apache.jasper.compiler.DefaultErrorHandler.javacError(DefaultErrorHandler.java:102)
	at org.apache.jasper.compiler.ErrorDispatcher.javacError(ErrorDispatcher.java:198)
	at org.apache.jasper.compiler.JDTCompiler.generateClass(JDTCompiler.java:495)
	at org.apache.jasper.compiler.Compiler.compile(Compiler.java:363)
	at org.apache.jasper.compiler.Compiler.compile(Compiler.java:338)
	at org.apache.jasper.compiler.Compiler.compile(Compiler.java:325)
	at org.apache.jasper.JspCompilationContext.compile(JspCompilationContext.java:580)
	at org.apache.jasper.servlet.JspServletWrapper.service(JspServletWrapper.java:363)
	at org.apache.jasper.servlet.JspServlet.serviceJspFile(JspServlet.java:396)
	at org.apache.jasper.servlet.JspServlet.service(JspServlet.java:340)
	at javax.servlet.http.HttpServlet.service(HttpServlet.java:729)
	at org.apache.catalina.core.ApplicationFilterChain.internalDoFilter(ApplicationFilterChain.java:292)
	at org.apache.catalina.core.ApplicationFilterChain.doFilter(ApplicationFilterChain.java:207)
	at org.apache.tomcat.websocket.server.WsFilter.doFilter(WsFilter.java:52)
	at org.apache.catalina.core.ApplicationFilterChain.internalDoFilter(ApplicationFilterChain.java:240)
	at org.apache.catalina.core.ApplicationFilterChain.doFilter(ApplicationFilterChain.java:207)
	at org.apache.catalina.filters.CorsFilter.handleNonCORS(CorsFilter.java:458)
	at org.apache.catalina.filters.CorsFilter.doFilter(CorsFilter.java:177)
	at org.apache.catalina.core.ApplicationFilterChain.internalDoFilter(ApplicationFilterChain.java:240)
	at org.apache.catalina.core.ApplicationFilterChain.doFilter(ApplicationFilterChain.java:207)
	at org.apache.catalina.core.StandardWrapperValve.invoke(StandardWrapperValve.java:212)
	at org.apache.catalina.core.StandardContextValve.invoke(StandardContextValve.java:94)
	at org.apache.catalina.authenticator.AuthenticatorBase.invoke(AuthenticatorBase.java:496)
	at org.apache.catalina.core.StandardHostValve.invoke(StandardHostValve.java:141)
	at org.apache.catalina.valves.ErrorReportValve.invoke(ErrorReportValve.java:79)
	at org.apache.catalina.valves.AbstractAccessLogValve.invoke(AbstractAccessLogValve.java:620)
	at org.apache.catalina.core.StandardEngineValve.invoke(StandardEngineValve.java:88)
	at org.apache.catalina.connector.CoyoteAdapter.service(CoyoteAdapter.java:502)
	at org.apache.coyote.http11.AbstractHttp11Processor.process(AbstractHttp11Processor.java:1156)
	at org.apache.coyote.AbstractProtocol$AbstractConnectionHandler.process(AbstractProtocol.java:684)
	at org.apache.tomcat.util.net.NioEndpoint$SocketProcessor.doRun(NioEndpoint.java:1539)
	at org.apache.tomcat.util.net.NioEndpoint$SocketProcessor.run(NioEndpoint.java:1495)
	at java.util.concurrent.ThreadPoolExecutor.runWorker(ThreadPoolExecutor.java:1149)
	at java.util.concurrent.ThreadPoolExecutor$Worker.run(ThreadPoolExecutor.java:624)
	at org.apache.tomcat.util.threads.TaskThread$WrappingRunnable.run(TaskThread.java:61)
	at java.lang.Thread.run(Thread.java:748)

02-Jul-2020 18:24:28.256 심각 [http-nio-80-exec-47] org.apache.catalina.core.StandardWrapperValve.invoke Servlet.service() for servlet [jsp] in context with path [] threw exception [java.lang.ClassNotFoundException: org.apache.jsp.HSPF01.SWM.sale.sale1.conthsna.sql.cont_005ffile_jsp] with root cause
 java.lang.ClassNotFoundException: org.apache.jsp.HSPF01.SWM.sale.sale1.conthsna.sql.cont_005ffile_jsp
	at java.net.URLClassLoader.findClass(URLClassLoader.java:381)
	at org.apache.jasper.servlet.JasperLoader.loadClass(JasperLoader.java:131)
	at org.apache.jasper.servlet.JasperLoader.loadClass(JasperLoader.java:62)
	at org.apache.catalina.core.DefaultInstanceManager.newInstance(DefaultInstanceManager.java:159)
	at org.apache.jasper.servlet.JspServletWrapper.getServlet(JspServletWrapper.java:171)
	at org.apache.jasper.servlet.JspServletWrapper.service(JspServletWrapper.java:375)
	at org.apache.jasper.servlet.JspServlet.serviceJspFile(JspServlet.java:396)
	at org.apache.jasper.servlet.JspServlet.service(JspServlet.java:340)
	at javax.servlet.http.HttpServlet.service(HttpServlet.java:729)
	at org.apache.catalina.core.ApplicationFilterChain.internalDoFilter(ApplicationFilterChain.java:292)
	at org.apache.catalina.core.ApplicationFilterChain.doFilter(ApplicationFilterChain.java:207)
	at org.apache.tomcat.websocket.server.WsFilter.doFilter(WsFilter.java:52)
	at org.apache.catalina.core.ApplicationFilterChain.internalDoFilter(ApplicationFilterChain.java:240)
	at org.apache.catalina.core.ApplicationFilterChain.doFilter(ApplicationFilterChain.java:207)
	at org.apache.catalina.filters.CorsFilter.handleNonCORS(CorsFilter.java:458)
	at org.apache.catalina.filters.CorsFilter.doFilter(CorsFilter.java:177)
	at org.apache.catalina.core.ApplicationFilterChain.internalDoFilter(ApplicationFilterChain.java:240)
	at org.apache.catalina.core.ApplicationFilterChain.doFilter(ApplicationFilterChain.java:207)
	at org.apache.catalina.core.StandardWrapperValve.invoke(StandardWrapperValve.java:212)
	at org.apache.catalina.core.StandardContextValve.invoke(StandardContextValve.java:94)
	at org.apache.catalina.authenticator.AuthenticatorBase.invoke(AuthenticatorBase.java:496)
	at org.apache.catalina.core.StandardHostValve.invoke(StandardHostValve.java:141)
	at org.apache.catalina.valves.ErrorReportValve.invoke(ErrorReportValve.java:79)
	at org.apache.catalina.valves.AbstractAccessLogValve.invoke(AbstractAccessLogValve.java:620)
	at org.apache.catalina.core.StandardEngineValve.invoke(StandardEngineValve.java:88)
	at org.apache.catalina.connector.CoyoteAdapter.service(CoyoteAdapter.java:502)
	at org.apache.coyote.http11.AbstractHttp11Processor.process(AbstractHttp11Processor.java:1156)
	at org.apache.coyote.AbstractProtocol$AbstractConnectionHandler.process(AbstractProtocol.java:684)
	at org.apache.tomcat.util.net.NioEndpoint$SocketProcessor.doRun(NioEndpoint.java:1539)
	at org.apache.tomcat.util.net.NioEndpoint$SocketProcessor.run(NioEndpoint.java:1495)
	at java.util.concurrent.ThreadPoolExecutor.runWorker(ThreadPoolExecutor.java:1149)
	at java.util.concurrent.ThreadPoolExecutor$Worker.run(ThreadPoolExecutor.java:624)
	at org.apache.tomcat.util.threads.TaskThread$WrappingRunnable.run(TaskThread.java:61)
	at java.lang.Thread.run(Thread.java:748)

