08-Oct-2020 16:20:10.117 심각 [http-nio-80-exec-6] org.apache.catalina.core.StandardWrapperValve.invoke Servlet.service() for servlet [jsp] in context with path [] threw exception [Unable to compile class for JSP: 

An error occurred at line: 215 in the jsp file: /HSPF01/TOT/ch/m_charge_batch_tot_hspf/sql/M_CHARGE_BATCH_TOT_HSPF.jsp
anyArray cannot be resolved
212:  				anySubObject.put("V_DB_ID", "sa");
213:  				anySubObject.put("V_DB_PW", "hsnadmin");
214: 
215:  				anyArray.add(anySubObject);
216:  				anyObject.put("data", anyArray);
217:  				String parameter = anyObject + "";
218: 


An error occurred at line: 216 in the jsp file: /HSPF01/TOT/ch/m_charge_batch_tot_hspf/sql/M_CHARGE_BATCH_TOT_HSPF.jsp
anyObject cannot be resolved
213:  				anySubObject.put("V_DB_PW", "hsnadmin");
214: 
215:  				anyArray.add(anySubObject);
216:  				anyObject.put("data", anyArray);
217:  				String parameter = anyObject + "";
218: 
219:  				OutputStreamWriter wr = new OutputStreamWriter(con.getOutputStream());


An error occurred at line: 216 in the jsp file: /HSPF01/TOT/ch/m_charge_batch_tot_hspf/sql/M_CHARGE_BATCH_TOT_HSPF.jsp
anyArray cannot be resolved to a variable
213:  				anySubObject.put("V_DB_PW", "hsnadmin");
214: 
215:  				anyArray.add(anySubObject);
216:  				anyObject.put("data", anyArray);
217:  				String parameter = anyObject + "";
218: 
219:  				OutputStreamWriter wr = new OutputStreamWriter(con.getOutputStream());


An error occurred at line: 217 in the jsp file: /HSPF01/TOT/ch/m_charge_batch_tot_hspf/sql/M_CHARGE_BATCH_TOT_HSPF.jsp
anyObject cannot be resolved to a variable
214: 
215:  				anyArray.add(anySubObject);
216:  				anyObject.put("data", anyArray);
217:  				String parameter = anyObject + "";
218: 
219:  				OutputStreamWriter wr = new OutputStreamWriter(con.getOutputStream());
220:  				wr.write(parameter);


Stacktrace:] with root cause
 org.apache.jasper.JasperException: Unable to compile class for JSP: 

An error occurred at line: 215 in the jsp file: /HSPF01/TOT/ch/m_charge_batch_tot_hspf/sql/M_CHARGE_BATCH_TOT_HSPF.jsp
anyArray cannot be resolved
212:  				anySubObject.put("V_DB_ID", "sa");
213:  				anySubObject.put("V_DB_PW", "hsnadmin");
214: 
215:  				anyArray.add(anySubObject);
216:  				anyObject.put("data", anyArray);
217:  				String parameter = anyObject + "";
218: 


An error occurred at line: 216 in the jsp file: /HSPF01/TOT/ch/m_charge_batch_tot_hspf/sql/M_CHARGE_BATCH_TOT_HSPF.jsp
anyObject cannot be resolved
213:  				anySubObject.put("V_DB_PW", "hsnadmin");
214: 
215:  				anyArray.add(anySubObject);
216:  				anyObject.put("data", anyArray);
217:  				String parameter = anyObject + "";
218: 
219:  				OutputStreamWriter wr = new OutputStreamWriter(con.getOutputStream());


An error occurred at line: 216 in the jsp file: /HSPF01/TOT/ch/m_charge_batch_tot_hspf/sql/M_CHARGE_BATCH_TOT_HSPF.jsp
anyArray cannot be resolved to a variable
213:  				anySubObject.put("V_DB_PW", "hsnadmin");
214: 
215:  				anyArray.add(anySubObject);
216:  				anyObject.put("data", anyArray);
217:  				String parameter = anyObject + "";
218: 
219:  				OutputStreamWriter wr = new OutputStreamWriter(con.getOutputStream());


An error occurred at line: 217 in the jsp file: /HSPF01/TOT/ch/m_charge_batch_tot_hspf/sql/M_CHARGE_BATCH_TOT_HSPF.jsp
anyObject cannot be resolved to a variable
214: 
215:  				anyArray.add(anySubObject);
216:  				anyObject.put("data", anyArray);
217:  				String parameter = anyObject + "";
218: 
219:  				OutputStreamWriter wr = new OutputStreamWriter(con.getOutputStream());
220:  				wr.write(parameter);


Stacktrace:
	at org.apache.jasper.compiler.DefaultErrorHandler.javacError(DefaultErrorHandler.java:102)
	at org.apache.jasper.compiler.ErrorDispatcher.javacError(ErrorDispatcher.java:198)
	at org.apache.jasper.compiler.JDTCompiler.generateClass(JDTCompiler.java:495)
	at org.apache.jasper.compiler.Compiler.compile(Compiler.java:363)
	at org.apache.jasper.compiler.Compiler.compile(Compiler.java:338)
	at org.apache.jasper.compiler.Compiler.compile(Compiler.java:325)
	at org.apache.jasper.JspCompilationContext.compile(JspCompilationContext.java:580)
	at org.apache.jasper.servlet.JspServletWrapper.service(JspServletWrapper.java:363)
	at org.apache.jasper.servlet.JspServlet.serviceJspFile(JspServlet.java:396)
	at org.apache.jasper.servlet.JspServlet.service(JspServlet.java:340)
	at javax.servlet.http.HttpServlet.service(HttpServlet.java:729)
	at org.apache.catalina.core.ApplicationFilterChain.internalDoFilter(ApplicationFilterChain.java:292)
	at org.apache.catalina.core.ApplicationFilterChain.doFilter(ApplicationFilterChain.java:207)
	at org.apache.tomcat.websocket.server.WsFilter.doFilter(WsFilter.java:52)
	at org.apache.catalina.core.ApplicationFilterChain.internalDoFilter(ApplicationFilterChain.java:240)
	at org.apache.catalina.core.ApplicationFilterChain.doFilter(ApplicationFilterChain.java:207)
	at org.apache.catalina.filters.CorsFilter.handleNonCORS(CorsFilter.java:458)
	at org.apache.catalina.filters.CorsFilter.doFilter(CorsFilter.java:177)
	at org.apache.catalina.core.ApplicationFilterChain.internalDoFilter(ApplicationFilterChain.java:240)
	at org.apache.catalina.core.ApplicationFilterChain.doFilter(ApplicationFilterChain.java:207)
	at org.apache.catalina.core.StandardWrapperValve.invoke(StandardWrapperValve.java:212)
	at org.apache.catalina.core.StandardContextValve.invoke(StandardContextValve.java:94)
	at org.apache.catalina.authenticator.AuthenticatorBase.invoke(AuthenticatorBase.java:496)
	at org.apache.catalina.core.StandardHostValve.invoke(StandardHostValve.java:141)
	at org.apache.catalina.valves.ErrorReportValve.invoke(ErrorReportValve.java:79)
	at org.apache.catalina.valves.AbstractAccessLogValve.invoke(AbstractAccessLogValve.java:620)
	at org.apache.catalina.core.StandardEngineValve.invoke(StandardEngineValve.java:88)
	at org.apache.catalina.connector.CoyoteAdapter.service(CoyoteAdapter.java:502)
	at org.apache.coyote.http11.AbstractHttp11Processor.process(AbstractHttp11Processor.java:1156)
	at org.apache.coyote.AbstractProtocol$AbstractConnectionHandler.process(AbstractProtocol.java:684)
	at org.apache.tomcat.util.net.NioEndpoint$SocketProcessor.doRun(NioEndpoint.java:1539)
	at org.apache.tomcat.util.net.NioEndpoint$SocketProcessor.run(NioEndpoint.java:1495)
	at java.util.concurrent.ThreadPoolExecutor.runWorker(ThreadPoolExecutor.java:1149)
	at java.util.concurrent.ThreadPoolExecutor$Worker.run(ThreadPoolExecutor.java:624)
	at org.apache.tomcat.util.threads.TaskThread$WrappingRunnable.run(TaskThread.java:61)
	at java.lang.Thread.run(Thread.java:748)

08-Oct-2020 16:20:52.284 심각 [http-nio-80-exec-22] org.apache.catalina.core.StandardWrapperValve.invoke Servlet.service() for servlet [jsp] in context with path [] threw exception [Unable to compile class for JSP: 

An error occurred at line: 215 in the jsp file: /HSPF01/TOT/ch/m_charge_batch_tot_hspf/sql/M_CHARGE_BATCH_TOT_HSPF.jsp
anyArray cannot be resolved
212:  				anySubObject.put("V_DB_ID", "sa");
213:  				anySubObject.put("V_DB_PW", "hsnadmin");
214: 
215:  				anyArray.add(anySubObject);
216:  				anyObject.put("data", anyArray);
217:  				String parameter = anyObject + "";
218: 


An error occurred at line: 216 in the jsp file: /HSPF01/TOT/ch/m_charge_batch_tot_hspf/sql/M_CHARGE_BATCH_TOT_HSPF.jsp
anyObject cannot be resolved
213:  				anySubObject.put("V_DB_PW", "hsnadmin");
214: 
215:  				anyArray.add(anySubObject);
216:  				anyObject.put("data", anyArray);
217:  				String parameter = anyObject + "";
218: 
219:  				OutputStreamWriter wr = new OutputStreamWriter(con.getOutputStream());


An error occurred at line: 216 in the jsp file: /HSPF01/TOT/ch/m_charge_batch_tot_hspf/sql/M_CHARGE_BATCH_TOT_HSPF.jsp
anyArray cannot be resolved to a variable
213:  				anySubObject.put("V_DB_PW", "hsnadmin");
214: 
215:  				anyArray.add(anySubObject);
216:  				anyObject.put("data", anyArray);
217:  				String parameter = anyObject + "";
218: 
219:  				OutputStreamWriter wr = new OutputStreamWriter(con.getOutputStream());


An error occurred at line: 217 in the jsp file: /HSPF01/TOT/ch/m_charge_batch_tot_hspf/sql/M_CHARGE_BATCH_TOT_HSPF.jsp
anyObject cannot be resolved to a variable
214: 
215:  				anyArray.add(anySubObject);
216:  				anyObject.put("data", anyArray);
217:  				String parameter = anyObject + "";
218: 
219:  				OutputStreamWriter wr = new OutputStreamWriter(con.getOutputStream());
220:  				wr.write(parameter);


Stacktrace:] with root cause
 org.apache.jasper.JasperException: Unable to compile class for JSP: 

An error occurred at line: 215 in the jsp file: /HSPF01/TOT/ch/m_charge_batch_tot_hspf/sql/M_CHARGE_BATCH_TOT_HSPF.jsp
anyArray cannot be resolved
212:  				anySubObject.put("V_DB_ID", "sa");
213:  				anySubObject.put("V_DB_PW", "hsnadmin");
214: 
215:  				anyArray.add(anySubObject);
216:  				anyObject.put("data", anyArray);
217:  				String parameter = anyObject + "";
218: 


An error occurred at line: 216 in the jsp file: /HSPF01/TOT/ch/m_charge_batch_tot_hspf/sql/M_CHARGE_BATCH_TOT_HSPF.jsp
anyObject cannot be resolved
213:  				anySubObject.put("V_DB_PW", "hsnadmin");
214: 
215:  				anyArray.add(anySubObject);
216:  				anyObject.put("data", anyArray);
217:  				String parameter = anyObject + "";
218: 
219:  				OutputStreamWriter wr = new OutputStreamWriter(con.getOutputStream());


An error occurred at line: 216 in the jsp file: /HSPF01/TOT/ch/m_charge_batch_tot_hspf/sql/M_CHARGE_BATCH_TOT_HSPF.jsp
anyArray cannot be resolved to a variable
213:  				anySubObject.put("V_DB_PW", "hsnadmin");
214: 
215:  				anyArray.add(anySubObject);
216:  				anyObject.put("data", anyArray);
217:  				String parameter = anyObject + "";
218: 
219:  				OutputStreamWriter wr = new OutputStreamWriter(con.getOutputStream());


An error occurred at line: 217 in the jsp file: /HSPF01/TOT/ch/m_charge_batch_tot_hspf/sql/M_CHARGE_BATCH_TOT_HSPF.jsp
anyObject cannot be resolved to a variable
214: 
215:  				anyArray.add(anySubObject);
216:  				anyObject.put("data", anyArray);
217:  				String parameter = anyObject + "";
218: 
219:  				OutputStreamWriter wr = new OutputStreamWriter(con.getOutputStream());
220:  				wr.write(parameter);


Stacktrace:
	at org.apache.jasper.compiler.DefaultErrorHandler.javacError(DefaultErrorHandler.java:102)
	at org.apache.jasper.compiler.ErrorDispatcher.javacError(ErrorDispatcher.java:198)
	at org.apache.jasper.compiler.JDTCompiler.generateClass(JDTCompiler.java:495)
	at org.apache.jasper.compiler.Compiler.compile(Compiler.java:363)
	at org.apache.jasper.compiler.Compiler.compile(Compiler.java:338)
	at org.apache.jasper.compiler.Compiler.compile(Compiler.java:325)
	at org.apache.jasper.JspCompilationContext.compile(JspCompilationContext.java:580)
	at org.apache.jasper.servlet.JspServletWrapper.service(JspServletWrapper.java:363)
	at org.apache.jasper.servlet.JspServlet.serviceJspFile(JspServlet.java:396)
	at org.apache.jasper.servlet.JspServlet.service(JspServlet.java:340)
	at javax.servlet.http.HttpServlet.service(HttpServlet.java:729)
	at org.apache.catalina.core.ApplicationFilterChain.internalDoFilter(ApplicationFilterChain.java:292)
	at org.apache.catalina.core.ApplicationFilterChain.doFilter(ApplicationFilterChain.java:207)
	at org.apache.tomcat.websocket.server.WsFilter.doFilter(WsFilter.java:52)
	at org.apache.catalina.core.ApplicationFilterChain.internalDoFilter(ApplicationFilterChain.java:240)
	at org.apache.catalina.core.ApplicationFilterChain.doFilter(ApplicationFilterChain.java:207)
	at org.apache.catalina.filters.CorsFilter.handleNonCORS(CorsFilter.java:458)
	at org.apache.catalina.filters.CorsFilter.doFilter(CorsFilter.java:177)
	at org.apache.catalina.core.ApplicationFilterChain.internalDoFilter(ApplicationFilterChain.java:240)
	at org.apache.catalina.core.ApplicationFilterChain.doFilter(ApplicationFilterChain.java:207)
	at org.apache.catalina.core.StandardWrapperValve.invoke(StandardWrapperValve.java:212)
	at org.apache.catalina.core.StandardContextValve.invoke(StandardContextValve.java:94)
	at org.apache.catalina.authenticator.AuthenticatorBase.invoke(AuthenticatorBase.java:496)
	at org.apache.catalina.core.StandardHostValve.invoke(StandardHostValve.java:141)
	at org.apache.catalina.valves.ErrorReportValve.invoke(ErrorReportValve.java:79)
	at org.apache.catalina.valves.AbstractAccessLogValve.invoke(AbstractAccessLogValve.java:620)
	at org.apache.catalina.core.StandardEngineValve.invoke(StandardEngineValve.java:88)
	at org.apache.catalina.connector.CoyoteAdapter.service(CoyoteAdapter.java:502)
	at org.apache.coyote.http11.AbstractHttp11Processor.process(AbstractHttp11Processor.java:1156)
	at org.apache.coyote.AbstractProtocol$AbstractConnectionHandler.process(AbstractProtocol.java:684)
	at org.apache.tomcat.util.net.NioEndpoint$SocketProcessor.doRun(NioEndpoint.java:1539)
	at org.apache.tomcat.util.net.NioEndpoint$SocketProcessor.run(NioEndpoint.java:1495)
	at java.util.concurrent.ThreadPoolExecutor.runWorker(ThreadPoolExecutor.java:1149)
	at java.util.concurrent.ThreadPoolExecutor$Worker.run(ThreadPoolExecutor.java:624)
	at org.apache.tomcat.util.threads.TaskThread$WrappingRunnable.run(TaskThread.java:61)
	at java.lang.Thread.run(Thread.java:748)

08-Oct-2020 16:20:55.216 심각 [http-nio-80-exec-20] org.apache.catalina.core.StandardWrapperValve.invoke Servlet.service() for servlet [jsp] in context with path [] threw exception [java.lang.ClassNotFoundException: org.apache.jsp.HSPF01.TOT.ch.m_005fcharge_005fbatch_005ftot_005fhspf.sql.M_005fCHARGE_005fBATCH_005fTOT_005fHSPF_jsp] with root cause
 java.lang.ClassNotFoundException: org.apache.jsp.HSPF01.TOT.ch.m_005fcharge_005fbatch_005ftot_005fhspf.sql.M_005fCHARGE_005fBATCH_005fTOT_005fHSPF_jsp
	at java.net.URLClassLoader.findClass(URLClassLoader.java:381)
	at org.apache.jasper.servlet.JasperLoader.loadClass(JasperLoader.java:131)
	at org.apache.jasper.servlet.JasperLoader.loadClass(JasperLoader.java:62)
	at org.apache.catalina.core.DefaultInstanceManager.newInstance(DefaultInstanceManager.java:159)
	at org.apache.jasper.servlet.JspServletWrapper.getServlet(JspServletWrapper.java:171)
	at org.apache.jasper.servlet.JspServletWrapper.service(JspServletWrapper.java:375)
	at org.apache.jasper.servlet.JspServlet.serviceJspFile(JspServlet.java:396)
	at org.apache.jasper.servlet.JspServlet.service(JspServlet.java:340)
	at javax.servlet.http.HttpServlet.service(HttpServlet.java:729)
	at org.apache.catalina.core.ApplicationFilterChain.internalDoFilter(ApplicationFilterChain.java:292)
	at org.apache.catalina.core.ApplicationFilterChain.doFilter(ApplicationFilterChain.java:207)
	at org.apache.tomcat.websocket.server.WsFilter.doFilter(WsFilter.java:52)
	at org.apache.catalina.core.ApplicationFilterChain.internalDoFilter(ApplicationFilterChain.java:240)
	at org.apache.catalina.core.ApplicationFilterChain.doFilter(ApplicationFilterChain.java:207)
	at org.apache.catalina.filters.CorsFilter.handleNonCORS(CorsFilter.java:458)
	at org.apache.catalina.filters.CorsFilter.doFilter(CorsFilter.java:177)
	at org.apache.catalina.core.ApplicationFilterChain.internalDoFilter(ApplicationFilterChain.java:240)
	at org.apache.catalina.core.ApplicationFilterChain.doFilter(ApplicationFilterChain.java:207)
	at org.apache.catalina.core.StandardWrapperValve.invoke(StandardWrapperValve.java:212)
	at org.apache.catalina.core.StandardContextValve.invoke(StandardContextValve.java:94)
	at org.apache.catalina.authenticator.AuthenticatorBase.invoke(AuthenticatorBase.java:496)
	at org.apache.catalina.core.StandardHostValve.invoke(StandardHostValve.java:141)
	at org.apache.catalina.valves.ErrorReportValve.invoke(ErrorReportValve.java:79)
	at org.apache.catalina.valves.AbstractAccessLogValve.invoke(AbstractAccessLogValve.java:620)
	at org.apache.catalina.core.StandardEngineValve.invoke(StandardEngineValve.java:88)
	at org.apache.catalina.connector.CoyoteAdapter.service(CoyoteAdapter.java:502)
	at org.apache.coyote.http11.AbstractHttp11Processor.process(AbstractHttp11Processor.java:1156)
	at org.apache.coyote.AbstractProtocol$AbstractConnectionHandler.process(AbstractProtocol.java:684)
	at org.apache.tomcat.util.net.NioEndpoint$SocketProcessor.doRun(NioEndpoint.java:1539)
	at org.apache.tomcat.util.net.NioEndpoint$SocketProcessor.run(NioEndpoint.java:1495)
	at java.util.concurrent.ThreadPoolExecutor.runWorker(ThreadPoolExecutor.java:1149)
	at java.util.concurrent.ThreadPoolExecutor$Worker.run(ThreadPoolExecutor.java:624)
	at org.apache.tomcat.util.threads.TaskThread$WrappingRunnable.run(TaskThread.java:61)
	at java.lang.Thread.run(Thread.java:748)

08-Oct-2020 16:21:45.161 심각 [http-nio-80-exec-20] org.apache.catalina.core.StandardWrapperValve.invoke Servlet.service() for servlet [jsp] in context with path [] threw exception [Unable to compile class for JSP: 

An error occurred at line: 215 in the jsp file: /HSPF01/TOT/ch/m_charge_batch_tot_hspf/sql/M_CHARGE_BATCH_TOT_HSPF.jsp
anyArray cannot be resolved
212:  				anySubObject.put("V_DB_ID", "sa");
213:  				anySubObject.put("V_DB_PW", "hsnadmin");
214: 
215:  				anyArray.add(anySubObject);
216:  				anyObject.put("data", anyArray);
217:  				String parameter = anyObject + "";
218: 


An error occurred at line: 216 in the jsp file: /HSPF01/TOT/ch/m_charge_batch_tot_hspf/sql/M_CHARGE_BATCH_TOT_HSPF.jsp
anyObject cannot be resolved
213:  				anySubObject.put("V_DB_PW", "hsnadmin");
214: 
215:  				anyArray.add(anySubObject);
216:  				anyObject.put("data", anyArray);
217:  				String parameter = anyObject + "";
218: 
219:  				OutputStreamWriter wr = new OutputStreamWriter(con.getOutputStream());


An error occurred at line: 216 in the jsp file: /HSPF01/TOT/ch/m_charge_batch_tot_hspf/sql/M_CHARGE_BATCH_TOT_HSPF.jsp
anyArray cannot be resolved to a variable
213:  				anySubObject.put("V_DB_PW", "hsnadmin");
214: 
215:  				anyArray.add(anySubObject);
216:  				anyObject.put("data", anyArray);
217:  				String parameter = anyObject + "";
218: 
219:  				OutputStreamWriter wr = new OutputStreamWriter(con.getOutputStream());


An error occurred at line: 217 in the jsp file: /HSPF01/TOT/ch/m_charge_batch_tot_hspf/sql/M_CHARGE_BATCH_TOT_HSPF.jsp
anyObject cannot be resolved to a variable
214: 
215:  				anyArray.add(anySubObject);
216:  				anyObject.put("data", anyArray);
217:  				String parameter = anyObject + "";
218: 
219:  				OutputStreamWriter wr = new OutputStreamWriter(con.getOutputStream());
220:  				wr.write(parameter);


Stacktrace:] with root cause
 org.apache.jasper.JasperException: Unable to compile class for JSP: 

An error occurred at line: 215 in the jsp file: /HSPF01/TOT/ch/m_charge_batch_tot_hspf/sql/M_CHARGE_BATCH_TOT_HSPF.jsp
anyArray cannot be resolved
212:  				anySubObject.put("V_DB_ID", "sa");
213:  				anySubObject.put("V_DB_PW", "hsnadmin");
214: 
215:  				anyArray.add(anySubObject);
216:  				anyObject.put("data", anyArray);
217:  				String parameter = anyObject + "";
218: 


An error occurred at line: 216 in the jsp file: /HSPF01/TOT/ch/m_charge_batch_tot_hspf/sql/M_CHARGE_BATCH_TOT_HSPF.jsp
anyObject cannot be resolved
213:  				anySubObject.put("V_DB_PW", "hsnadmin");
214: 
215:  				anyArray.add(anySubObject);
216:  				anyObject.put("data", anyArray);
217:  				String parameter = anyObject + "";
218: 
219:  				OutputStreamWriter wr = new OutputStreamWriter(con.getOutputStream());


An error occurred at line: 216 in the jsp file: /HSPF01/TOT/ch/m_charge_batch_tot_hspf/sql/M_CHARGE_BATCH_TOT_HSPF.jsp
anyArray cannot be resolved to a variable
213:  				anySubObject.put("V_DB_PW", "hsnadmin");
214: 
215:  				anyArray.add(anySubObject);
216:  				anyObject.put("data", anyArray);
217:  				String parameter = anyObject + "";
218: 
219:  				OutputStreamWriter wr = new OutputStreamWriter(con.getOutputStream());


An error occurred at line: 217 in the jsp file: /HSPF01/TOT/ch/m_charge_batch_tot_hspf/sql/M_CHARGE_BATCH_TOT_HSPF.jsp
anyObject cannot be resolved to a variable
214: 
215:  				anyArray.add(anySubObject);
216:  				anyObject.put("data", anyArray);
217:  				String parameter = anyObject + "";
218: 
219:  				OutputStreamWriter wr = new OutputStreamWriter(con.getOutputStream());
220:  				wr.write(parameter);


Stacktrace:
	at org.apache.jasper.compiler.DefaultErrorHandler.javacError(DefaultErrorHandler.java:102)
	at org.apache.jasper.compiler.ErrorDispatcher.javacError(ErrorDispatcher.java:198)
	at org.apache.jasper.compiler.JDTCompiler.generateClass(JDTCompiler.java:495)
	at org.apache.jasper.compiler.Compiler.compile(Compiler.java:363)
	at org.apache.jasper.compiler.Compiler.compile(Compiler.java:338)
	at org.apache.jasper.compiler.Compiler.compile(Compiler.java:325)
	at org.apache.jasper.JspCompilationContext.compile(JspCompilationContext.java:580)
	at org.apache.jasper.servlet.JspServletWrapper.service(JspServletWrapper.java:363)
	at org.apache.jasper.servlet.JspServlet.serviceJspFile(JspServlet.java:396)
	at org.apache.jasper.servlet.JspServlet.service(JspServlet.java:340)
	at javax.servlet.http.HttpServlet.service(HttpServlet.java:729)
	at org.apache.catalina.core.ApplicationFilterChain.internalDoFilter(ApplicationFilterChain.java:292)
	at org.apache.catalina.core.ApplicationFilterChain.doFilter(ApplicationFilterChain.java:207)
	at org.apache.tomcat.websocket.server.WsFilter.doFilter(WsFilter.java:52)
	at org.apache.catalina.core.ApplicationFilterChain.internalDoFilter(ApplicationFilterChain.java:240)
	at org.apache.catalina.core.ApplicationFilterChain.doFilter(ApplicationFilterChain.java:207)
	at org.apache.catalina.filters.CorsFilter.handleNonCORS(CorsFilter.java:458)
	at org.apache.catalina.filters.CorsFilter.doFilter(CorsFilter.java:177)
	at org.apache.catalina.core.ApplicationFilterChain.internalDoFilter(ApplicationFilterChain.java:240)
	at org.apache.catalina.core.ApplicationFilterChain.doFilter(ApplicationFilterChain.java:207)
	at org.apache.catalina.core.StandardWrapperValve.invoke(StandardWrapperValve.java:212)
	at org.apache.catalina.core.StandardContextValve.invoke(StandardContextValve.java:94)
	at org.apache.catalina.authenticator.AuthenticatorBase.invoke(AuthenticatorBase.java:496)
	at org.apache.catalina.core.StandardHostValve.invoke(StandardHostValve.java:141)
	at org.apache.catalina.valves.ErrorReportValve.invoke(ErrorReportValve.java:79)
	at org.apache.catalina.valves.AbstractAccessLogValve.invoke(AbstractAccessLogValve.java:620)
	at org.apache.catalina.core.StandardEngineValve.invoke(StandardEngineValve.java:88)
	at org.apache.catalina.connector.CoyoteAdapter.service(CoyoteAdapter.java:502)
	at org.apache.coyote.http11.AbstractHttp11Processor.process(AbstractHttp11Processor.java:1156)
	at org.apache.coyote.AbstractProtocol$AbstractConnectionHandler.process(AbstractProtocol.java:684)
	at org.apache.tomcat.util.net.NioEndpoint$SocketProcessor.doRun(NioEndpoint.java:1539)
	at org.apache.tomcat.util.net.NioEndpoint$SocketProcessor.run(NioEndpoint.java:1495)
	at java.util.concurrent.ThreadPoolExecutor.runWorker(ThreadPoolExecutor.java:1149)
	at java.util.concurrent.ThreadPoolExecutor$Worker.run(ThreadPoolExecutor.java:624)
	at org.apache.tomcat.util.threads.TaskThread$WrappingRunnable.run(TaskThread.java:61)
	at java.lang.Thread.run(Thread.java:748)

08-Oct-2020 16:21:46.198 심각 [http-nio-80-exec-15] org.apache.catalina.core.StandardWrapperValve.invoke Servlet.service() for servlet [jsp] in context with path [] threw exception [java.lang.ClassNotFoundException: org.apache.jsp.HSPF01.TOT.ch.m_005fcharge_005fbatch_005ftot_005fhspf.sql.M_005fCHARGE_005fBATCH_005fTOT_005fHSPF_jsp] with root cause
 java.lang.ClassNotFoundException: org.apache.jsp.HSPF01.TOT.ch.m_005fcharge_005fbatch_005ftot_005fhspf.sql.M_005fCHARGE_005fBATCH_005fTOT_005fHSPF_jsp
	at java.net.URLClassLoader.findClass(URLClassLoader.java:381)
	at org.apache.jasper.servlet.JasperLoader.loadClass(JasperLoader.java:131)
	at org.apache.jasper.servlet.JasperLoader.loadClass(JasperLoader.java:62)
	at org.apache.catalina.core.DefaultInstanceManager.newInstance(DefaultInstanceManager.java:159)
	at org.apache.jasper.servlet.JspServletWrapper.getServlet(JspServletWrapper.java:171)
	at org.apache.jasper.servlet.JspServletWrapper.service(JspServletWrapper.java:375)
	at org.apache.jasper.servlet.JspServlet.serviceJspFile(JspServlet.java:396)
	at org.apache.jasper.servlet.JspServlet.service(JspServlet.java:340)
	at javax.servlet.http.HttpServlet.service(HttpServlet.java:729)
	at org.apache.catalina.core.ApplicationFilterChain.internalDoFilter(ApplicationFilterChain.java:292)
	at org.apache.catalina.core.ApplicationFilterChain.doFilter(ApplicationFilterChain.java:207)
	at org.apache.tomcat.websocket.server.WsFilter.doFilter(WsFilter.java:52)
	at org.apache.catalina.core.ApplicationFilterChain.internalDoFilter(ApplicationFilterChain.java:240)
	at org.apache.catalina.core.ApplicationFilterChain.doFilter(ApplicationFilterChain.java:207)
	at org.apache.catalina.filters.CorsFilter.handleNonCORS(CorsFilter.java:458)
	at org.apache.catalina.filters.CorsFilter.doFilter(CorsFilter.java:177)
	at org.apache.catalina.core.ApplicationFilterChain.internalDoFilter(ApplicationFilterChain.java:240)
	at org.apache.catalina.core.ApplicationFilterChain.doFilter(ApplicationFilterChain.java:207)
	at org.apache.catalina.core.StandardWrapperValve.invoke(StandardWrapperValve.java:212)
	at org.apache.catalina.core.StandardContextValve.invoke(StandardContextValve.java:94)
	at org.apache.catalina.authenticator.AuthenticatorBase.invoke(AuthenticatorBase.java:496)
	at org.apache.catalina.core.StandardHostValve.invoke(StandardHostValve.java:141)
	at org.apache.catalina.valves.ErrorReportValve.invoke(ErrorReportValve.java:79)
	at org.apache.catalina.valves.AbstractAccessLogValve.invoke(AbstractAccessLogValve.java:620)
	at org.apache.catalina.core.StandardEngineValve.invoke(StandardEngineValve.java:88)
	at org.apache.catalina.connector.CoyoteAdapter.service(CoyoteAdapter.java:502)
	at org.apache.coyote.http11.AbstractHttp11Processor.process(AbstractHttp11Processor.java:1156)
	at org.apache.coyote.AbstractProtocol$AbstractConnectionHandler.process(AbstractProtocol.java:684)
	at org.apache.tomcat.util.net.NioEndpoint$SocketProcessor.doRun(NioEndpoint.java:1539)
	at org.apache.tomcat.util.net.NioEndpoint$SocketProcessor.run(NioEndpoint.java:1495)
	at java.util.concurrent.ThreadPoolExecutor.runWorker(ThreadPoolExecutor.java:1149)
	at java.util.concurrent.ThreadPoolExecutor$Worker.run(ThreadPoolExecutor.java:624)
	at org.apache.tomcat.util.threads.TaskThread$WrappingRunnable.run(TaskThread.java:61)
	at java.lang.Thread.run(Thread.java:748)

08-Oct-2020 16:21:52.301 심각 [http-nio-80-exec-19] org.apache.catalina.core.StandardWrapperValve.invoke Servlet.service() for servlet [jsp] in context with path [] threw exception [Unable to compile class for JSP: 

An error occurred at line: 215 in the jsp file: /HSPF01/TOT/ch/m_charge_batch_tot_hspf/sql/M_CHARGE_BATCH_TOT_HSPF.jsp
anyArray cannot be resolved
212:  				anySubObject.put("V_DB_ID", "sa");
213:  				anySubObject.put("V_DB_PW", "hsnadmin");
214: 
215:  				anyArray.add(anySubObject);
216:  				anyObject.put("data", anyArray);
217:  				String parameter = anyObject + "";
218: 


An error occurred at line: 216 in the jsp file: /HSPF01/TOT/ch/m_charge_batch_tot_hspf/sql/M_CHARGE_BATCH_TOT_HSPF.jsp
anyObject cannot be resolved
213:  				anySubObject.put("V_DB_PW", "hsnadmin");
214: 
215:  				anyArray.add(anySubObject);
216:  				anyObject.put("data", anyArray);
217:  				String parameter = anyObject + "";
218: 
219:  				OutputStreamWriter wr = new OutputStreamWriter(con.getOutputStream());


An error occurred at line: 216 in the jsp file: /HSPF01/TOT/ch/m_charge_batch_tot_hspf/sql/M_CHARGE_BATCH_TOT_HSPF.jsp
anyArray cannot be resolved to a variable
213:  				anySubObject.put("V_DB_PW", "hsnadmin");
214: 
215:  				anyArray.add(anySubObject);
216:  				anyObject.put("data", anyArray);
217:  				String parameter = anyObject + "";
218: 
219:  				OutputStreamWriter wr = new OutputStreamWriter(con.getOutputStream());


An error occurred at line: 217 in the jsp file: /HSPF01/TOT/ch/m_charge_batch_tot_hspf/sql/M_CHARGE_BATCH_TOT_HSPF.jsp
anyObject cannot be resolved to a variable
214: 
215:  				anyArray.add(anySubObject);
216:  				anyObject.put("data", anyArray);
217:  				String parameter = anyObject + "";
218: 
219:  				OutputStreamWriter wr = new OutputStreamWriter(con.getOutputStream());
220:  				wr.write(parameter);


Stacktrace:] with root cause
 org.apache.jasper.JasperException: Unable to compile class for JSP: 

An error occurred at line: 215 in the jsp file: /HSPF01/TOT/ch/m_charge_batch_tot_hspf/sql/M_CHARGE_BATCH_TOT_HSPF.jsp
anyArray cannot be resolved
212:  				anySubObject.put("V_DB_ID", "sa");
213:  				anySubObject.put("V_DB_PW", "hsnadmin");
214: 
215:  				anyArray.add(anySubObject);
216:  				anyObject.put("data", anyArray);
217:  				String parameter = anyObject + "";
218: 


An error occurred at line: 216 in the jsp file: /HSPF01/TOT/ch/m_charge_batch_tot_hspf/sql/M_CHARGE_BATCH_TOT_HSPF.jsp
anyObject cannot be resolved
213:  				anySubObject.put("V_DB_PW", "hsnadmin");
214: 
215:  				anyArray.add(anySubObject);
216:  				anyObject.put("data", anyArray);
217:  				String parameter = anyObject + "";
218: 
219:  				OutputStreamWriter wr = new OutputStreamWriter(con.getOutputStream());


An error occurred at line: 216 in the jsp file: /HSPF01/TOT/ch/m_charge_batch_tot_hspf/sql/M_CHARGE_BATCH_TOT_HSPF.jsp
anyArray cannot be resolved to a variable
213:  				anySubObject.put("V_DB_PW", "hsnadmin");
214: 
215:  				anyArray.add(anySubObject);
216:  				anyObject.put("data", anyArray);
217:  				String parameter = anyObject + "";
218: 
219:  				OutputStreamWriter wr = new OutputStreamWriter(con.getOutputStream());


An error occurred at line: 217 in the jsp file: /HSPF01/TOT/ch/m_charge_batch_tot_hspf/sql/M_CHARGE_BATCH_TOT_HSPF.jsp
anyObject cannot be resolved to a variable
214: 
215:  				anyArray.add(anySubObject);
216:  				anyObject.put("data", anyArray);
217:  				String parameter = anyObject + "";
218: 
219:  				OutputStreamWriter wr = new OutputStreamWriter(con.getOutputStream());
220:  				wr.write(parameter);


Stacktrace:
	at org.apache.jasper.compiler.DefaultErrorHandler.javacError(DefaultErrorHandler.java:102)
	at org.apache.jasper.compiler.ErrorDispatcher.javacError(ErrorDispatcher.java:198)
	at org.apache.jasper.compiler.JDTCompiler.generateClass(JDTCompiler.java:495)
	at org.apache.jasper.compiler.Compiler.compile(Compiler.java:363)
	at org.apache.jasper.compiler.Compiler.compile(Compiler.java:338)
	at org.apache.jasper.compiler.Compiler.compile(Compiler.java:325)
	at org.apache.jasper.JspCompilationContext.compile(JspCompilationContext.java:580)
	at org.apache.jasper.servlet.JspServletWrapper.service(JspServletWrapper.java:363)
	at org.apache.jasper.servlet.JspServlet.serviceJspFile(JspServlet.java:396)
	at org.apache.jasper.servlet.JspServlet.service(JspServlet.java:340)
	at javax.servlet.http.HttpServlet.service(HttpServlet.java:729)
	at org.apache.catalina.core.ApplicationFilterChain.internalDoFilter(ApplicationFilterChain.java:292)
	at org.apache.catalina.core.ApplicationFilterChain.doFilter(ApplicationFilterChain.java:207)
	at org.apache.tomcat.websocket.server.WsFilter.doFilter(WsFilter.java:52)
	at org.apache.catalina.core.ApplicationFilterChain.internalDoFilter(ApplicationFilterChain.java:240)
	at org.apache.catalina.core.ApplicationFilterChain.doFilter(ApplicationFilterChain.java:207)
	at org.apache.catalina.filters.CorsFilter.handleNonCORS(CorsFilter.java:458)
	at org.apache.catalina.filters.CorsFilter.doFilter(CorsFilter.java:177)
	at org.apache.catalina.core.ApplicationFilterChain.internalDoFilter(ApplicationFilterChain.java:240)
	at org.apache.catalina.core.ApplicationFilterChain.doFilter(ApplicationFilterChain.java:207)
	at org.apache.catalina.core.StandardWrapperValve.invoke(StandardWrapperValve.java:212)
	at org.apache.catalina.core.StandardContextValve.invoke(StandardContextValve.java:94)
	at org.apache.catalina.authenticator.AuthenticatorBase.invoke(AuthenticatorBase.java:496)
	at org.apache.catalina.core.StandardHostValve.invoke(StandardHostValve.java:141)
	at org.apache.catalina.valves.ErrorReportValve.invoke(ErrorReportValve.java:79)
	at org.apache.catalina.valves.AbstractAccessLogValve.invoke(AbstractAccessLogValve.java:620)
	at org.apache.catalina.core.StandardEngineValve.invoke(StandardEngineValve.java:88)
	at org.apache.catalina.connector.CoyoteAdapter.service(CoyoteAdapter.java:502)
	at org.apache.coyote.http11.AbstractHttp11Processor.process(AbstractHttp11Processor.java:1156)
	at org.apache.coyote.AbstractProtocol$AbstractConnectionHandler.process(AbstractProtocol.java:684)
	at org.apache.tomcat.util.net.NioEndpoint$SocketProcessor.doRun(NioEndpoint.java:1539)
	at org.apache.tomcat.util.net.NioEndpoint$SocketProcessor.run(NioEndpoint.java:1495)
	at java.util.concurrent.ThreadPoolExecutor.runWorker(ThreadPoolExecutor.java:1149)
	at java.util.concurrent.ThreadPoolExecutor$Worker.run(ThreadPoolExecutor.java:624)
	at org.apache.tomcat.util.threads.TaskThread$WrappingRunnable.run(TaskThread.java:61)
	at java.lang.Thread.run(Thread.java:748)

08-Oct-2020 16:30:30.804 심각 [http-nio-80-exec-12] org.apache.catalina.core.StandardWrapperValve.invoke Servlet.service() for servlet [jsp] in context with path [] threw exception [Unable to compile class for JSP: 

An error occurred at line: 215 in the jsp file: /HSPF01/TOT/ch/m_charge_batch_tot_hspf/sql/M_CHARGE_BATCH_TOT_HSPF.jsp
anyArray cannot be resolved
212:  				anySubObject.put("V_DB_ID", "sa");
213:  				anySubObject.put("V_DB_PW", "hsnadmin");
214: 
215:  				anyArray.add(anySubObject);
216:  				anyObject.put("data", anyArray);
217:  				String parameter = anyObject + "";
218: 


An error occurred at line: 216 in the jsp file: /HSPF01/TOT/ch/m_charge_batch_tot_hspf/sql/M_CHARGE_BATCH_TOT_HSPF.jsp
anyObject cannot be resolved
213:  				anySubObject.put("V_DB_PW", "hsnadmin");
214: 
215:  				anyArray.add(anySubObject);
216:  				anyObject.put("data", anyArray);
217:  				String parameter = anyObject + "";
218: 
219:  				OutputStreamWriter wr = new OutputStreamWriter(con.getOutputStream());


An error occurred at line: 216 in the jsp file: /HSPF01/TOT/ch/m_charge_batch_tot_hspf/sql/M_CHARGE_BATCH_TOT_HSPF.jsp
anyArray cannot be resolved to a variable
213:  				anySubObject.put("V_DB_PW", "hsnadmin");
214: 
215:  				anyArray.add(anySubObject);
216:  				anyObject.put("data", anyArray);
217:  				String parameter = anyObject + "";
218: 
219:  				OutputStreamWriter wr = new OutputStreamWriter(con.getOutputStream());


An error occurred at line: 217 in the jsp file: /HSPF01/TOT/ch/m_charge_batch_tot_hspf/sql/M_CHARGE_BATCH_TOT_HSPF.jsp
anyObject cannot be resolved to a variable
214: 
215:  				anyArray.add(anySubObject);
216:  				anyObject.put("data", anyArray);
217:  				String parameter = anyObject + "";
218: 
219:  				OutputStreamWriter wr = new OutputStreamWriter(con.getOutputStream());
220:  				wr.write(parameter);


Stacktrace:] with root cause
 org.apache.jasper.JasperException: Unable to compile class for JSP: 

An error occurred at line: 215 in the jsp file: /HSPF01/TOT/ch/m_charge_batch_tot_hspf/sql/M_CHARGE_BATCH_TOT_HSPF.jsp
anyArray cannot be resolved
212:  				anySubObject.put("V_DB_ID", "sa");
213:  				anySubObject.put("V_DB_PW", "hsnadmin");
214: 
215:  				anyArray.add(anySubObject);
216:  				anyObject.put("data", anyArray);
217:  				String parameter = anyObject + "";
218: 


An error occurred at line: 216 in the jsp file: /HSPF01/TOT/ch/m_charge_batch_tot_hspf/sql/M_CHARGE_BATCH_TOT_HSPF.jsp
anyObject cannot be resolved
213:  				anySubObject.put("V_DB_PW", "hsnadmin");
214: 
215:  				anyArray.add(anySubObject);
216:  				anyObject.put("data", anyArray);
217:  				String parameter = anyObject + "";
218: 
219:  				OutputStreamWriter wr = new OutputStreamWriter(con.getOutputStream());


An error occurred at line: 216 in the jsp file: /HSPF01/TOT/ch/m_charge_batch_tot_hspf/sql/M_CHARGE_BATCH_TOT_HSPF.jsp
anyArray cannot be resolved to a variable
213:  				anySubObject.put("V_DB_PW", "hsnadmin");
214: 
215:  				anyArray.add(anySubObject);
216:  				anyObject.put("data", anyArray);
217:  				String parameter = anyObject + "";
218: 
219:  				OutputStreamWriter wr = new OutputStreamWriter(con.getOutputStream());


An error occurred at line: 217 in the jsp file: /HSPF01/TOT/ch/m_charge_batch_tot_hspf/sql/M_CHARGE_BATCH_TOT_HSPF.jsp
anyObject cannot be resolved to a variable
214: 
215:  				anyArray.add(anySubObject);
216:  				anyObject.put("data", anyArray);
217:  				String parameter = anyObject + "";
218: 
219:  				OutputStreamWriter wr = new OutputStreamWriter(con.getOutputStream());
220:  				wr.write(parameter);


Stacktrace:
	at org.apache.jasper.compiler.DefaultErrorHandler.javacError(DefaultErrorHandler.java:102)
	at org.apache.jasper.compiler.ErrorDispatcher.javacError(ErrorDispatcher.java:198)
	at org.apache.jasper.compiler.JDTCompiler.generateClass(JDTCompiler.java:495)
	at org.apache.jasper.compiler.Compiler.compile(Compiler.java:363)
	at org.apache.jasper.compiler.Compiler.compile(Compiler.java:338)
	at org.apache.jasper.compiler.Compiler.compile(Compiler.java:325)
	at org.apache.jasper.JspCompilationContext.compile(JspCompilationContext.java:580)
	at org.apache.jasper.servlet.JspServletWrapper.service(JspServletWrapper.java:363)
	at org.apache.jasper.servlet.JspServlet.serviceJspFile(JspServlet.java:396)
	at org.apache.jasper.servlet.JspServlet.service(JspServlet.java:340)
	at javax.servlet.http.HttpServlet.service(HttpServlet.java:729)
	at org.apache.catalina.core.ApplicationFilterChain.internalDoFilter(ApplicationFilterChain.java:292)
	at org.apache.catalina.core.ApplicationFilterChain.doFilter(ApplicationFilterChain.java:207)
	at org.apache.tomcat.websocket.server.WsFilter.doFilter(WsFilter.java:52)
	at org.apache.catalina.core.ApplicationFilterChain.internalDoFilter(ApplicationFilterChain.java:240)
	at org.apache.catalina.core.ApplicationFilterChain.doFilter(ApplicationFilterChain.java:207)
	at org.apache.catalina.filters.CorsFilter.handleNonCORS(CorsFilter.java:458)
	at org.apache.catalina.filters.CorsFilter.doFilter(CorsFilter.java:177)
	at org.apache.catalina.core.ApplicationFilterChain.internalDoFilter(ApplicationFilterChain.java:240)
	at org.apache.catalina.core.ApplicationFilterChain.doFilter(ApplicationFilterChain.java:207)
	at org.apache.catalina.core.StandardWrapperValve.invoke(StandardWrapperValve.java:212)
	at org.apache.catalina.core.StandardContextValve.invoke(StandardContextValve.java:94)
	at org.apache.catalina.authenticator.AuthenticatorBase.invoke(AuthenticatorBase.java:496)
	at org.apache.catalina.core.StandardHostValve.invoke(StandardHostValve.java:141)
	at org.apache.catalina.valves.ErrorReportValve.invoke(ErrorReportValve.java:79)
	at org.apache.catalina.valves.AbstractAccessLogValve.invoke(AbstractAccessLogValve.java:620)
	at org.apache.catalina.core.StandardEngineValve.invoke(StandardEngineValve.java:88)
	at org.apache.catalina.connector.CoyoteAdapter.service(CoyoteAdapter.java:502)
	at org.apache.coyote.http11.AbstractHttp11Processor.process(AbstractHttp11Processor.java:1156)
	at org.apache.coyote.AbstractProtocol$AbstractConnectionHandler.process(AbstractProtocol.java:684)
	at org.apache.tomcat.util.net.NioEndpoint$SocketProcessor.doRun(NioEndpoint.java:1539)
	at org.apache.tomcat.util.net.NioEndpoint$SocketProcessor.run(NioEndpoint.java:1495)
	at java.util.concurrent.ThreadPoolExecutor.runWorker(ThreadPoolExecutor.java:1149)
	at java.util.concurrent.ThreadPoolExecutor$Worker.run(ThreadPoolExecutor.java:624)
	at org.apache.tomcat.util.threads.TaskThread$WrappingRunnable.run(TaskThread.java:61)
	at java.lang.Thread.run(Thread.java:748)

08-Oct-2020 16:30:32.462 심각 [http-nio-80-exec-19] org.apache.catalina.core.StandardWrapperValve.invoke Servlet.service() for servlet [jsp] in context with path [] threw exception [java.lang.ClassNotFoundException: org.apache.jsp.HSPF01.TOT.ch.m_005fcharge_005fbatch_005ftot_005fhspf.sql.M_005fCHARGE_005fBATCH_005fTOT_005fHSPF_jsp] with root cause
 java.lang.ClassNotFoundException: org.apache.jsp.HSPF01.TOT.ch.m_005fcharge_005fbatch_005ftot_005fhspf.sql.M_005fCHARGE_005fBATCH_005fTOT_005fHSPF_jsp
	at java.net.URLClassLoader.findClass(URLClassLoader.java:381)
	at org.apache.jasper.servlet.JasperLoader.loadClass(JasperLoader.java:131)
	at org.apache.jasper.servlet.JasperLoader.loadClass(JasperLoader.java:62)
	at org.apache.catalina.core.DefaultInstanceManager.newInstance(DefaultInstanceManager.java:159)
	at org.apache.jasper.servlet.JspServletWrapper.getServlet(JspServletWrapper.java:171)
	at org.apache.jasper.servlet.JspServletWrapper.service(JspServletWrapper.java:375)
	at org.apache.jasper.servlet.JspServlet.serviceJspFile(JspServlet.java:396)
	at org.apache.jasper.servlet.JspServlet.service(JspServlet.java:340)
	at javax.servlet.http.HttpServlet.service(HttpServlet.java:729)
	at org.apache.catalina.core.ApplicationFilterChain.internalDoFilter(ApplicationFilterChain.java:292)
	at org.apache.catalina.core.ApplicationFilterChain.doFilter(ApplicationFilterChain.java:207)
	at org.apache.tomcat.websocket.server.WsFilter.doFilter(WsFilter.java:52)
	at org.apache.catalina.core.ApplicationFilterChain.internalDoFilter(ApplicationFilterChain.java:240)
	at org.apache.catalina.core.ApplicationFilterChain.doFilter(ApplicationFilterChain.java:207)
	at org.apache.catalina.filters.CorsFilter.handleNonCORS(CorsFilter.java:458)
	at org.apache.catalina.filters.CorsFilter.doFilter(CorsFilter.java:177)
	at org.apache.catalina.core.ApplicationFilterChain.internalDoFilter(ApplicationFilterChain.java:240)
	at org.apache.catalina.core.ApplicationFilterChain.doFilter(ApplicationFilterChain.java:207)
	at org.apache.catalina.core.StandardWrapperValve.invoke(StandardWrapperValve.java:212)
	at org.apache.catalina.core.StandardContextValve.invoke(StandardContextValve.java:94)
	at org.apache.catalina.authenticator.AuthenticatorBase.invoke(AuthenticatorBase.java:496)
	at org.apache.catalina.core.StandardHostValve.invoke(StandardHostValve.java:141)
	at org.apache.catalina.valves.ErrorReportValve.invoke(ErrorReportValve.java:79)
	at org.apache.catalina.valves.AbstractAccessLogValve.invoke(AbstractAccessLogValve.java:620)
	at org.apache.catalina.core.StandardEngineValve.invoke(StandardEngineValve.java:88)
	at org.apache.catalina.connector.CoyoteAdapter.service(CoyoteAdapter.java:502)
	at org.apache.coyote.http11.AbstractHttp11Processor.process(AbstractHttp11Processor.java:1156)
	at org.apache.coyote.AbstractProtocol$AbstractConnectionHandler.process(AbstractProtocol.java:684)
	at org.apache.tomcat.util.net.NioEndpoint$SocketProcessor.doRun(NioEndpoint.java:1539)
	at org.apache.tomcat.util.net.NioEndpoint$SocketProcessor.run(NioEndpoint.java:1495)
	at java.util.concurrent.ThreadPoolExecutor.runWorker(ThreadPoolExecutor.java:1149)
	at java.util.concurrent.ThreadPoolExecutor$Worker.run(ThreadPoolExecutor.java:624)
	at org.apache.tomcat.util.threads.TaskThread$WrappingRunnable.run(TaskThread.java:61)
	at java.lang.Thread.run(Thread.java:748)

08-Oct-2020 16:31:10.988 심각 [http-nio-80-exec-21] org.apache.catalina.core.StandardWrapperValve.invoke Servlet.service() for servlet [jsp] in context with path [] threw exception [Unable to compile class for JSP: 

An error occurred at line: 215 in the jsp file: /HSPF01/TOT/ch/m_charge_batch_tot_hspf/sql/M_CHARGE_BATCH_TOT_HSPF.jsp
anyArray cannot be resolved
212:  				anySubObject.put("V_DB_ID", "sa");
213:  				anySubObject.put("V_DB_PW", "hsnadmin");
214: 
215:  				anyArray.add(anySubObject);
216:  				anyObject.put("data", anyArray);
217:  				String parameter = anyObject + "";
218: 


An error occurred at line: 216 in the jsp file: /HSPF01/TOT/ch/m_charge_batch_tot_hspf/sql/M_CHARGE_BATCH_TOT_HSPF.jsp
anyObject cannot be resolved
213:  				anySubObject.put("V_DB_PW", "hsnadmin");
214: 
215:  				anyArray.add(anySubObject);
216:  				anyObject.put("data", anyArray);
217:  				String parameter = anyObject + "";
218: 
219:  				OutputStreamWriter wr = new OutputStreamWriter(con.getOutputStream());


An error occurred at line: 216 in the jsp file: /HSPF01/TOT/ch/m_charge_batch_tot_hspf/sql/M_CHARGE_BATCH_TOT_HSPF.jsp
anyArray cannot be resolved to a variable
213:  				anySubObject.put("V_DB_PW", "hsnadmin");
214: 
215:  				anyArray.add(anySubObject);
216:  				anyObject.put("data", anyArray);
217:  				String parameter = anyObject + "";
218: 
219:  				OutputStreamWriter wr = new OutputStreamWriter(con.getOutputStream());


An error occurred at line: 217 in the jsp file: /HSPF01/TOT/ch/m_charge_batch_tot_hspf/sql/M_CHARGE_BATCH_TOT_HSPF.jsp
anyObject cannot be resolved to a variable
214: 
215:  				anyArray.add(anySubObject);
216:  				anyObject.put("data", anyArray);
217:  				String parameter = anyObject + "";
218: 
219:  				OutputStreamWriter wr = new OutputStreamWriter(con.getOutputStream());
220:  				wr.write(parameter);


Stacktrace:] with root cause
 org.apache.jasper.JasperException: Unable to compile class for JSP: 

An error occurred at line: 215 in the jsp file: /HSPF01/TOT/ch/m_charge_batch_tot_hspf/sql/M_CHARGE_BATCH_TOT_HSPF.jsp
anyArray cannot be resolved
212:  				anySubObject.put("V_DB_ID", "sa");
213:  				anySubObject.put("V_DB_PW", "hsnadmin");
214: 
215:  				anyArray.add(anySubObject);
216:  				anyObject.put("data", anyArray);
217:  				String parameter = anyObject + "";
218: 


An error occurred at line: 216 in the jsp file: /HSPF01/TOT/ch/m_charge_batch_tot_hspf/sql/M_CHARGE_BATCH_TOT_HSPF.jsp
anyObject cannot be resolved
213:  				anySubObject.put("V_DB_PW", "hsnadmin");
214: 
215:  				anyArray.add(anySubObject);
216:  				anyObject.put("data", anyArray);
217:  				String parameter = anyObject + "";
218: 
219:  				OutputStreamWriter wr = new OutputStreamWriter(con.getOutputStream());


An error occurred at line: 216 in the jsp file: /HSPF01/TOT/ch/m_charge_batch_tot_hspf/sql/M_CHARGE_BATCH_TOT_HSPF.jsp
anyArray cannot be resolved to a variable
213:  				anySubObject.put("V_DB_PW", "hsnadmin");
214: 
215:  				anyArray.add(anySubObject);
216:  				anyObject.put("data", anyArray);
217:  				String parameter = anyObject + "";
218: 
219:  				OutputStreamWriter wr = new OutputStreamWriter(con.getOutputStream());


An error occurred at line: 217 in the jsp file: /HSPF01/TOT/ch/m_charge_batch_tot_hspf/sql/M_CHARGE_BATCH_TOT_HSPF.jsp
anyObject cannot be resolved to a variable
214: 
215:  				anyArray.add(anySubObject);
216:  				anyObject.put("data", anyArray);
217:  				String parameter = anyObject + "";
218: 
219:  				OutputStreamWriter wr = new OutputStreamWriter(con.getOutputStream());
220:  				wr.write(parameter);


Stacktrace:
	at org.apache.jasper.compiler.DefaultErrorHandler.javacError(DefaultErrorHandler.java:102)
	at org.apache.jasper.compiler.ErrorDispatcher.javacError(ErrorDispatcher.java:198)
	at org.apache.jasper.compiler.JDTCompiler.generateClass(JDTCompiler.java:495)
	at org.apache.jasper.compiler.Compiler.compile(Compiler.java:363)
	at org.apache.jasper.compiler.Compiler.compile(Compiler.java:338)
	at org.apache.jasper.compiler.Compiler.compile(Compiler.java:325)
	at org.apache.jasper.JspCompilationContext.compile(JspCompilationContext.java:580)
	at org.apache.jasper.servlet.JspServletWrapper.service(JspServletWrapper.java:363)
	at org.apache.jasper.servlet.JspServlet.serviceJspFile(JspServlet.java:396)
	at org.apache.jasper.servlet.JspServlet.service(JspServlet.java:340)
	at javax.servlet.http.HttpServlet.service(HttpServlet.java:729)
	at org.apache.catalina.core.ApplicationFilterChain.internalDoFilter(ApplicationFilterChain.java:292)
	at org.apache.catalina.core.ApplicationFilterChain.doFilter(ApplicationFilterChain.java:207)
	at org.apache.tomcat.websocket.server.WsFilter.doFilter(WsFilter.java:52)
	at org.apache.catalina.core.ApplicationFilterChain.internalDoFilter(ApplicationFilterChain.java:240)
	at org.apache.catalina.core.ApplicationFilterChain.doFilter(ApplicationFilterChain.java:207)
	at org.apache.catalina.filters.CorsFilter.handleNonCORS(CorsFilter.java:458)
	at org.apache.catalina.filters.CorsFilter.doFilter(CorsFilter.java:177)
	at org.apache.catalina.core.ApplicationFilterChain.internalDoFilter(ApplicationFilterChain.java:240)
	at org.apache.catalina.core.ApplicationFilterChain.doFilter(ApplicationFilterChain.java:207)
	at org.apache.catalina.core.StandardWrapperValve.invoke(StandardWrapperValve.java:212)
	at org.apache.catalina.core.StandardContextValve.invoke(StandardContextValve.java:94)
	at org.apache.catalina.authenticator.AuthenticatorBase.invoke(AuthenticatorBase.java:496)
	at org.apache.catalina.core.StandardHostValve.invoke(StandardHostValve.java:141)
	at org.apache.catalina.valves.ErrorReportValve.invoke(ErrorReportValve.java:79)
	at org.apache.catalina.valves.AbstractAccessLogValve.invoke(AbstractAccessLogValve.java:620)
	at org.apache.catalina.core.StandardEngineValve.invoke(StandardEngineValve.java:88)
	at org.apache.catalina.connector.CoyoteAdapter.service(CoyoteAdapter.java:502)
	at org.apache.coyote.http11.AbstractHttp11Processor.process(AbstractHttp11Processor.java:1156)
	at org.apache.coyote.AbstractProtocol$AbstractConnectionHandler.process(AbstractProtocol.java:684)
	at org.apache.tomcat.util.net.NioEndpoint$SocketProcessor.doRun(NioEndpoint.java:1539)
	at org.apache.tomcat.util.net.NioEndpoint$SocketProcessor.run(NioEndpoint.java:1495)
	at java.util.concurrent.ThreadPoolExecutor.runWorker(ThreadPoolExecutor.java:1149)
	at java.util.concurrent.ThreadPoolExecutor$Worker.run(ThreadPoolExecutor.java:624)
	at org.apache.tomcat.util.threads.TaskThread$WrappingRunnable.run(TaskThread.java:61)
	at java.lang.Thread.run(Thread.java:748)

